#
# A fatal error has been detected by the Java Runtime Environment:
#
#  SIGSEGV (0xb) at pc=0x000000010e4a5cd3, pid=19702, tid=32771
#
# JRE version: Java(TM) SE Runtime Environment (17.0.8+9) (build 17.0.8+9-LTS-211)
# Java VM: Java HotSpot(TM) 64-Bit Server VM (17.0.8+9-LTS-211, mixed mode, emulated-client, sharing, tiered, compressed oops, compressed class ptrs, g1 gc, bsd-amd64)
# Problematic frame:
# V  [libjvm.dylib+0x449cd3]  void G1ParScanThreadState::do_oop_evac<narrowOop>(narrowOop*)+0x53
#
# No core dump will be written. Core dumps have been disabled. To enable core dumping, try "ulimit -c unlimited" before starting Java again
#
# If you would like to submit a bug report, please visit:
#   https://bugreport.java.com/bugreport/crash.jsp
#

---------------  S U M M A R Y ------------

Command Line: -Dcom.sun.management.jmxremote -Dcom.sun.management.jmxremote.port=55364 -Dcom.sun.management.jmxremote.authenticate=false -Dcom.sun.management.jmxremote.ssl=false -Djava.rmi.server.hostname=localhost -Dspring.jmx.enabled=true -Dmanagement.endpoints.jmx.exposure.include=* -Dspring.application.admin.enabled=true -Djava.security.egd=file:/dev/./urandom -XX:TieredStopAtLevel=1 -Dspring.boot.project.name=account-service -Dfile.encoding=UTF-8 -Dstdout.encoding=UTF-8 -Dstderr.encoding=UTF-8 -XX:+ShowCodeDetailsInExceptionMessages com.ardakkan.demo.AccountServiceApplication --spring.output.ansi.enabled=always

Host: "MacBookPro16,1" x86_64 2600 MHz, 12 cores, 16G, Darwin 23.6.0, macOS 14.6.1 (23G93)
Time: Thu Sep 19 11:20:25 2024 +03 elapsed time: 0.511764 seconds (0d 0h 0m 0s)

---------------  T H R E A D  ---------------

Current thread (0x00007fe8d18140e0):  GCTaskThread "GC Thread#3" [stack: 0x0000700009595000,0x0000700009695000] [id=32771]

Stack: [0x0000700009595000,0x0000700009695000],  sp=0x0000700009694b30,  free space=1022k
Native frames: (J=compiled Java code, j=interpreted, Vv=VM code, C=native code)
V  [libjvm.dylib+0x449cd3]  void G1ParScanThreadState::do_oop_evac<narrowOop>(narrowOop*)+0x53
V  [libjvm.dylib+0x447fbe]  G1ParScanThreadState::trim_queue_to_threshold(unsigned int)+0x19e
V  [libjvm.dylib+0x462bed]  void G1ParCopyClosure<(G1Barrier)1, false>::do_oop_work<oopDesc*>(oopDesc**)+0x26d
V  [libjvm.dylib+0x2e4b4a]  ClassLoaderData::oops_do(OopClosure*, int, bool)+0xda
V  [libjvm.dylib+0x44652f]  G1CLDScanClosure::do_cld(ClassLoaderData*)+0x3f
V  [libjvm.dylib+0x2e72b2]  ClassLoaderDataGraph::roots_cld_do(CLDClosure*, CLDClosure*)+0x42
V  [libjvm.dylib+0x464aa1]  G1RootProcessor::process_java_roots(G1RootClosures*, G1GCPhaseTimes*, unsigned int)+0xc1
V  [libjvm.dylib+0x46495c]  G1RootProcessor::evacuate_roots(G1ParScanThreadState*, unsigned int)+0x5c
V  [libjvm.dylib+0x41050f]  G1EvacuateRegionsTask::scan_roots(G1ParScanThreadState*, unsigned int)+0x1f
V  [libjvm.dylib+0x4103f5]  G1EvacuateRegionsBaseTask::work(unsigned int)+0x75
V  [libjvm.dylib+0xab2cfc]  GangWorker::loop()+0x5c
V  [libjvm.dylib+0xab2c86]  GangWorker::run()+0x16
V  [libjvm.dylib+0x9fb46a]  Thread::call_run()+0x11a
V  [libjvm.dylib+0x88b5e8]  thread_native_entry(Thread*)+0x148
C  [libsystem_pthread.dylib+0x618b]  _pthread_start+0x63
C  [libsystem_pthread.dylib+0x1ae3]  thread_start+0xf


siginfo: si_signo: 11 (SIGSEGV), si_code: 1 (SEGV_MAPERR), si_addr: 0x000000050efcbf50

Register to memory mapping:

RAX=0x0 is NULL
RBX=0x0000000000000003 is an unknown value
RCX=0x0000000000000015 is an unknown value
RDX=0x000000050efcbf50 is an unknown value
RSP=0x0000700009694b30 points into unknown readable memory: 0x00007fe8d1918d60 | 60 8d 91 d1 e8 7f 00 00
RBP=0x0000700009694b50 points into unknown readable memory: 0x0000700009694b90 | 90 4b 69 09 00 70 00 00
RSI=0x0 is NULL
RDI=0x0 is NULL
R8 =0x0 is NULL
R9 =0x000000070efcbf38 is an oop: java.lang.String 
{0x000000070efcbf38} - klass: 'java/lang/String'

[error occurred during error reporting (printing register info), id 0xb, SIGSEGV (0xb) at pc=0x000000010e548dd0]

Registers:
RAX=0x0000000000000000, RBX=0x0000000000000003, RCX=0x0000000000000015, RDX=0x000000050efcbf50
RSP=0x0000700009694b30, RBP=0x0000700009694b50, RSI=0x0000000000000000, RDI=0x0000000000000000
R8 =0x0000000000000000, R9 =0x000000070efcbf38, R10=0x0000000000000003, R11=0x00007fe8d1918ee0
R12=0x000000010ecb9ca0, R13=0x00000007000d426c, R14=0x00007fe8d1918d60, R15=0x00000007000d426c
RIP=0x000000010e4a5cd3, EFLAGS=0x0000000000010246, ERR=0x0000000000000004
  TRAPNO=0x000000000000000e

Top of Stack: (sp=0x0000700009694b30)
0x0000700009694b30:   00007fe8d1918d60 00007fe8d1918d60
0x0000700009694b40:   0000000000000040 ffffffff00000000
0x0000700009694b50:   0000700009694b90 000000010e4a3fbe
0x0000700009694b60:   00007fe8d1918d78 00007fe8d1918d60
0x0000700009694b70:   0000000000000002 0000000000000001
0x0000700009694b80:   000000001e657990 000000004ddb6418
0x0000700009694b90:   0000700009694bd0 000000010e4bebed
0x0000700009694ba0:   000000010ec993b0 00007fe8d18115e0
0x0000700009694bb0:   0000000000000002 0000000000000001
0x0000700009694bc0:   00007fe8d18114f0 00006000007dcd38
0x0000700009694bd0:   0000700009694c00 000000010e340b4a
0x0000700009694be0:   0000600000adc000 00007fe8d1813780
0x0000700009694bf0:   00006000007dcd98 0000000000000000
0x0000700009694c00:   0000700009694c30 000000010e4a252f
0x0000700009694c10:   0000600000adc000 00007fe8d1813780
0x0000700009694c20:   00006000007dcd98 00006000007dcd98
0x0000700009694c30:   0000700009694c60 000000010e3432b2
0x0000700009694c40:   00006000007dcd98 00006000007dcd00
0x0000700009694c50:   00006000007dcd98 00006000007dcd08
0x0000700009694c60:   0000700009694d00 000000010e4c0aa1
0x0000700009694c70:   000000010ec98730 000000001e4a4a41
0x0000700009694c80:   000000004d94ed90 0000000100000003
0x0000700009694c90:   00007fe8d1813780 0000000000000001
0x0000700009694ca0:   0000000000000000 0000000000000000
0x0000700009694cb0:   0000700000000000 000000010ea6b346
0x0000700009694cc0:   000000010ec98750 0000700009694d01
0x0000700009694cd0:   0000000109694d00 00007fe8d1813780
0x0000700009694ce0:   0000000000000001 00007fe8d1918d60
0x0000700009694cf0:   00006000007dcd00 0000700008255250
0x0000700009694d00:   0000700009694e40 000000010e4c095c
0x0000700009694d10:   000000010ec98750 000000001e475dd0
0x0000700009694d20:   000000004d8d59d4 0000000000000001 

Instructions: (pc=0x000000010e4a5cd3)
0x000000010e4a5bd3:   c7 80 08 02 00 00 00 00 00 00 48 c7 80 10 02 00
0x000000010e4a5be3:   00 00 00 00 00 49 89 c4 48 8b 4d d0 eb 10 48 8b
0x000000010e4a5bf3:   4d d0 31 c0 4c 89 a0 08 02 00 00 49 89 c4 48 8d
0x000000010e4a5c03:   44 d9 20 4c 89 20 48 81 04 d9 18 02 00 00 49 8b
0x000000010e4a5c13:   84 24 00 02 00 00 4c 89 28 49 83 84 24 00 02 00
0x000000010e4a5c23:   00 08 41 83 7e 20 01 74 38 45 84 ff 74 33 49 8b
0x000000010e4a5c33:   5e 18 49 c1 ed 09 48 8b 43 60 4c 03 68 40 48 8b
0x000000010e4a5c43:   70 38 49 29 f5 4c 39 ab b0 01 00 00 74 13 48 8d
0x000000010e4a5c53:   7b 18 4c 01 ee e8 13 74 00 00 4c 89 ab b0 01 00
0x000000010e4a5c63:   00 48 83 c4 08 5b 41 5c 41 5d 41 5e 41 5f 5d c3
0x000000010e4a5c73:   66 2e 0f 1f 84 00 00 00 00 00 0f 1f 00 55 48 89
0x000000010e4a5c83:   e5 41 57 41 56 41 54 53 49 89 f7 8b 16 4c 8d 25
0x000000010e4a5c93:   09 40 81 00 41 8b 5c 24 08 89 d9 48 d3 e2 49 89
0x000000010e4a5ca3:   fe 49 8b 3c 24 48 01 fa 49 8b 46 08 8a 88 90 05
0x000000010e4a5cb3:   00 00 48 89 d6 48 d3 ee 48 8b 80 80 05 00 00 0f
0x000000010e4a5cc3:   b7 34 70 89 f0 c1 e8 08 84 c0 0f 88 ce 00 00 00
0x000000010e4a5cd3:   48 8b 0a 89 c8 83 e0 03 83 f8 03 75 22 48 8d 15
0x000000010e4a5ce3:   ca c7 84 00 89 ce 83 e6 07 48 83 e1 fc 31 c0 80
0x000000010e4a5cf3:   3a 00 48 0f 44 c1 83 fe 05 48 0f 45 c1 eb 11 4c
0x000000010e4a5d03:   89 f7 e8 36 ef ff ff 49 8b 3c 24 41 8b 5c 24 08
0x000000010e4a5d13:   48 89 c2 48 29 fa 89 d9 48 d3 ea 41 89 17 48 89
0x000000010e4a5d23:   c2 4c 31 fa 48 8d 0d 32 cb 84 00 8a 09 48 d3 ea
0x000000010e4a5d33:   48 85 d2 74 69 49 8b 56 08 8a 8a c0 01 00 00 4c
0x000000010e4a5d43:   89 fe 48 d3 ee 48 8b 8a b0 01 00 00 48 8b 0c f1
0x000000010e4a5d53:   f7 41 74 02 00 00 00 75 45 8a 8a 90 05 00 00 48
0x000000010e4a5d63:   d3 e8 48 8b 8a 80 05 00 00 80 3c 41 00 74 2f 49
0x000000010e4a5d73:   c1 ef 09 49 8b 46 60 4c 03 78 40 48 8b 70 38 49
0x000000010e4a5d83:   29 f7 4d 39 be b0 01 00 00 74 13 49 8d 7e 18 4c
0x000000010e4a5d93:   01 fe e8 d6 72 00 00 4d 89 be b0 01 00 00 5b 41
0x000000010e4a5da3:   5c 41 5e 41 5f 5d c3 66 0f 1f 44 00 00 55 48 89
0x000000010e4a5db3:   e5 41 57 41 56 41 55 41 54 53 48 83 ec 18 49 89
0x000000010e4a5dc3:   f7 48 89 fb 48 8b 06 48 8d 0d e0 c6 84 00 89 c2 


Stack slot to memory mapping:
stack at sp + 0 slots: 0x00007fe8d1918d60 points into unknown readable memory: 0x000000010ec98e10 | 10 8e c9 0e 01 00 00 00
stack at sp + 1 slots: 0x00007fe8d1918d60 points into unknown readable memory: 0x000000010ec98e10 | 10 8e c9 0e 01 00 00 00
stack at sp + 2 slots: 0x0000000000000040 is an unknown value
stack at sp + 3 slots: 0xffffffff00000000 is an unknown value
stack at sp + 4 slots: 0x0000700009694b90 points into unknown readable memory: 0x0000700009694bd0 | d0 4b 69 09 00 70 00 00
stack at sp + 5 slots: 0x000000010e4a3fbe: _ZN20G1ParScanThreadState23trim_queue_to_thresholdEj+0x19e in /Library/Java/JavaVirtualMachines/jdk-17.jdk/Contents/Home/lib/server/libjvm.dylib at 0x000000010e05c000
stack at sp + 6 slots: 0x00007fe8d1918d78 points into unknown readable memory: 0x000000010ec98fd8 | d8 8f c9 0e 01 00 00 00
stack at sp + 7 slots: 0x00007fe8d1918d60 points into unknown readable memory: 0x000000010ec98e10 | 10 8e c9 0e 01 00 00 00


---------------  P R O C E S S  ---------------

Threads class SMR info:
_java_thread_list=0x0000600003b9da60, length=16, elements={
0x00007fe8d3008e00, 0x00007fe8d200d200, 0x00007fe8d2012200, 0x00007fe8d302b600,
0x00007fe8d08d0e00, 0x00007fe8d08d1400, 0x00007fe8d08d1a00, 0x00007fe8d2821000,
0x00007fe8d302d000, 0x00007fe8d2012800, 0x00007fe8d20f2200, 0x00007fe8d2823200,
0x00007fe8d0a08200, 0x00007fe8d2020200, 0x00007fe8d1015c00, 0x00007fe8d5092200
}

Java Threads: ( => current thread )
  0x00007fe8d3008e00 JavaThread "main" [_thread_blocked, id=10499, stack(0x0000700007b44000,0x0000700007c44000)]
  0x00007fe8d200d200 JavaThread "Reference Handler" daemon [_thread_blocked, id=18179, stack(0x0000700008259000,0x0000700008359000)]
  0x00007fe8d2012200 JavaThread "Finalizer" daemon [_thread_blocked, id=18691, stack(0x000070000835c000,0x000070000845c000)]
  0x00007fe8d302b600 JavaThread "Signal Dispatcher" daemon [_thread_blocked, id=31491, stack(0x0000700008565000,0x0000700008665000)]
  0x00007fe8d08d0e00 JavaThread "Service Thread" daemon [_thread_blocked, id=23811, stack(0x0000700008668000,0x0000700008768000)]
  0x00007fe8d08d1400 JavaThread "Monitor Deflation Thread" daemon [_thread_blocked, id=31235, stack(0x000070000876b000,0x000070000886b000)]
  0x00007fe8d08d1a00 JavaThread "C1 CompilerThread0" daemon [_thread_blocked, id=30723, stack(0x000070000886e000,0x000070000896e000)]
  0x00007fe8d2821000 JavaThread "Sweeper thread" daemon [_thread_blocked, id=30211, stack(0x0000700008971000,0x0000700008a71000)]
  0x00007fe8d302d000 JavaThread "Common-Cleaner" daemon [_thread_blocked, id=29699, stack(0x0000700008a74000,0x0000700008b74000)]
  0x00007fe8d2012800 JavaThread "Notification Thread" daemon [_thread_blocked, id=29443, stack(0x0000700008b77000,0x0000700008c77000)]
  0x00007fe8d20f2200 JavaThread "RMI TCP Accept-0" daemon [_thread_in_native, id=24835, stack(0x0000700008c7a000,0x0000700008d7a000)]
  0x00007fe8d2823200 JavaThread "RMI TCP Accept-55364" daemon [_thread_in_native, id=28931, stack(0x0000700008d7d000,0x0000700008e7d000)]
  0x00007fe8d0a08200 JavaThread "RMI TCP Accept-0" daemon [_thread_in_native, id=25091, stack(0x0000700008e80000,0x0000700008f80000)]
  0x00007fe8d2020200 JavaThread "RMI TCP Connection(1)-127.0.0.1" daemon [_thread_in_native, id=27907, stack(0x0000700009086000,0x0000700009186000)]
  0x00007fe8d1015c00 JavaThread "RMI Scheduler(0)" daemon [_thread_blocked, id=27395, stack(0x0000700009189000,0x0000700009289000)]
  0x00007fe8d5092200 JavaThread "RMI TCP Connection(2)-127.0.0.1" daemon [_thread_blocked, id=25603, stack(0x000070000928c000,0x000070000938c000)]

Other Threads:
  0x00007fe8d0706290 VMThread "VM Thread" [stack: 0x0000700008156000,0x0000700008256000] [id=19459]
  0x00007fe8d1810400 WatcherThread [stack: 0x0000700008f83000,0x0000700009083000] [id=28163]
  0x00007fe8d1c076c0 GCTaskThread "GC Thread#0" [stack: 0x0000700007c47000,0x0000700007d47000] [id=13571]
  0x00007fe8d18132f0 GCTaskThread "GC Thread#1" [stack: 0x000070000938f000,0x000070000948f000] [id=26115]
  0x00007fe8d1c10870 GCTaskThread "GC Thread#2" [stack: 0x0000700009492000,0x0000700009592000] [id=26627]
=>0x00007fe8d18140e0 GCTaskThread "GC Thread#3" [stack: 0x0000700009595000,0x0000700009695000] [id=32771]
  0x00007fe8d1814940 GCTaskThread "GC Thread#4" [stack: 0x0000700009698000,0x0000700009798000] [id=43011]
  0x00007fe8d070d070 GCTaskThread "GC Thread#5" [stack: 0x000070000979b000,0x000070000989b000] [id=33283]
  0x00007fe8d1804600 ConcurrentGCThread "G1 Main Marker" [stack: 0x0000700007d4a000,0x0000700007e4a000] [id=12035]
  0x00007fe8d1804e80 ConcurrentGCThread "G1 Conc#0" [stack: 0x0000700007e4d000,0x0000700007f4d000] [id=12547]
  0x00007fe8d1807ee0 ConcurrentGCThread "G1 Refine#0" [stack: 0x0000700007f50000,0x0000700008050000] [id=16643]
  0x00007fe8d1808770 ConcurrentGCThread "G1 Service" [stack: 0x0000700008053000,0x0000700008153000] [id=20995]

Threads with active compile tasks:
C1 CompilerThread0      521 1080       1       java.lang.invoke.LambdaForm::normalize (322 bytes)

VM state: at safepoint (normal execution)

VM Mutex/Monitor currently owned by a thread:  ([mutex/lock_event])
[0x00006000015dd700] Threads_lock - owner thread: 0x00007fe8d0706290
[0x00006000015ddc80] Heap_lock - owner thread: 0x00007fe8d5092200

Heap address: 0x0000000700000000, size: 4096 MB, Compressed Oops mode: Zero based, Oop shift amount: 3

CDS archive(s) mapped at: [0x0000000125000000-0x0000000125be4000-0x0000000125be4000), size 12468224, SharedBaseAddress: 0x0000000125000000, ArchiveRelocationMode: 1.
Compressed class space mapped at: 0x0000000126000000-0x0000000166000000, reserved size: 1073741824
Narrow klass base: 0x0000000125000000, Narrow klass shift: 0, Narrow klass range: 0x100000000

GC Precious Log:
 CPUs: 12 total, 12 available
 Memory: 16384M
 Large Page Support: Disabled
 NUMA Support: Disabled
 Compressed Oops: Enabled (Zero based)
 Heap Region Size: 2M
 Heap Min Capacity: 8M
 Heap Initial Capacity: 256M
 Heap Max Capacity: 4G
 Pre-touch: Disabled
 Parallel Workers: 10
 Concurrent Workers: 3
 Concurrent Refinement Workers: 10
 Periodic GC: Disabled

Heap:
 garbage-first heap   total 266240K, used 24536K [0x0000000700000000, 0x0000000800000000)
  region size 2048K, 13 young (26624K), 2 survivors (4096K)
 Metaspace       used 6506K, committed 6656K, reserved 1114112K
  class space    used 825K, committed 896K, reserved 1048576K

Heap Regions: E=young(eden), S=young(survivor), O=old, HS=humongous(starts), HC=humongous(continues), CS=collection set, F=free, OA=open archive, CA=closed archive, TAMS=top-at-mark-start (previous, next)
|   0|0x0000000700000000, 0x0000000700200000, 0x0000000700200000|100%| O|  |TAMS 0x0000000700000000, 0x0000000700000000| Untracked 
|   1|0x0000000700200000, 0x0000000700400000, 0x0000000700400000|100%| O|  |TAMS 0x0000000700200000, 0x0000000700200000| Untracked 
|   2|0x0000000700400000, 0x000000070050edb0, 0x0000000700600000| 52%| O|  |TAMS 0x0000000700400000, 0x0000000700400000| Untracked 
|   3|0x0000000700600000, 0x0000000700600000, 0x0000000700800000|  0%| F|  |TAMS 0x0000000700600000, 0x0000000700600000| Untracked 
|   4|0x0000000700800000, 0x0000000700800000, 0x0000000700a00000|  0%| F|  |TAMS 0x0000000700800000, 0x0000000700800000| Untracked 
|   5|0x0000000700a00000, 0x0000000700a00000, 0x0000000700c00000|  0%| F|  |TAMS 0x0000000700a00000, 0x0000000700a00000| Untracked 
|   6|0x0000000700c00000, 0x0000000700c00000, 0x0000000700e00000|  0%| F|  |TAMS 0x0000000700c00000, 0x0000000700c00000| Untracked 
|   7|0x0000000700e00000, 0x0000000700e00000, 0x0000000701000000|  0%| F|  |TAMS 0x0000000700e00000, 0x0000000700e00000| Untracked 
|   8|0x0000000701000000, 0x0000000701000000, 0x0000000701200000|  0%| F|  |TAMS 0x0000000701000000, 0x0000000701000000| Untracked 
|   9|0x0000000701200000, 0x0000000701200000, 0x0000000701400000|  0%| F|  |TAMS 0x0000000701200000, 0x0000000701200000| Untracked 
|  10|0x0000000701400000, 0x0000000701400000, 0x0000000701600000|  0%| F|  |TAMS 0x0000000701400000, 0x0000000701400000| Untracked 
|  11|0x0000000701600000, 0x0000000701600000, 0x0000000701800000|  0%| F|  |TAMS 0x0000000701600000, 0x0000000701600000| Untracked 
|  12|0x0000000701800000, 0x0000000701800000, 0x0000000701a00000|  0%| F|  |TAMS 0x0000000701800000, 0x0000000701800000| Untracked 
|  13|0x0000000701a00000, 0x0000000701a00000, 0x0000000701c00000|  0%| F|  |TAMS 0x0000000701a00000, 0x0000000701a00000| Untracked 
|  14|0x0000000701c00000, 0x0000000701c00000, 0x0000000701e00000|  0%| F|  |TAMS 0x0000000701c00000, 0x0000000701c00000| Untracked 
|  15|0x0000000701e00000, 0x0000000701e00000, 0x0000000702000000|  0%| F|  |TAMS 0x0000000701e00000, 0x0000000701e00000| Untracked 
|  16|0x0000000702000000, 0x0000000702000000, 0x0000000702200000|  0%| F|  |TAMS 0x0000000702000000, 0x0000000702000000| Untracked 
|  17|0x0000000702200000, 0x0000000702200000, 0x0000000702400000|  0%| F|  |TAMS 0x0000000702200000, 0x0000000702200000| Untracked 
|  18|0x0000000702400000, 0x0000000702400000, 0x0000000702600000|  0%| F|  |TAMS 0x0000000702400000, 0x0000000702400000| Untracked 
|  19|0x0000000702600000, 0x0000000702600000, 0x0000000702800000|  0%| F|  |TAMS 0x0000000702600000, 0x0000000702600000| Untracked 
|  20|0x0000000702800000, 0x0000000702800000, 0x0000000702a00000|  0%| F|  |TAMS 0x0000000702800000, 0x0000000702800000| Untracked 
|  21|0x0000000702a00000, 0x0000000702a00000, 0x0000000702c00000|  0%| F|  |TAMS 0x0000000702a00000, 0x0000000702a00000| Untracked 
|  22|0x0000000702c00000, 0x0000000702c00000, 0x0000000702e00000|  0%| F|  |TAMS 0x0000000702c00000, 0x0000000702c00000| Untracked 
|  23|0x0000000702e00000, 0x0000000702e00000, 0x0000000703000000|  0%| F|  |TAMS 0x0000000702e00000, 0x0000000702e00000| Untracked 
|  24|0x0000000703000000, 0x0000000703000000, 0x0000000703200000|  0%| F|  |TAMS 0x0000000703000000, 0x0000000703000000| Untracked 
|  25|0x0000000703200000, 0x0000000703200000, 0x0000000703400000|  0%| F|  |TAMS 0x0000000703200000, 0x0000000703200000| Untracked 
|  26|0x0000000703400000, 0x0000000703400000, 0x0000000703600000|  0%| F|  |TAMS 0x0000000703400000, 0x0000000703400000| Untracked 
|  27|0x0000000703600000, 0x0000000703600000, 0x0000000703800000|  0%| F|  |TAMS 0x0000000703600000, 0x0000000703600000| Untracked 
|  28|0x0000000703800000, 0x0000000703800000, 0x0000000703a00000|  0%| F|  |TAMS 0x0000000703800000, 0x0000000703800000| Untracked 
|  29|0x0000000703a00000, 0x0000000703a00000, 0x0000000703c00000|  0%| F|  |TAMS 0x0000000703a00000, 0x0000000703a00000| Untracked 
|  30|0x0000000703c00000, 0x0000000703c00000, 0x0000000703e00000|  0%| F|  |TAMS 0x0000000703c00000, 0x0000000703c00000| Untracked 
|  31|0x0000000703e00000, 0x0000000703e00000, 0x0000000704000000|  0%| F|  |TAMS 0x0000000703e00000, 0x0000000703e00000| Untracked 
|  32|0x0000000704000000, 0x0000000704000000, 0x0000000704200000|  0%| F|  |TAMS 0x0000000704000000, 0x0000000704000000| Untracked 
|  33|0x0000000704200000, 0x0000000704200000, 0x0000000704400000|  0%| F|  |TAMS 0x0000000704200000, 0x0000000704200000| Untracked 
|  34|0x0000000704400000, 0x0000000704400000, 0x0000000704600000|  0%| F|  |TAMS 0x0000000704400000, 0x0000000704400000| Untracked 
|  35|0x0000000704600000, 0x0000000704600000, 0x0000000704800000|  0%| F|  |TAMS 0x0000000704600000, 0x0000000704600000| Untracked 
|  36|0x0000000704800000, 0x0000000704800000, 0x0000000704a00000|  0%| F|  |TAMS 0x0000000704800000, 0x0000000704800000| Untracked 
|  37|0x0000000704a00000, 0x0000000704a00000, 0x0000000704c00000|  0%| F|  |TAMS 0x0000000704a00000, 0x0000000704a00000| Untracked 
|  38|0x0000000704c00000, 0x0000000704c00000, 0x0000000704e00000|  0%| F|  |TAMS 0x0000000704c00000, 0x0000000704c00000| Untracked 
|  39|0x0000000704e00000, 0x0000000704e00000, 0x0000000705000000|  0%| F|  |TAMS 0x0000000704e00000, 0x0000000704e00000| Untracked 
|  40|0x0000000705000000, 0x0000000705000000, 0x0000000705200000|  0%| F|  |TAMS 0x0000000705000000, 0x0000000705000000| Untracked 
|  41|0x0000000705200000, 0x0000000705200000, 0x0000000705400000|  0%| F|  |TAMS 0x0000000705200000, 0x0000000705200000| Untracked 
|  42|0x0000000705400000, 0x0000000705400000, 0x0000000705600000|  0%| F|  |TAMS 0x0000000705400000, 0x0000000705400000| Untracked 
|  43|0x0000000705600000, 0x0000000705600000, 0x0000000705800000|  0%| F|  |TAMS 0x0000000705600000, 0x0000000705600000| Untracked 
|  44|0x0000000705800000, 0x0000000705800000, 0x0000000705a00000|  0%| F|  |TAMS 0x0000000705800000, 0x0000000705800000| Untracked 
|  45|0x0000000705a00000, 0x0000000705a00000, 0x0000000705c00000|  0%| F|  |TAMS 0x0000000705a00000, 0x0000000705a00000| Untracked 
|  46|0x0000000705c00000, 0x0000000705c00000, 0x0000000705e00000|  0%| F|  |TAMS 0x0000000705c00000, 0x0000000705c00000| Untracked 
|  47|0x0000000705e00000, 0x0000000705e00000, 0x0000000706000000|  0%| F|  |TAMS 0x0000000705e00000, 0x0000000705e00000| Untracked 
|  48|0x0000000706000000, 0x0000000706000000, 0x0000000706200000|  0%| F|  |TAMS 0x0000000706000000, 0x0000000706000000| Untracked 
|  49|0x0000000706200000, 0x0000000706200000, 0x0000000706400000|  0%| F|  |TAMS 0x0000000706200000, 0x0000000706200000| Untracked 
|  50|0x0000000706400000, 0x0000000706400000, 0x0000000706600000|  0%| F|  |TAMS 0x0000000706400000, 0x0000000706400000| Untracked 
|  51|0x0000000706600000, 0x0000000706600000, 0x0000000706800000|  0%| F|  |TAMS 0x0000000706600000, 0x0000000706600000| Untracked 
|  52|0x0000000706800000, 0x0000000706800000, 0x0000000706a00000|  0%| F|  |TAMS 0x0000000706800000, 0x0000000706800000| Untracked 
|  53|0x0000000706a00000, 0x0000000706a00000, 0x0000000706c00000|  0%| F|  |TAMS 0x0000000706a00000, 0x0000000706a00000| Untracked 
|  54|0x0000000706c00000, 0x0000000706c00000, 0x0000000706e00000|  0%| F|  |TAMS 0x0000000706c00000, 0x0000000706c00000| Untracked 
|  55|0x0000000706e00000, 0x0000000706e00000, 0x0000000707000000|  0%| F|  |TAMS 0x0000000706e00000, 0x0000000706e00000| Untracked 
|  56|0x0000000707000000, 0x0000000707000000, 0x0000000707200000|  0%| F|  |TAMS 0x0000000707000000, 0x0000000707000000| Untracked 
|  57|0x0000000707200000, 0x0000000707200000, 0x0000000707400000|  0%| F|  |TAMS 0x0000000707200000, 0x0000000707200000| Untracked 
|  58|0x0000000707400000, 0x0000000707400000, 0x0000000707600000|  0%| F|  |TAMS 0x0000000707400000, 0x0000000707400000| Untracked 
|  59|0x0000000707600000, 0x0000000707600000, 0x0000000707800000|  0%| F|  |TAMS 0x0000000707600000, 0x0000000707600000| Untracked 
|  60|0x0000000707800000, 0x0000000707800000, 0x0000000707a00000|  0%| F|  |TAMS 0x0000000707800000, 0x0000000707800000| Untracked 
|  61|0x0000000707a00000, 0x0000000707a00000, 0x0000000707c00000|  0%| F|  |TAMS 0x0000000707a00000, 0x0000000707a00000| Untracked 
|  62|0x0000000707c00000, 0x0000000707c00000, 0x0000000707e00000|  0%| F|  |TAMS 0x0000000707c00000, 0x0000000707c00000| Untracked 
|  63|0x0000000707e00000, 0x0000000707e00000, 0x0000000708000000|  0%| F|  |TAMS 0x0000000707e00000, 0x0000000707e00000| Untracked 
|  64|0x0000000708000000, 0x0000000708000000, 0x0000000708200000|  0%| F|  |TAMS 0x0000000708000000, 0x0000000708000000| Untracked 
|  65|0x0000000708200000, 0x0000000708200000, 0x0000000708400000|  0%| F|  |TAMS 0x0000000708200000, 0x0000000708200000| Untracked 
|  66|0x0000000708400000, 0x0000000708400000, 0x0000000708600000|  0%| F|  |TAMS 0x0000000708400000, 0x0000000708400000| Untracked 
|  67|0x0000000708600000, 0x0000000708600000, 0x0000000708800000|  0%| F|  |TAMS 0x0000000708600000, 0x0000000708600000| Untracked 
|  68|0x0000000708800000, 0x0000000708800000, 0x0000000708a00000|  0%| F|  |TAMS 0x0000000708800000, 0x0000000708800000| Untracked 
|  69|0x0000000708a00000, 0x0000000708a00000, 0x0000000708c00000|  0%| F|  |TAMS 0x0000000708a00000, 0x0000000708a00000| Untracked 
|  70|0x0000000708c00000, 0x0000000708c00000, 0x0000000708e00000|  0%| F|  |TAMS 0x0000000708c00000, 0x0000000708c00000| Untracked 
|  71|0x0000000708e00000, 0x0000000708e00000, 0x0000000709000000|  0%| F|  |TAMS 0x0000000708e00000, 0x0000000708e00000| Untracked 
|  72|0x0000000709000000, 0x0000000709000000, 0x0000000709200000|  0%| F|  |TAMS 0x0000000709000000, 0x0000000709000000| Untracked 
|  73|0x0000000709200000, 0x0000000709200000, 0x0000000709400000|  0%| F|  |TAMS 0x0000000709200000, 0x0000000709200000| Untracked 
|  74|0x0000000709400000, 0x0000000709400000, 0x0000000709600000|  0%| F|  |TAMS 0x0000000709400000, 0x0000000709400000| Untracked 
|  75|0x0000000709600000, 0x0000000709600000, 0x0000000709800000|  0%| F|  |TAMS 0x0000000709600000, 0x0000000709600000| Untracked 
|  76|0x0000000709800000, 0x0000000709800000, 0x0000000709a00000|  0%| F|  |TAMS 0x0000000709800000, 0x0000000709800000| Untracked 
|  77|0x0000000709a00000, 0x0000000709a00000, 0x0000000709c00000|  0%| F|  |TAMS 0x0000000709a00000, 0x0000000709a00000| Untracked 
|  78|0x0000000709c00000, 0x0000000709c00000, 0x0000000709e00000|  0%| F|  |TAMS 0x0000000709c00000, 0x0000000709c00000| Untracked 
|  79|0x0000000709e00000, 0x0000000709e00000, 0x000000070a000000|  0%| F|  |TAMS 0x0000000709e00000, 0x0000000709e00000| Untracked 
|  80|0x000000070a000000, 0x000000070a000000, 0x000000070a200000|  0%| F|  |TAMS 0x000000070a000000, 0x000000070a000000| Untracked 
|  81|0x000000070a200000, 0x000000070a200000, 0x000000070a400000|  0%| F|  |TAMS 0x000000070a200000, 0x000000070a200000| Untracked 
|  82|0x000000070a400000, 0x000000070a400000, 0x000000070a600000|  0%| F|  |TAMS 0x000000070a400000, 0x000000070a400000| Untracked 
|  83|0x000000070a600000, 0x000000070a600000, 0x000000070a800000|  0%| F|  |TAMS 0x000000070a600000, 0x000000070a600000| Untracked 
|  84|0x000000070a800000, 0x000000070a800000, 0x000000070aa00000|  0%| F|  |TAMS 0x000000070a800000, 0x000000070a800000| Untracked 
|  85|0x000000070aa00000, 0x000000070aa00000, 0x000000070ac00000|  0%| F|  |TAMS 0x000000070aa00000, 0x000000070aa00000| Untracked 
|  86|0x000000070ac00000, 0x000000070ac00000, 0x000000070ae00000|  0%| F|  |TAMS 0x000000070ac00000, 0x000000070ac00000| Untracked 
|  87|0x000000070ae00000, 0x000000070ae00000, 0x000000070b000000|  0%| F|  |TAMS 0x000000070ae00000, 0x000000070ae00000| Untracked 
|  88|0x000000070b000000, 0x000000070b000000, 0x000000070b200000|  0%| F|  |TAMS 0x000000070b000000, 0x000000070b000000| Untracked 
|  89|0x000000070b200000, 0x000000070b200000, 0x000000070b400000|  0%| F|  |TAMS 0x000000070b200000, 0x000000070b200000| Untracked 
|  90|0x000000070b400000, 0x000000070b400000, 0x000000070b600000|  0%| F|  |TAMS 0x000000070b400000, 0x000000070b400000| Untracked 
|  91|0x000000070b600000, 0x000000070b600000, 0x000000070b800000|  0%| F|  |TAMS 0x000000070b600000, 0x000000070b600000| Untracked 
|  92|0x000000070b800000, 0x000000070b800000, 0x000000070ba00000|  0%| F|  |TAMS 0x000000070b800000, 0x000000070b800000| Untracked 
|  93|0x000000070ba00000, 0x000000070ba00000, 0x000000070bc00000|  0%| F|  |TAMS 0x000000070ba00000, 0x000000070ba00000| Untracked 
|  94|0x000000070bc00000, 0x000000070bc00000, 0x000000070be00000|  0%| F|  |TAMS 0x000000070bc00000, 0x000000070bc00000| Untracked 
|  95|0x000000070be00000, 0x000000070be00000, 0x000000070c000000|  0%| F|  |TAMS 0x000000070be00000, 0x000000070be00000| Untracked 
|  96|0x000000070c000000, 0x000000070c000000, 0x000000070c200000|  0%| F|  |TAMS 0x000000070c000000, 0x000000070c000000| Untracked 
|  97|0x000000070c200000, 0x000000070c200000, 0x000000070c400000|  0%| F|  |TAMS 0x000000070c200000, 0x000000070c200000| Untracked 
|  98|0x000000070c400000, 0x000000070c400000, 0x000000070c600000|  0%| F|  |TAMS 0x000000070c400000, 0x000000070c400000| Untracked 
|  99|0x000000070c600000, 0x000000070c600000, 0x000000070c800000|  0%| F|  |TAMS 0x000000070c600000, 0x000000070c600000| Untracked 
| 100|0x000000070c800000, 0x000000070c800000, 0x000000070ca00000|  0%| F|  |TAMS 0x000000070c800000, 0x000000070c800000| Untracked 
| 101|0x000000070ca00000, 0x000000070ca00000, 0x000000070cc00000|  0%| F|  |TAMS 0x000000070ca00000, 0x000000070ca00000| Untracked 
| 102|0x000000070cc00000, 0x000000070cc00000, 0x000000070ce00000|  0%| F|  |TAMS 0x000000070cc00000, 0x000000070cc00000| Untracked 
| 103|0x000000070ce00000, 0x000000070ce00000, 0x000000070d000000|  0%| F|  |TAMS 0x000000070ce00000, 0x000000070ce00000| Untracked 
| 104|0x000000070d000000, 0x000000070d000000, 0x000000070d200000|  0%| F|  |TAMS 0x000000070d000000, 0x000000070d000000| Untracked 
| 105|0x000000070d200000, 0x000000070d200000, 0x000000070d400000|  0%| F|  |TAMS 0x000000070d200000, 0x000000070d200000| Untracked 
| 106|0x000000070d400000, 0x000000070d400000, 0x000000070d600000|  0%| F|  |TAMS 0x000000070d400000, 0x000000070d400000| Untracked 
| 107|0x000000070d600000, 0x000000070d600000, 0x000000070d800000|  0%| F|  |TAMS 0x000000070d600000, 0x000000070d600000| Untracked 
| 108|0x000000070d800000, 0x000000070d800000, 0x000000070da00000|  0%| F|  |TAMS 0x000000070d800000, 0x000000070d800000| Untracked 
| 109|0x000000070da00000, 0x000000070da00000, 0x000000070dc00000|  0%| F|  |TAMS 0x000000070da00000, 0x000000070da00000| Untracked 
| 110|0x000000070dc00000, 0x000000070dc00000, 0x000000070de00000|  0%| F|  |TAMS 0x000000070dc00000, 0x000000070dc00000| Untracked 
| 111|0x000000070de00000, 0x000000070de00000, 0x000000070e000000|  0%| F|  |TAMS 0x000000070de00000, 0x000000070de00000| Untracked 
| 112|0x000000070e000000, 0x000000070e000000, 0x000000070e200000|  0%| F|  |TAMS 0x000000070e000000, 0x000000070e000000| Untracked 
| 113|0x000000070e200000, 0x000000070e200000, 0x000000070e400000|  0%| F|  |TAMS 0x000000070e200000, 0x000000070e200000| Untracked 
| 114|0x000000070e400000, 0x000000070e400000, 0x000000070e600000|  0%| F|  |TAMS 0x000000070e400000, 0x000000070e400000| Untracked 
| 115|0x000000070e600000, 0x000000070e800000, 0x000000070e800000|100%| S|  |TAMS 0x000000070e600000, 0x000000070e600000| Complete 
| 116|0x000000070e800000, 0x000000070ea00000, 0x000000070ea00000|100%| S|  |TAMS 0x000000070e800000, 0x000000070e800000| Complete 
| 117|0x000000070ea00000, 0x000000070ec00000, 0x000000070ec00000|100%| E|CS|TAMS 0x000000070ea00000, 0x000000070ea00000| Complete 
| 118|0x000000070ec00000, 0x000000070ee00000, 0x000000070ee00000|100%| E|CS|TAMS 0x000000070ec00000, 0x000000070ec00000| Complete 
| 119|0x000000070ee00000, 0x000000070f000000, 0x000000070f000000|100%| E|CS|TAMS 0x000000070ee00000, 0x000000070ee00000| Complete 
| 120|0x000000070f000000, 0x000000070f200000, 0x000000070f200000|100%| E|CS|TAMS 0x000000070f000000, 0x000000070f000000| Complete 
| 121|0x000000070f200000, 0x000000070f400000, 0x000000070f400000|100%| E|CS|TAMS 0x000000070f200000, 0x000000070f200000| Complete 
| 122|0x000000070f400000, 0x000000070f600000, 0x000000070f600000|100%| E|CS|TAMS 0x000000070f400000, 0x000000070f400000| Complete 
| 123|0x000000070f600000, 0x000000070f800000, 0x000000070f800000|100%| E|CS|TAMS 0x000000070f600000, 0x000000070f600000| Complete 
| 124|0x000000070f800000, 0x000000070fa00000, 0x000000070fa00000|100%| E|CS|TAMS 0x000000070f800000, 0x000000070f800000| Complete 
| 125|0x000000070fa00000, 0x000000070fc00000, 0x000000070fc00000|100%| E|CS|TAMS 0x000000070fa00000, 0x000000070fa00000| Complete 
| 126|0x000000070fc00000, 0x000000070fe00000, 0x000000070fe00000|100%| E|CS|TAMS 0x000000070fc00000, 0x000000070fc00000| Complete 
| 127|0x000000070fe00000, 0x0000000710000000, 0x0000000710000000|100%| E|CS|TAMS 0x000000070fe00000, 0x000000070fe00000| Complete 
|2046|0x00000007ffc00000, 0x00000007ffd76000, 0x00000007ffe00000| 73%|OA|  |TAMS 0x00000007ffc00000, 0x00000007ffc00000| Untracked 
|2047|0x00000007ffe00000, 0x00000007ffe80000, 0x0000000800000000| 25%|CA|  |TAMS 0x00000007ffe00000, 0x00000007ffe00000| Untracked 

Card table byte_map: [0x000000010d841000,0x000000010e041000] _byte_map_base: 0x000000010a041000

Marking Bits (Prev, Next): (CMBitMap*) 0x00007fe8d0808810, (CMBitMap*) 0x00007fe8d0808850
 Prev Bits: [0x000000011a070000, 0x000000011e070000)
 Next Bits: [0x000000011e070000, 0x0000000122070000)

Polling page: 0x000000010cafc000

Metaspace:

Usage:
  Non-class:      5.55 MB used.
      Class:    825.52 KB used.
       Both:      6.35 MB used.

Virtual space:
  Non-class space:       64.00 MB reserved,       5.62 MB (  9%) committed,  1 nodes.
      Class space:        1.00 GB reserved,     896.00 KB ( <1%) committed,  1 nodes.
             Both:        1.06 GB reserved,       6.50 MB ( <1%) committed. 

Chunk freelists:
   Non-Class:  9.88 MB
       Class:  15.07 MB
        Both:  24.96 MB

MaxMetaspaceSize: unlimited
CompressedClassSpaceSize: 1.00 GB
Initial GC threshold: 21.00 MB
Current GC threshold: 21.00 MB
CDS: on
MetaspaceReclaimPolicy: balanced
 - commit_granule_bytes: 65536.
 - commit_granule_words: 8192.
 - virtual_space_node_default_size: 8388608.
 - enlarge_chunks_in_place: 1.
 - new_chunks_are_fully_committed: 0.
 - uncommit_free_chunks: 1.
 - use_allocation_guard: 0.
 - handle_deallocations: 1.


Internal statistics:

num_allocs_failed_limit: 0.
num_arena_births: 148.
num_arena_deaths: 0.
num_vsnodes_births: 2.
num_vsnodes_deaths: 0.
num_space_committed: 104.
num_space_uncommitted: 0.
num_chunks_returned_to_freelist: 0.
num_chunks_taken_from_freelist: 225.
num_chunk_merges: 0.
num_chunk_splits: 149.
num_chunks_enlarged: 93.
num_purges: 0.
num_inconsistent_stats: 0.

CodeCache: size=49152Kb used=2631Kb max_used=2631Kb free=46520Kb
 bounds [0x0000000116870000, 0x0000000116b10000, 0x0000000119870000]
 total_blobs=1529 nmethods=1081 adapters=377
 compilation: enabled
              stopped_count=0, restarted_count=0
 full_count=0

Compilation events (20 events):
Event: 0.502 Thread 0x00007fe8d08d1a00 nmethod 1061 0x0000000116afd090 code [0x0000000116afd220, 0x0000000116afd2f0]
Event: 0.502 Thread 0x00007fe8d08d1a00 1063       1       java.lang.invoke.Invokers$Holder::linkToTargetMethod (8 bytes)
Event: 0.502 Thread 0x00007fe8d08d1a00 nmethod 1063 0x0000000116afd390 code [0x0000000116afd540, 0x0000000116afd650]
Event: 0.502 Thread 0x00007fe8d08d1a00 1064       1       java.lang.invoke.LambdaForm$MH/0x0000000126000400::invoke (8 bytes)
Event: 0.502 Thread 0x00007fe8d08d1a00 nmethod 1064 0x0000000116afd710 code [0x0000000116afd8a0, 0x0000000116afd990]
Event: 0.502 Thread 0x00007fe8d08d1a00 1065       1       java.lang.reflect.Field::getModifiers (5 bytes)
Event: 0.502 Thread 0x00007fe8d08d1a00 nmethod 1065 0x0000000116afda90 code [0x0000000116afdc20, 0x0000000116afdcf0]
Event: 0.503 Thread 0x00007fe8d08d1a00 1067       1       java.lang.Boolean::booleanValue (5 bytes)
Event: 0.503 Thread 0x00007fe8d08d1a00 nmethod 1067 0x0000000116afe110 code [0x0000000116afe2a0, 0x0000000116afe370]
Event: 0.504 Thread 0x00007fe8d08d1a00 1069       1       jdk.internal.org.objectweb.asm.MethodWriter::visitLabel (328 bytes)
Event: 0.504 Thread 0x00007fe8d08d1a00 nmethod 1069 0x0000000116aff010 code [0x0000000116aff260, 0x0000000116afff60]
Event: 0.504 Thread 0x00007fe8d08d1a00 1071       1       jdk.internal.org.objectweb.asm.MethodWriter::visitCode (1 bytes)
Event: 0.504 Thread 0x00007fe8d08d1a00 nmethod 1071 0x0000000116b00190 code [0x0000000116b00320, 0x0000000116b003d0]
Event: 0.505 Thread 0x00007fe8d08d1a00 1076       1       java.util.zip.ZipEntry::getName (5 bytes)
Event: 0.506 Thread 0x00007fe8d08d1a00 nmethod 1076 0x0000000116b00b90 code [0x0000000116b00d20, 0x0000000116b00df0]
Event: 0.506 Thread 0x00007fe8d08d1a00 1077       1       java.util.logging.LogManager::getProperty (9 bytes)
Event: 0.506 Thread 0x00007fe8d08d1a00 nmethod 1077 0x0000000116b00e90 code [0x0000000116b01040, 0x0000000116b01120]
Event: 0.506 Thread 0x00007fe8d08d1a00 1078       1       java.lang.invoke.LambdaFormEditor$TransformKey::inRange (36 bytes)
Event: 0.507 Thread 0x00007fe8d08d1a00 nmethod 1078 0x0000000116b01610 code [0x0000000116b017a0, 0x0000000116b01850]
Event: 0.507 Thread 0x00007fe8d08d1a00 1080       1       java.lang.invoke.LambdaForm::normalize (322 bytes)

GC Heap History (1 events):
Event: 0.507 GC heap before
{Heap before GC invocations=0 (full 0):
 garbage-first heap   total 266240K, used 22488K [0x0000000700000000, 0x0000000800000000)
  region size 2048K, 11 young (22528K), 0 survivors (0K)
 Metaspace       used 6506K, committed 6656K, reserved 1114112K
  class space    used 825K, committed 896K, reserved 1048576K
}

Deoptimization events (0 events):
No events

Classes unloaded (0 events):
No events

Classes redefined (0 events):
No events

Internal exceptions (17 events):
Event: 0.240 Thread 0x00007fe8d3008e00 Exception <a 'java/lang/NoSuchMethodError'{0x000000070f53f538}: 'java.lang.Object java.lang.invoke.DirectMethodHandle$Holder.invokeStaticInit(java.lang.Object)'> (0x000000070f53f538) 
thrown [open/src/hotspot/share/interpreter/linkResolver.cpp, line 759]
Event: 0.255 Thread 0x00007fe8d3008e00 Exception <a 'java/lang/NoSuchMethodError'{0x000000070f558798}: 'int java.lang.invoke.DirectMethodHandle$Holder.invokeInterface(java.lang.Object, java.lang.Object)'> (0x000000070f558798) 
thrown [open/src/hotspot/share/interpreter/linkResolver.cpp, line 759]
Event: 0.255 Thread 0x00007fe8d3008e00 Exception <a 'java/lang/IncompatibleClassChangeError'{0x000000070f55bd98}: Found class java.lang.Object, but interface was expected> (0x000000070f55bd98) 
thrown [open/src/hotspot/share/interpreter/linkResolver.cpp, line 826]
Event: 0.256 Thread 0x00007fe8d3008e00 Exception <a 'java/lang/NoSuchMethodError'{0x000000070f561968}: 'void java.lang.invoke.DirectMethodHandle$Holder.invokeStatic(java.lang.Object, java.lang.Object)'> (0x000000070f561968) 
thrown [open/src/hotspot/share/interpreter/linkResolver.cpp, line 759]
Event: 0.291 Thread 0x00007fe8d3008e00 Exception <a 'java/lang/NoSuchMethodError'{0x000000070f22bfb8}: 'int java.lang.invoke.DirectMethodHandle$Holder.invokeSpecial(java.lang.Object, java.lang.Object, java.lang.Object)'> (0x000000070f22bfb8) 
thrown [open/src/hotspot/share/interpreter/linkResolver.cpp, line 759]
Event: 0.322 Thread 0x00007fe8d3008e00 Exception <a 'java/lang/NoSuchMethodError'{0x000000070f326fc0}: 'void java.lang.invoke.DirectMethodHandle$Holder.invokeStatic(java.lang.Object, java.lang.Object, java.lang.Object)'> (0x000000070f326fc0) 
thrown [open/src/hotspot/share/interpreter/linkResolver.cpp, line 759]
Event: 0.342 Thread 0x00007fe8d3008e00 Exception <a 'java/lang/NoSuchMethodError'{0x000000070f368e38}: 'int java.lang.invoke.DirectMethodHandle$Holder.invokeSpecialIFC(java.lang.Object, java.lang.Object, java.lang.Object)'> (0x000000070f368e38) 
thrown [open/src/hotspot/share/interpreter/linkResolver.cpp, line 759]
Event: 0.359 Thread 0x00007fe8d3008e00 Exception <a 'java/lang/NoSuchMethodError'{0x000000070f3e1eb8}: 'java.lang.Object java.lang.invoke.DirectMethodHandle$Holder.invokeStaticInit(java.lang.Object, int, int, int, int)'> (0x000000070f3e1eb8) 
thrown [open/src/hotspot/share/interpreter/linkResolver.cpp, line 759]
Event: 0.374 Thread 0x00007fe8d3008e00 Exception <a 'java/lang/NoSuchMethodError'{0x000000070f017548}: 'java.lang.Object java.lang.invoke.DirectMethodHandle$Holder.invokeStaticInit(java.lang.Object, java.lang.Object, int, int, int, int)'> (0x000000070f017548) 
thrown [open/src/hotspot/share/interpreter/linkResolver.cpp, line 759]
Event: 0.378 Thread 0x00007fe8d3008e00 Exception <a 'java/lang/ClassNotFoundException'{0x000000070f0327a8}: javax/management/remote/rmi/RMIServerImpl_Skel> (0x000000070f0327a8) 
thrown [open/src/hotspot/share/classfile/systemDictionary.cpp, line 256]
Event: 0.402 Thread 0x00007fe8d3008e00 Exception <a 'java/lang/ClassNotFoundException'{0x000000070f12a648}: jdk/internal/agent/resources/spi/agentProvider> (0x000000070f12a648) 
thrown [open/src/hotspot/share/classfile/systemDictionary.cpp, line 256]
Event: 0.453 Thread 0x00007fe8d3008e00 Exception <a 'java/lang/ClassNotFoundException'{0x000000070efe04e8}: javax/smartcardio/CardPermission> (0x000000070efe04e8) 
thrown [open/src/hotspot/share/classfile/systemDictionary.cpp, line 256]
Event: 0.455 Thread 0x00007fe8d3008e00 Exception <a 'java/io/FileNotFoundException'{0x000000070efee140}> (0x000000070efee140) 
thrown [open/src/hotspot/share/prims/jni.cpp, line 516]
Event: 0.461 Thread 0x00007fe8d3008e00 Exception <a 'java/lang/NoSuchMethodError'{0x000000070ec4c910}: 'java.lang.Object java.lang.invoke.DirectMethodHandle$Holder.invokeSpecial(java.lang.Object, java.lang.Object, java.lang.Object, long, java.lang.Object)'> (0x000000070ec4c910) 
thrown [open/src/hotspot/share/interpreter/linkResolver.cpp, line 759]
Event: 0.462 Thread 0x00007fe8d3008e00 Exception <a 'java/lang/NoSuchMethodError'{0x000000070ec504e0}: 'java.lang.Object java.lang.invoke.Invokers$Holder.linkToTargetMethod(java.lang.Object, long, java.lang.Object, java.lang.Object)'> (0x000000070ec504e0) 
thrown [open/src/hotspot/share/interpreter/linkResolver.cpp, line 759]
Event: 0.500 Thread 0x00007fe8d3008e00 Exception <a 'java/lang/NoSuchMethodError'{0x000000070eadc250}: 'void java.lang.invoke.DirectMethodHandle$Holder.invokeStatic(java.lang.Object, java.lang.Object, java.lang.Object, java.lang.Object)'> (0x000000070eadc250) 
thrown [open/src/hotspot/share/interpreter/linkResolver.cpp, line 759]
Event: 0.504 Thread 0x00007fe8d5092200 Exception <a 'java/lang/NoSuchMethodError'{0x000000070ebea320}: static [B.<clinit>()V> (0x000000070ebea320) 
thrown [open/src/hotspot/share/prims/jni.cpp, line 1107]

VM Operations (17 events):
Event: 0.100 Executing VM operation: HandshakeAllThreads
Event: 0.100 Executing VM operation: HandshakeAllThreads done
Event: 0.259 Executing VM operation: HandshakeAllThreads
Event: 0.259 Executing VM operation: HandshakeAllThreads done
Event: 0.260 Executing VM operation: HandshakeAllThreads
Event: 0.260 Executing VM operation: HandshakeAllThreads done
Event: 0.327 Executing VM operation: HandshakeAllThreads
Event: 0.327 Executing VM operation: HandshakeAllThreads done
Event: 0.351 Executing VM operation: HandshakeAllThreads
Event: 0.351 Executing VM operation: HandshakeAllThreads done
Event: 0.378 Executing VM operation: HandshakeAllThreads
Event: 0.378 Executing VM operation: HandshakeAllThreads done
Event: 0.433 Executing VM operation: HandshakeAllThreads
Event: 0.433 Executing VM operation: HandshakeAllThreads done
Event: 0.454 Executing VM operation: HandshakeAllThreads
Event: 0.454 Executing VM operation: HandshakeAllThreads done
Event: 0.507 Executing VM operation: G1CollectForAllocation

Events (20 events):
Event: 0.506 loading class javax/management/remote/rmi/RMIConnectionImpl$3
Event: 0.506 loading class javax/management/remote/rmi/RMIConnectionImpl$3 done
Event: 0.506 loading class javax/management/remote/rmi/RMIConnectionImpl$CombinedClassLoader
Event: 0.506 loading class javax/management/remote/rmi/RMIConnectionImpl$CombinedClassLoader done
Event: 0.506 loading class javax/management/remote/rmi/RMIConnectionImpl$CombinedClassLoader$ClassLoaderWrapper
Event: 0.506 loading class javax/management/remote/rmi/RMIConnectionImpl$CombinedClassLoader$ClassLoaderWrapper done
Event: 0.506 loading class javax/management/remote/rmi/RMIConnectionImpl$RMIServerCommunicatorAdmin
Event: 0.506 loading class com/sun/jmx/remote/internal/ServerCommunicatorAdmin
Event: 0.506 loading class com/sun/jmx/remote/internal/ServerCommunicatorAdmin done
Event: 0.506 loading class javax/management/remote/rmi/RMIConnectionImpl$RMIServerCommunicatorAdmin done
Event: 0.506 loading class com/sun/jmx/remote/internal/ServerCommunicatorAdmin$Timeout
Event: 0.506 loading class com/sun/jmx/remote/internal/ServerCommunicatorAdmin$Timeout done
Event: 0.506 loading class java/net/URISyntaxException
Event: 0.506 loading class java/net/URISyntaxException done
Event: 0.506 loading class java/nio/file/NoSuchFileException
Event: 0.506 loading class java/nio/file/FileSystemException
Event: 0.506 loading class java/nio/file/FileSystemException done
Event: 0.506 loading class java/nio/file/NoSuchFileException done
Event: 0.506 loading class java/io/UncheckedIOException
Event: 0.506 loading class java/io/UncheckedIOException done


Dynamic libraries:
0x000000010cf01000 	/Library/Java/JavaVirtualMachines/jdk-17.jdk/Contents/Home/lib/libjli.dylib
0x00007ff80da37000 	/usr/lib/libz.1.dylib
0x00007ff80db19000 	/usr/lib/libSystem.B.dylib
0x00007ff80db13000 	/usr/lib/system/libcache.dylib
0x00007ff80dacf000 	/usr/lib/system/libcommonCrypto.dylib
0x00007ff80daf7000 	/usr/lib/system/libcompiler_rt.dylib
0x00007ff80daec000 	/usr/lib/system/libcopyfile.dylib
0x00007ff8005d7000 	/usr/lib/system/libcorecrypto.dylib
0x00007ff8006ce000 	/usr/lib/system/libdispatch.dylib
0x00007ff800878000 	/usr/lib/system/libdyld.dylib
0x00007ff80db09000 	/usr/lib/system/libkeymgr.dylib
0x00007ff80dab0000 	/usr/lib/system/libmacho.dylib
0x00007ff80cde5000 	/usr/lib/system/libquarantine.dylib
0x00007ff80db07000 	/usr/lib/system/libremovefile.dylib
0x00007ff805f15000 	/usr/lib/system/libsystem_asl.dylib
0x00007ff800571000 	/usr/lib/system/libsystem_blocks.dylib
0x00007ff800718000 	/usr/lib/system/libsystem_c.dylib
0x00007ff80daff000 	/usr/lib/system/libsystem_collections.dylib
0x00007ff80bde5000 	/usr/lib/system/libsystem_configuration.dylib
0x00007ff80ae10000 	/usr/lib/system/libsystem_containermanager.dylib
0x00007ff80d707000 	/usr/lib/system/libsystem_coreservices.dylib
0x00007ff803acd000 	/usr/lib/system/libsystem_darwin.dylib
0x00007ffc19ca0000 	/usr/lib/system/libsystem_darwindirectory.dylib
0x00007ff80db0a000 	/usr/lib/system/libsystem_dnssd.dylib
0x00007ffc19ca4000 	/usr/lib/system/libsystem_eligibility.dylib
0x00007ff800715000 	/usr/lib/system/libsystem_featureflags.dylib
0x00007ff8008a8000 	/usr/lib/system/libsystem_info.dylib
0x00007ff80da4b000 	/usr/lib/system/libsystem_m.dylib
0x00007ff80068e000 	/usr/lib/system/libsystem_malloc.dylib
0x00007ff805e89000 	/usr/lib/system/libsystem_networkextension.dylib
0x00007ff803f19000 	/usr/lib/system/libsystem_notify.dylib
0x00007ff80bde9000 	/usr/lib/system/libsystem_sandbox.dylib
0x00007ffc19ca7000 	/usr/lib/system/libsystem_sanitizers.dylib
0x00007ff80db04000 	/usr/lib/system/libsystem_secinit.dylib
0x00007ff800831000 	/usr/lib/system/libsystem_kernel.dylib
0x00007ff80089d000 	/usr/lib/system/libsystem_platform.dylib
0x00007ff80086c000 	/usr/lib/system/libsystem_pthread.dylib
0x00007ff807aba000 	/usr/lib/system/libsystem_symptoms.dylib
0x00007ff8005bd000 	/usr/lib/system/libsystem_trace.dylib
0x00007ff80dadb000 	/usr/lib/system/libunwind.dylib
0x00007ff800575000 	/usr/lib/system/libxpc.dylib
0x00007ff80081b000 	/usr/lib/libc++abi.dylib
0x00007ff80049e000 	/usr/lib/libobjc.A.dylib
0x00007ff80dae4000 	/usr/lib/liboah.dylib
0x00007ff8007a0000 	/usr/lib/libc++.1.dylib
0x00007ff81b946000 	/System/Library/Frameworks/Cocoa.framework/Versions/A/Cocoa
0x00007ff803f7e000 	/System/Library/Frameworks/AppKit.framework/Versions/C/AppKit
0x00007ff807210000 	/System/Library/Frameworks/CoreData.framework/Versions/A/CoreData
0x00007ff8018a2000 	/System/Library/Frameworks/Foundation.framework/Versions/C/Foundation
0x00007ff8053af000 	/System/Library/PrivateFrameworks/UIFoundation.framework/Versions/A/UIFoundation
0x00007ffb0ee7e000 	/System/Library/PrivateFrameworks/CollectionViewCore.framework/Versions/A/CollectionViewCore
0x00007ff815110000 	/System/Library/PrivateFrameworks/RemoteViewServices.framework/Versions/A/RemoteViewServices
0x00007ff80b5ec000 	/System/Library/PrivateFrameworks/XCTTargetBootstrap.framework/Versions/A/XCTTargetBootstrap
0x00007ff810509000 	/System/Library/PrivateFrameworks/InternationalSupport.framework/Versions/A/InternationalSupport
0x00007ff81055d000 	/System/Library/PrivateFrameworks/UserActivity.framework/Versions/A/UserActivity
0x00007ffc112a6000 	/System/Library/PrivateFrameworks/WindowManagement.framework/Versions/A/WindowManagement
0x00007ff801551000 	/System/Library/Frameworks/SystemConfiguration.framework/Versions/A/SystemConfiguration
0x00007ff80f875000 	/usr/lib/libspindump.dylib
0x00007ff80558c000 	/System/Library/Frameworks/UniformTypeIdentifiers.framework/Versions/A/UniformTypeIdentifiers
0x00007ff8095d7000 	/usr/lib/libapp_launch_measurement.dylib
0x00007ff808763000 	/System/Library/PrivateFrameworks/CoreAnalytics.framework/Versions/A/CoreAnalytics
0x00007ff8095da000 	/System/Library/PrivateFrameworks/CoreAutoLayout.framework/Versions/A/CoreAutoLayout
0x00007ff80ae58000 	/System/Library/Frameworks/Metal.framework/Versions/A/Metal
0x00007ff80bdf5000 	/usr/lib/liblangid.dylib
0x00007ff80b5f1000 	/System/Library/PrivateFrameworks/CoreSVG.framework/Versions/A/CoreSVG
0x00007ff805f4a000 	/System/Library/PrivateFrameworks/SkyLight.framework/Versions/A/SkyLight
0x00007ff8063ad000 	/System/Library/Frameworks/CoreGraphics.framework/Versions/A/CoreGraphics
0x00007ff8157e5000 	/System/Library/Frameworks/Accelerate.framework/Versions/A/Accelerate
0x00007ff80f6d5000 	/System/Library/PrivateFrameworks/IconServices.framework/Versions/A/IconServices
0x00007ff80ae39000 	/System/Library/Frameworks/IOSurface.framework/Versions/A/IOSurface
0x00007ff80878f000 	/usr/lib/libDiagnosticMessagesClient.dylib
0x00007ff819217000 	/System/Library/Frameworks/ApplicationServices.framework/Versions/A/ApplicationServices
0x00007ff80b5d9000 	/System/Library/PrivateFrameworks/DFRFoundation.framework/Versions/A/DFRFoundation
0x00007ff80382c000 	/usr/lib/libicucore.A.dylib
0x00007ff8114ab000 	/System/Library/Frameworks/AudioToolbox.framework/Versions/A/AudioToolbox
0x00007ff810518000 	/System/Library/PrivateFrameworks/DataDetectorsCore.framework/Versions/A/DataDetectorsCore
0x00007ff90a5da000 	/System/Library/PrivateFrameworks/TextInput.framework/Versions/A/TextInput
0x00007ff805ea3000 	/usr/lib/libMobileGestalt.dylib
0x00007ff80b33e000 	/System/Library/Frameworks/Carbon.framework/Versions/A/Frameworks/HIToolbox.framework/Versions/A/HIToolbox
0x00007ff808f33000 	/System/Library/Frameworks/QuartzCore.framework/Versions/A/QuartzCore
0x00007ff80347e000 	/System/Library/Frameworks/Security.framework/Versions/A/Security
0x00007ff815148000 	/System/Library/Frameworks/Carbon.framework/Versions/A/Frameworks/SpeechRecognition.framework/Versions/A/SpeechRecognition
0x00007ff80930a000 	/System/Library/PrivateFrameworks/CoreUI.framework/Versions/A/CoreUI
0x00007ff802d53000 	/System/Library/Frameworks/CoreAudio.framework/Versions/A/CoreAudio
0x00007ff80886f000 	/System/Library/Frameworks/DiskArbitration.framework/Versions/A/DiskArbitration
0x00007ff80fcad000 	/System/Library/PrivateFrameworks/MultitouchSupport.framework/Versions/A/MultitouchSupport
0x00007ff805ea2000 	/usr/lib/libenergytrace.dylib
0x00007ff81fd67000 	/System/Library/PrivateFrameworks/RenderBox.framework/Versions/A/RenderBox
0x00007ff803e55000 	/System/Library/Frameworks/IOKit.framework/Versions/A/IOKit
0x00007ff81551d000 	/System/Library/Frameworks/CoreServices.framework/Versions/A/CoreServices
0x00007ff80956f000 	/System/Library/PrivateFrameworks/PerformanceAnalysis.framework/Versions/A/PerformanceAnalysis
0x00007ffa1d0b7000 	/System/Library/Frameworks/OpenGL.framework/Versions/A/OpenGL
0x00007ff809623000 	/usr/lib/libxml2.2.dylib
0x00007ff80cd09000 	/System/Library/PrivateFrameworks/MobileKeyBag.framework/Versions/A/MobileKeyBag
0x00007ff815499000 	/System/Library/Frameworks/Accessibility.framework/Versions/A/Accessibility
0x00007ff806b6a000 	/System/Library/Frameworks/ColorSync.framework/Versions/A/ColorSync
0x00007ff8008d3000 	/System/Library/Frameworks/CoreFoundation.framework/Versions/A/CoreFoundation
0x00007ff80b962000 	/System/Library/Frameworks/CoreImage.framework/Versions/A/CoreImage
0x00007ff802b4c000 	/System/Library/Frameworks/CoreText.framework/Versions/A/CoreText
0x00007ffb05068000 	/System/Library/Frameworks/CoreTransferable.framework/Versions/A/CoreTransferable
0x00007ffb0546d000 	/System/Library/Frameworks/DeveloperToolsSupport.framework/Versions/A/DeveloperToolsSupport
0x00007ff80b62a000 	/System/Library/Frameworks/ImageIO.framework/Versions/A/ImageIO
0x00007ffb09801000 	/System/Library/Frameworks/Symbols.framework/Versions/A/Symbols
0x00007ff80db1e000 	/System/Library/PrivateFrameworks/SoftLinking.framework/Versions/A/SoftLinking
0x00007ff810f1b000 	/usr/lib/swift/libswiftCore.dylib
0x00007ff90719c000 	/usr/lib/swift/libswiftCoreFoundation.dylib
0x00007ff904df5000 	/usr/lib/swift/libswiftCoreGraphics.dylib
0x00007ff9071da000 	/usr/lib/swift/libswiftCoreImage.dylib
0x00007ff904dfc000 	/usr/lib/swift/libswiftDarwin.dylib
0x00007ff816e89000 	/usr/lib/swift/libswiftDispatch.dylib
0x00007ff9071db000 	/usr/lib/swift/libswiftIOKit.dylib
0x00007ff913257000 	/usr/lib/swift/libswiftMetal.dylib
0x00007ffa008f9000 	/usr/lib/swift/libswiftOSLog.dylib
0x00007ff819683000 	/usr/lib/swift/libswiftObjectiveC.dylib
0x00007ff917819000 	/usr/lib/swift/libswiftQuartzCore.dylib
0x00007ff91b927000 	/usr/lib/swift/libswiftUniformTypeIdentifiers.dylib
0x00007ff9071ac000 	/usr/lib/swift/libswiftXPC.dylib
0x00007ffc19972000 	/usr/lib/swift/libswift_Concurrency.dylib
0x00007ff819687000 	/usr/lib/swift/libswiftos.dylib
0x00007ff90a53c000 	/usr/lib/swift/libswiftsimd.dylib
0x00007ff80dcb8000 	/usr/lib/libcompression.dylib
0x00007ff810449000 	/System/Library/PrivateFrameworks/TextureIO.framework/Versions/A/TextureIO
0x00007ff80f378000 	/usr/lib/libate.dylib
0x00007ff80f120000 	/usr/lib/liblzma.5.dylib
0x00007ff80db1b000 	/usr/lib/libfakelink.dylib
0x00007ff805ada000 	/System/Library/Frameworks/CFNetwork.framework/Versions/A/CFNetwork
0x00007ff80db6d000 	/usr/lib/libarchive.2.dylib
0x00007ff813391000 	/System/Library/Frameworks/Combine.framework/Versions/A/Combine
0x00007ffb0ee93000 	/System/Library/PrivateFrameworks/CollectionsInternal.framework/Versions/A/CollectionsInternal
0x00007ffc0440e000 	/System/Library/PrivateFrameworks/ReflectionInternal.framework/Versions/A/ReflectionInternal
0x00007ffc0498e000 	/System/Library/PrivateFrameworks/RuntimeInternal.framework/Versions/A/RuntimeInternal
0x00007ffc19aad000 	/usr/lib/swift/libswift_StringProcessing.dylib
0x00007ff803dd3000 	/System/Library/PrivateFrameworks/CoreServicesInternal.framework/Versions/A/CoreServicesInternal
0x00007ff80ce0a000 	/usr/lib/libbsm.0.dylib
0x00007ff80dab6000 	/usr/lib/system/libkxld.dylib
0x00007ff8095a2000 	/System/Library/Frameworks/CoreServices.framework/Versions/A/Frameworks/FSEvents.framework/Versions/A/FSEvents
0x00007ff803ad8000 	/System/Library/Frameworks/CoreServices.framework/Versions/A/Frameworks/CarbonCore.framework/Versions/A/CarbonCore
0x00007ff8087d7000 	/System/Library/Frameworks/CoreServices.framework/Versions/A/Frameworks/Metadata.framework/Versions/A/Metadata
0x00007ff80d70d000 	/System/Library/Frameworks/CoreServices.framework/Versions/A/Frameworks/OSServices.framework/Versions/A/OSServices
0x00007ff80dbf6000 	/System/Library/Frameworks/CoreServices.framework/Versions/A/Frameworks/SearchKit.framework/Versions/A/SearchKit
0x00007ff807a40000 	/System/Library/Frameworks/CoreServices.framework/Versions/A/Frameworks/AE.framework/Versions/A/AE
0x00007ff800d6e000 	/System/Library/Frameworks/CoreServices.framework/Versions/A/Frameworks/LaunchServices.framework/Versions/A/LaunchServices
0x00007ff80f0d1000 	/System/Library/Frameworks/CoreServices.framework/Versions/A/Frameworks/DictionaryServices.framework/Versions/A/DictionaryServices
0x00007ff8095af000 	/System/Library/Frameworks/CoreServices.framework/Versions/A/Frameworks/SharedFileList.framework/Versions/A/SharedFileList
0x00007ff80dc81000 	/usr/lib/libapple_nghttp2.dylib
0x00007ff8076ac000 	/usr/lib/libsqlite3.dylib
0x00007ff807ac2000 	/System/Library/Frameworks/Network.framework/Versions/A/Network
0x00007ffc18322000 	/usr/lib/libCoreEntitlements.dylib
0x00007ffb1fa69000 	/System/Library/PrivateFrameworks/MessageSecurity.framework/Versions/A/MessageSecurity
0x00007ff807693000 	/System/Library/PrivateFrameworks/ProtocolBuffer.framework/Versions/A/ProtocolBuffer
0x00007ff80d62a000 	/System/Library/PrivateFrameworks/AppleFSCompression.framework/Versions/A/AppleFSCompression
0x00007ff80cdf2000 	/usr/lib/libcoretls.dylib
0x00007ff80f13f000 	/usr/lib/libcoretls_cfhelpers.dylib
0x00007ff80dcb2000 	/usr/lib/libpam.2.dylib
0x00007ff80f1b8000 	/usr/lib/libxar.1.dylib
0x00007ff80f6ae000 	/usr/lib/libheimdal-asn1.dylib
0x00007ff805ad9000 	/usr/lib/libnetwork.dylib
0x00007ff80db1f000 	/usr/lib/libpcap.A.dylib
0x00007ff807ab0000 	/usr/lib/libdns_services.dylib
0x00007ff80bdf0000 	/System/Library/PrivateFrameworks/AppleSystemInfo.framework/Versions/A/AppleSystemInfo
0x00007ff80cb0a000 	/System/Library/PrivateFrameworks/IOMobileFramebuffer.framework/Versions/A/IOMobileFramebuffer
0x00007ffc199ff000 	/usr/lib/swift/libswift_RegexParser.dylib
0x00007ff80d6f8000 	/usr/lib/libbz2.1.0.dylib
0x00007ff80cde8000 	/usr/lib/libCheckFix.dylib
0x00007ff805f2c000 	/System/Library/PrivateFrameworks/TCC.framework/Versions/A/TCC
0x00007ff80bdf7000 	/System/Library/PrivateFrameworks/CoreNLP.framework/Versions/A/CoreNLP
0x00007ff808791000 	/System/Library/PrivateFrameworks/MetadataUtilities.framework/Versions/A/MetadataUtilities
0x00007ff80ce1a000 	/usr/lib/libmecab.dylib
0x00007ff8015d8000 	/usr/lib/libCRFSuite.dylib
0x00007ff80ce73000 	/usr/lib/libgermantok.dylib
0x00007ff80dc5c000 	/usr/lib/libThaiTokenizer.dylib
0x00007ff808877000 	/System/Library/Frameworks/Accelerate.framework/Versions/A/Frameworks/vImage.framework/Versions/A/vImage
0x00007ff8154f3000 	/System/Library/Frameworks/Accelerate.framework/Versions/A/Frameworks/vecLib.framework/Versions/A/vecLib
0x00007ff80f1fa000 	/System/Library/Frameworks/Accelerate.framework/Versions/A/Frameworks/vecLib.framework/Versions/A/libvMisc.dylib
0x00007ff80c8f9000 	/System/Library/Frameworks/Accelerate.framework/Versions/A/Frameworks/vecLib.framework/Versions/A/libvDSP.dylib
0x00007ff80117b000 	/System/Library/Frameworks/Accelerate.framework/Versions/A/Frameworks/vecLib.framework/Versions/A/libBLAS.dylib
0x00007ff80dd9a000 	/System/Library/Frameworks/Accelerate.framework/Versions/A/Frameworks/vecLib.framework/Versions/A/libLAPACK.dylib
0x00007ff80ce76000 	/System/Library/Frameworks/Accelerate.framework/Versions/A/Frameworks/vecLib.framework/Versions/A/libLinearAlgebra.dylib
0x00007ff80dc9c000 	/System/Library/Frameworks/Accelerate.framework/Versions/A/Frameworks/vecLib.framework/Versions/A/libSparseBLAS.dylib
0x00007ff80dd94000 	/System/Library/Frameworks/Accelerate.framework/Versions/A/Frameworks/vecLib.framework/Versions/A/libQuadrature.dylib
0x00007ff80bf0d000 	/System/Library/Frameworks/Accelerate.framework/Versions/A/Frameworks/vecLib.framework/Versions/A/libBNNS.dylib
0x00007ff8014d9000 	/System/Library/Frameworks/Accelerate.framework/Versions/A/Frameworks/vecLib.framework/Versions/A/libSparse.dylib
0x00007ffb1e30e000 	/System/Library/PrivateFrameworks/MIL.framework/Versions/A/MIL
0x00007ff80db55000 	/usr/lib/libiconv.2.dylib
0x00007ff80daaf000 	/usr/lib/libcharset.1.dylib
0x00007ff809586000 	/System/Library/Frameworks/OpenDirectory.framework/Versions/A/Frameworks/CFOpenDirectory.framework/Versions/A/CFOpenDirectory
0x00007ff80957a000 	/System/Library/Frameworks/OpenDirectory.framework/Versions/A/OpenDirectory
0x00007ff80f141000 	/System/Library/PrivateFrameworks/APFS.framework/Versions/A/APFS
0x00007ff80cd2d000 	/System/Library/Frameworks/SecurityFoundation.framework/Versions/A/SecurityFoundation
0x00007ff80f1c6000 	/usr/lib/libutil.dylib
0x00007ffb1c70e000 	/System/Library/PrivateFrameworks/InstalledContentLibrary.framework/Versions/A/InstalledContentLibrary
0x00007ff803e15000 	/System/Library/PrivateFrameworks/CoreServicesStore.framework/Versions/A/CoreServicesStore
0x00007ffb0ca8a000 	/System/Library/PrivateFrameworks/AppleMobileFileIntegrity.framework/Versions/A/AppleMobileFileIntegrity
0x00007ff90716e000 	/usr/lib/libmis.dylib
0x00007ff917cf5000 	/System/Library/PrivateFrameworks/MobileSystemServices.framework/Versions/A/MobileSystemServices
0x00007ffa153c6000 	/System/Library/PrivateFrameworks/ConfigProfileHelper.framework/Versions/A/ConfigProfileHelper
0x00007ff80dc5e000 	/System/Library/PrivateFrameworks/AppleSauce.framework/Versions/A/AppleSauce
0x00007ff8024d9000 	/System/Library/PrivateFrameworks/LanguageModeling.framework/Versions/A/LanguageModeling
0x00007ff80f1ca000 	/usr/lib/libxslt.1.dylib
0x00007ff80db5c000 	/usr/lib/libcmph.dylib
0x00007ff80cad8000 	/System/Library/PrivateFrameworks/CoreEmoji.framework/Versions/A/CoreEmoji
0x00007ff80bf07000 	/System/Library/PrivateFrameworks/LinguisticData.framework/Versions/A/LinguisticData
0x00007ff8013f0000 	/System/Library/PrivateFrameworks/Lexicon.framework/Versions/A/Lexicon
0x00007ff80cdb6000 	/System/Library/PrivateFrameworks/BackgroundTaskManagement.framework/Versions/A/BackgroundTaskManagement
0x00007ffc18491000 	/usr/lib/libTLE.dylib
0x00007ff80fb71000 	/System/Library/PrivateFrameworks/AppleJPEG.framework/Versions/A/AppleJPEG
0x00007ff80f693000 	/usr/lib/libexpat.1.dylib
0x00007ff8102a0000 	/System/Library/Frameworks/ImageIO.framework/Versions/A/Resources/libPng.dylib
0x00007ff8102cd000 	/System/Library/Frameworks/ImageIO.framework/Versions/A/Resources/libTIFF.dylib
0x00007ff8103c3000 	/System/Library/Frameworks/ImageIO.framework/Versions/A/Resources/libGIF.dylib
0x00007ff80fbbd000 	/System/Library/Frameworks/ImageIO.framework/Versions/A/Resources/libJP2.dylib
0x00007ff810362000 	/System/Library/Frameworks/ImageIO.framework/Versions/A/Resources/libJPEG.dylib
0x00007ff810359000 	/System/Library/Frameworks/ImageIO.framework/Versions/A/Resources/libRadiance.dylib
0x00007ff80b1de000 	/System/Library/PrivateFrameworks/FontServices.framework/libFontParser.dylib
0x00007ff8079dd000 	/System/Library/PrivateFrameworks/RunningBoardServices.framework/Versions/A/RunningBoardServices
0x00007ff81c119000 	/System/Library/PrivateFrameworks/IOSurfaceAccelerator.framework/Versions/A/IOSurfaceAccelerator
0x00007ff80fcab000 	/System/Library/PrivateFrameworks/WatchdogClient.framework/Versions/A/WatchdogClient
0x00007ff8026a6000 	/System/Library/Frameworks/CoreDisplay.framework/Versions/A/CoreDisplay
0x00007ff80b0ad000 	/System/Library/Frameworks/CoreMedia.framework/Versions/A/CoreMedia
0x00007ff80ae4f000 	/System/Library/PrivateFrameworks/IOAccelerator.framework/Versions/A/IOAccelerator
0x00007ff809703000 	/System/Library/Frameworks/CoreVideo.framework/Versions/A/CoreVideo
0x00007ff80dcb0000 	/System/Library/Frameworks/MetalPerformanceShaders.framework/Versions/A/MetalPerformanceShaders
0x00007ff80fcea000 	/System/Library/Frameworks/VideoToolbox.framework/Versions/A/VideoToolbox
0x00007ff809790000 	/System/Library/PrivateFrameworks/UserManagement.framework/Versions/A/UserManagement
0x00007ff807906000 	/System/Library/PrivateFrameworks/BaseBoard.framework/Versions/A/BaseBoard
0x00007ff80bdef000 	/System/Library/PrivateFrameworks/AggregateDictionary.framework/Versions/A/AggregateDictionary
0x00007ffb0c888000 	/System/Library/PrivateFrameworks/AppleKeyStore.framework/Versions/A/AppleKeyStore
0x00007ff810352000 	/System/Library/PrivateFrameworks/GPUWrangler.framework/Versions/A/GPUWrangler
0x00007ff810336000 	/System/Library/PrivateFrameworks/IOPresentment.framework/Versions/A/IOPresentment
0x00007ff81035c000 	/System/Library/PrivateFrameworks/DSExternalDisplay.framework/Versions/A/DSExternalDisplay
0x00007ffb186d0000 	/System/Library/PrivateFrameworks/GPUCompiler.framework/Versions/32023/Libraries/libllvm-flatbuffers.dylib
0x00007ffa1d0ab000 	/System/Library/Frameworks/OpenGL.framework/Versions/A/Libraries/libCoreFSCache.dylib
0x00007ffb15856000 	/System/Library/PrivateFrameworks/GPUCompiler.framework/Versions/32023/Libraries/libGPUCompilerUtils.dylib
0x00007ff8103c9000 	/System/Library/PrivateFrameworks/CMCaptureCore.framework/Versions/A/CMCaptureCore
0x00007ffb05569000 	/System/Library/Frameworks/ExtensionFoundation.framework/Versions/A/ExtensionFoundation
0x00007ff8176da000 	/System/Library/PrivateFrameworks/CoreTime.framework/Versions/A/CoreTime
0x00007ff80f85e000 	/System/Library/PrivateFrameworks/AppServerSupport.framework/Versions/A/AppServerSupport
0x00007ff811e05000 	/System/Library/PrivateFrameworks/perfdata.framework/Versions/A/perfdata
0x00007ff8027d4000 	/System/Library/PrivateFrameworks/AudioToolboxCore.framework/Versions/A/AudioToolboxCore
0x00007ff80b087000 	/System/Library/PrivateFrameworks/caulk.framework/Versions/A/caulk
0x00007ff81169d000 	/usr/lib/libAudioStatistics.dylib
0x00007ff90650d000 	/System/Library/PrivateFrameworks/SystemPolicy.framework/Versions/A/SystemPolicy
0x00007ff81195f000 	/usr/lib/libSMC.dylib
0x00007ff81b7a2000 	/System/Library/Frameworks/CoreMIDI.framework/Versions/A/CoreMIDI
0x00007ff810267000 	/usr/lib/libAudioToolboxUtility.dylib
0x00007ff901b07000 	/System/Library/PrivateFrameworks/OSAServicesClient.framework/Versions/A/OSAServicesClient
0x00007ff811e13000 	/usr/lib/libperfcheck.dylib
0x00007ff817185000 	/System/Library/PrivateFrameworks/BoardServices.framework/Versions/A/BoardServices
0x00007ff80f573000 	/System/Library/PrivateFrameworks/PlugInKit.framework/Versions/A/PlugInKit
0x00007ff80cd20000 	/System/Library/PrivateFrameworks/AssertionServices.framework/Versions/A/AssertionServices
0x00007ffa03c31000 	/System/Library/PrivateFrameworks/Symbolication.framework/Versions/A/Symbolication
0x00007ffc033ae000 	/System/Library/PrivateFrameworks/PhotosensitivityProcessing.framework/Versions/A/PhotosensitivityProcessing
0x00007ffa1e6cd000 	/System/Library/Frameworks/OpenCL.framework/Versions/A/OpenCL
0x00007ff80f809000 	/System/Library/PrivateFrameworks/GraphVisualizer.framework/Versions/A/GraphVisualizer
0x00007ffa1d108000 	/System/Library/Frameworks/OpenGL.framework/Versions/A/Libraries/libGLU.dylib
0x00007ffa1d0ca000 	/System/Library/Frameworks/OpenGL.framework/Versions/A/Libraries/libGFXShared.dylib
0x00007ffa1d2c6000 	/System/Library/Frameworks/OpenGL.framework/Versions/A/Libraries/libGL.dylib
0x00007ffa1d0d2000 	/System/Library/Frameworks/OpenGL.framework/Versions/A/Libraries/libGLImage.dylib
0x00007ffa1d0c7000 	/System/Library/Frameworks/OpenGL.framework/Versions/A/Libraries/libCVMSPluginSupport.dylib
0x00007ffc1844d000 	/usr/lib/libRosetta.dylib
0x00007ffa1d0b2000 	/System/Library/Frameworks/OpenGL.framework/Versions/A/Libraries/libCoreVMClient.dylib
0x00007ffb13bb9000 	/System/Library/PrivateFrameworks/FontServices.framework/Versions/A/FontServices
0x00007ff80f818000 	/System/Library/PrivateFrameworks/OTSVG.framework/Versions/A/OTSVG
0x00007ff8092be000 	/System/Library/Frameworks/ApplicationServices.framework/Versions/A/Frameworks/ATS.framework/Versions/A/Resources/libFontRegistry.dylib
0x00007ff80f869000 	/System/Library/PrivateFrameworks/FontServices.framework/libhvf.dylib
0x00007ffb13bba000 	/System/Library/PrivateFrameworks/FontServices.framework/libXTFontStaticRegistryData.dylib
0x00007ff80bd2e000 	/System/Library/Frameworks/MetalPerformanceShaders.framework/Versions/A/Frameworks/MPSCore.framework/Versions/A/MPSCore
0x00007ff80d584000 	/System/Library/Frameworks/MetalPerformanceShaders.framework/Versions/A/Frameworks/MPSImage.framework/Versions/A/MPSImage
0x00007ff80ce8c000 	/System/Library/Frameworks/MetalPerformanceShaders.framework/Versions/A/Frameworks/MPSNeuralNetwork.framework/Versions/A/MPSNeuralNetwork
0x00007ff80d3fb000 	/System/Library/Frameworks/MetalPerformanceShaders.framework/Versions/A/Frameworks/MPSMatrix.framework/Versions/A/MPSMatrix
0x00007ff80d1ad000 	/System/Library/Frameworks/MetalPerformanceShaders.framework/Versions/A/Frameworks/MPSRayIntersector.framework/Versions/A/MPSRayIntersector
0x00007ff80d43a000 	/System/Library/Frameworks/MetalPerformanceShaders.framework/Versions/A/Frameworks/MPSNDArray.framework/Versions/A/MPSNDArray
0x00007ffb06d7e000 	/System/Library/Frameworks/MetalPerformanceShaders.framework/Versions/A/Frameworks/MPSFunctions.framework/Versions/A/MPSFunctions
0x00007ffb06d61000 	/System/Library/Frameworks/MetalPerformanceShaders.framework/Versions/A/Frameworks/MPSBenchmarkLoop.framework/Versions/A/MPSBenchmarkLoop
0x00007ff80102b000 	/System/Library/PrivateFrameworks/MetalTools.framework/Versions/A/MetalTools
0x00007ff90b8a9000 	/System/Library/PrivateFrameworks/IOAccelMemoryInfo.framework/Versions/A/IOAccelMemoryInfo
0x00007ff917bf5000 	/System/Library/PrivateFrameworks/kperf.framework/Versions/A/kperf
0x00007ff907190000 	/System/Library/PrivateFrameworks/GPURawCounter.framework/Versions/A/GPURawCounter
0x00007ff8175af000 	/System/Library/PrivateFrameworks/CoreSymbolication.framework/Versions/A/CoreSymbolication
0x00007ff907140000 	/System/Library/PrivateFrameworks/MallocStackLogging.framework/Versions/A/MallocStackLogging
0x00007ff80f418000 	/System/Library/PrivateFrameworks/CrashReporterSupport.framework/Versions/A/CrashReporterSupport
0x00007ff817570000 	/System/Library/PrivateFrameworks/DebugSymbols.framework/Versions/A/DebugSymbols
0x00007ff9165fa000 	/System/Library/PrivateFrameworks/OSAnalytics.framework/Versions/A/OSAnalytics
0x00007ffc0f754000 	/System/Library/PrivateFrameworks/VideoToolboxParavirtualizationSupport.framework/Versions/A/VideoToolboxParavirtualizationSupport
0x00007ff80f645000 	/System/Library/PrivateFrameworks/AppleVA.framework/Versions/A/AppleVA
0x00007ff8116dd000 	/System/Library/Frameworks/ApplicationServices.framework/Versions/A/Frameworks/ATS.framework/Versions/A/ATS
0x00007ff806d16000 	/System/Library/Frameworks/ApplicationServices.framework/Versions/A/Frameworks/HIServices.framework/Versions/A/HIServices
0x00007ff8103d7000 	/System/Library/Frameworks/ApplicationServices.framework/Versions/A/Frameworks/PrintCore.framework/Versions/A/PrintCore
0x00007ff811ab3000 	/System/Library/Frameworks/ApplicationServices.framework/Versions/A/Frameworks/QD.framework/Versions/A/QD
0x00007ff811aac000 	/System/Library/Frameworks/ApplicationServices.framework/Versions/A/Frameworks/ColorSyncLegacy.framework/Versions/A/ColorSyncLegacy
0x00007ff8116b3000 	/System/Library/Frameworks/ApplicationServices.framework/Versions/A/Frameworks/SpeechSynthesis.framework/Versions/A/SpeechSynthesis
0x00007ff810393000 	/System/Library/Frameworks/ApplicationServices.framework/Versions/A/Frameworks/ATSUI.framework/Versions/A/ATSUI
0x00007ff811a3e000 	/usr/lib/libcups.2.dylib
0x00007ff811e22000 	/System/Library/Frameworks/Kerberos.framework/Versions/A/Kerberos
0x00007ff811e31000 	/System/Library/Frameworks/GSS.framework/Versions/A/GSS
0x00007ff811756000 	/usr/lib/libresolv.9.dylib
0x00007ff80f87b000 	/System/Library/PrivateFrameworks/Heimdal.framework/Versions/A/Heimdal
0x00007ff8195f5000 	/System/Library/Frameworks/Kerberos.framework/Versions/A/Libraries/libHeimdalProxy.dylib
0x00007ff811e7f000 	/System/Library/PrivateFrameworks/CommonAuth.framework/Versions/A/CommonAuth
0x00007ffb0449d000 	/System/Library/Frameworks/AVFAudio.framework/Versions/A/AVFAudio
0x00007ff901b4e000 	/System/Library/PrivateFrameworks/AXCoreUtilities.framework/Versions/A/AXCoreUtilities
0x00007ffb1daac000 	/System/Library/PrivateFrameworks/IsolatedCoreAudioClient.framework/Versions/A/IsolatedCoreAudioClient
0x00007ff811624000 	/System/Library/PrivateFrameworks/AudioSession.framework/Versions/A/AudioSession
0x00007ff813156000 	/System/Library/Frameworks/IOBluetooth.framework/Versions/A/IOBluetooth
0x00007ff80f753000 	/System/Library/PrivateFrameworks/MediaExperience.framework/Versions/A/MediaExperience
0x00007ff811476000 	/System/Library/PrivateFrameworks/AudioSession.framework/libSessionUtility.dylib
0x00007ff811abe000 	/System/Library/PrivateFrameworks/AudioResourceArbitration.framework/Versions/A/AudioResourceArbitration
0x00007ff81621b000 	/System/Library/PrivateFrameworks/PowerLog.framework/Versions/A/PowerLog
0x00007ff816138000 	/System/Library/Frameworks/CoreBluetooth.framework/Versions/A/CoreBluetooth
0x00007ff8195f6000 	/System/Library/Frameworks/AudioUnit.framework/Versions/A/AudioUnit
0x00007ff80cb92000 	/System/Library/PrivateFrameworks/CoreUtils.framework/Versions/A/CoreUtils
0x00007ffb120e0000 	/System/Library/PrivateFrameworks/CoreUtilsExtras.framework/Versions/A/CoreUtilsExtras
0x00007ffb1c5a2000 	/System/Library/PrivateFrameworks/IO80211.framework/Versions/A/IO80211
0x00007ff8170c7000 	/System/Library/PrivateFrameworks/FrontBoardServices.framework/Versions/A/FrontBoardServices
0x00007ff818bda000 	/System/Library/PrivateFrameworks/BackBoardServices.framework/Versions/A/BackBoardServices
0x00007ff80f6b7000 	/System/Library/PrivateFrameworks/IconFoundation.framework/Versions/A/IconFoundation
0x00007ff815138000 	/System/Library/PrivateFrameworks/SpeechRecognitionCore.framework/Versions/A/SpeechRecognitionCore
0x00007ff901b67000 	/usr/lib/libAccessibility.dylib
0x00007ff81582e000 	/System/Library/Frameworks/MediaAccessibility.framework/Versions/A/MediaAccessibility
0x00007ffa075b8000 	/System/Library/Frameworks/OSLog.framework/Versions/A/OSLog
0x00007ff9070cb000 	/System/Library/PrivateFrameworks/LoggingSupport.framework/Versions/A/LoggingSupport
0x000000010e05c000 	/Library/Java/JavaVirtualMachines/jdk-17.jdk/Contents/Home/lib/server/libjvm.dylib
0x000000010cb0b000 	/Library/Java/JavaVirtualMachines/jdk-17.jdk/Contents/Home/lib/libjimage.dylib
0x000000010cb49000 	/Library/Java/JavaVirtualMachines/jdk-17.jdk/Contents/Home/lib/libjava.dylib
0x000000010cc5e000 	/Library/Java/JavaVirtualMachines/jdk-17.jdk/Contents/Home/lib/libnio.dylib
0x000000010cc7a000 	/Library/Java/JavaVirtualMachines/jdk-17.jdk/Contents/Home/lib/libnet.dylib
0x000000010cb32000 	/Library/Java/JavaVirtualMachines/jdk-17.jdk/Contents/Home/lib/libzip.dylib
0x000000010cc9a000 	/Library/Java/JavaVirtualMachines/jdk-17.jdk/Contents/Home/lib/libmanagement.dylib
0x000000010ccaa000 	/Library/Java/JavaVirtualMachines/jdk-17.jdk/Contents/Home/lib/libmanagement_ext.dylib
0x00007ff810eb8000 	/usr/lib/libusrtcp.dylib
0x00007ff805a05000 	/usr/lib/libboringssl.dylib
0x000000010ccba000 	/Library/Java/JavaVirtualMachines/jdk-17.jdk/Contents/Home/lib/libextnet.dylib


VM Arguments:
jvm_args: -Dcom.sun.management.jmxremote -Dcom.sun.management.jmxremote.port=55364 -Dcom.sun.management.jmxremote.authenticate=false -Dcom.sun.management.jmxremote.ssl=false -Djava.rmi.server.hostname=localhost -Dspring.jmx.enabled=true -Dmanagement.endpoints.jmx.exposure.include=* -Dspring.application.admin.enabled=true -Djava.security.egd=file:/dev/./urandom -XX:TieredStopAtLevel=1 -Dspring.boot.project.name=account-service -Dfile.encoding=UTF-8 -Dstdout.encoding=UTF-8 -Dstderr.encoding=UTF-8 -XX:+ShowCodeDetailsInExceptionMessages 
java_command: com.ardakkan.demo.AccountServiceApplication --spring.output.ansi.enabled=always
java_class_path (initial): /Users/ardaakkan/Documents/workspace-spring-tool-suite-4-4.20.0.RELEASE/account-service/target/classes:/Users/ardaakkan/.m2/repository/org/springframework/boot/spring-boot-starter-actuator/3.3.3/spring-boot-starter-actuator-3.3.3.jar:/Users/ardaakkan/.m2/repository/org/springframework/boot/spring-boot-starter/3.3.3/spring-boot-starter-3.3.3.jar:/Users/ardaakkan/.m2/repository/org/springframework/boot/spring-boot-starter-logging/3.3.3/spring-boot-starter-logging-3.3.3.jar:/Users/ardaakkan/.m2/repository/ch/qos/logback/logback-classic/1.5.7/logback-classic-1.5.7.jar:/Users/ardaakkan/.m2/repository/ch/qos/logback/logback-core/1.5.7/logback-core-1.5.7.jar:/Users/ardaakkan/.m2/repository/org/apache/logging/log4j/log4j-to-slf4j/2.23.1/log4j-to-slf4j-2.23.1.jar:/Users/ardaakkan/.m2/repository/org/apache/logging/log4j/log4j-api/2.23.1/log4j-api-2.23.1.jar:/Users/ardaakkan/.m2/repository/org/slf4j/jul-to-slf4j/2.0.16/jul-to-slf4j-2.0.16.jar:/Users/ardaakkan/.m2/repository/jakarta/annotation/jakarta.annotation-api/2.1.1/jakarta.annotation-api-2.1.1.jar:/Users/ardaakkan/.m2/repository/org/yaml/snakeyaml/2.2/snakeyaml-2.2.jar:/Users/ardaakkan/.m2/repository/org/springframework/boot/spring-boot-actuator-autoconfigure/3.3.3/spring-boot-actuator-autoconfigure-3.3.3.jar:/Users/ardaakkan/.m2/repository/org/springframework/boot/spring-boot-actuator/3.3.3/spring-boot-actuator-3.3.3.jar:/Users/ardaakkan/.m2/repository/com/fasterxml/jackson/core/jackson-databind/2.17.2/jackson-databind-2.17.2.jar:/Users/ardaakkan/.m2/repository/com/fasterxml/jackson/datatype/jackson-datatype-jsr310/2.17.2/jackson-datatype-jsr310-2.17.2.jar:/Users/ardaakkan/.m2/repository/io/micrometer/micrometer-observation/1.13.3/micrometer-observation-1.13.3.jar:/Users/ardaakkan/.m2/repository/io/micrometer/micrometer-commons/1.13.3/micrometer-commons-1.13.3.jar:/Users/ardaakkan/.m2/repository/io/micrometer/micrometer-jakarta9/1.13.3/micrometer-jakarta9-1.13.3.jar:/Users/ardaakkan/.m2/repo
Launcher Type: SUN_STANDARD

[Global flags]
     intx CICompilerCount                          = 4                                         {product} {ergonomic}
     uint ConcGCThreads                            = 3                                         {product} {ergonomic}
     uint G1ConcRefinementThreads                  = 10                                        {product} {ergonomic}
   size_t G1HeapRegionSize                         = 2097152                                   {product} {ergonomic}
    uintx GCDrainStackTargetSize                   = 64                                        {product} {ergonomic}
   size_t InitialHeapSize                          = 268435456                                 {product} {ergonomic}
     bool ManagementServer                         = true                                      {product} {command line}
   size_t MarkStackSize                            = 4194304                                   {product} {ergonomic}
   size_t MaxHeapSize                              = 4294967296                                {product} {ergonomic}
   size_t MaxNewSize                               = 2575302656                                {product} {ergonomic}
   size_t MinHeapDeltaBytes                        = 2097152                                   {product} {ergonomic}
   size_t MinHeapSize                              = 8388608                                   {product} {ergonomic}
    uintx NonProfiledCodeHeapSize                  = 0                                      {pd product} {ergonomic}
     bool ProfileInterpreter                       = false                                  {pd product} {command line}
    uintx ProfiledCodeHeapSize                     = 0                                      {pd product} {ergonomic}
     bool ShowCodeDetailsInExceptionMessages       = true                                   {manageable} {command line}
   size_t SoftMaxHeapSize                          = 4294967296                             {manageable} {ergonomic}
     intx TieredStopAtLevel                        = 1                                         {product} {command line}
     bool UseCompressedClassPointers               = true                           {product lp64_product} {ergonomic}
     bool UseCompressedOops                        = true                           {product lp64_product} {ergonomic}
     bool UseG1GC                                  = true                                      {product} {ergonomic}
     bool UseNUMA                                  = false                                     {product} {ergonomic}
     bool UseNUMAInterleaving                      = false                                     {product} {ergonomic}

Logging:
Log output configuration:
 #0: stdout all=warning uptime,level,tags
 #1: stderr all=off uptime,level,tags

Environment Variables:
PATH=/usr/bin:/bin:/usr/sbin:/sbin
SHELL=/bin/zsh

Signal Handlers:
   SIGSEGV: crash_handler in libjvm.dylib, mask=11100110000111110111111111111111, flags=SA_RESTART|SA_SIGINFO
    SIGBUS: crash_handler in libjvm.dylib, mask=11100110000111110111111111111111, flags=SA_RESTART|SA_SIGINFO
    SIGFPE: crash_handler in libjvm.dylib, mask=11100110000111110111111111111111, flags=SA_RESTART|SA_SIGINFO
   SIGPIPE: javaSignalHandler in libjvm.dylib, mask=11100110000111110111111111111111, flags=SA_RESTART|SA_SIGINFO
   SIGXFSZ: javaSignalHandler in libjvm.dylib, mask=11100110000111110111111111111111, flags=SA_RESTART|SA_SIGINFO
    SIGILL: crash_handler in libjvm.dylib, mask=11100110000111110111111111111111, flags=SA_RESTART|SA_SIGINFO
   SIGUSR2: SR_handler in libjvm.dylib, mask=00100000000000000000000000000000, flags=SA_RESTART|SA_SIGINFO
    SIGHUP: UserHandler in libjvm.dylib, mask=11100110000111110111111111111111, flags=SA_RESTART|SA_SIGINFO
    SIGINT: UserHandler in libjvm.dylib, mask=11100110000111110111111111111111, flags=SA_RESTART|SA_SIGINFO
   SIGTERM: UserHandler in libjvm.dylib, mask=11100110000111110111111111111111, flags=SA_RESTART|SA_SIGINFO
   SIGQUIT: UserHandler in libjvm.dylib, mask=11100110000111110111111111111111, flags=SA_RESTART|SA_SIGINFO
   SIGTRAP: crash_handler in libjvm.dylib, mask=11100110000111110111111111111111, flags=SA_RESTART|SA_SIGINFO


---------------  S Y S T E M  ---------------

OS:
uname: Darwin 23.6.0 Darwin Kernel Version 23.6.0: Mon Jul 29 21:13:00 PDT 2024; root:xnu-10063.141.2~1/RELEASE_X86_64 x86_64
OS uptime: 1 days 21:08 hours
rlimit (soft/hard): STACK 8192k/65532k , CORE 0k/infinity , NPROC 2784/4176 , NOFILE 10240/infinity , AS infinity/infinity , CPU infinity/infinity , DATA infinity/infinity , FSIZE infinity/infinity , MEMLOCK infinity/infinity , RSS infinity/infinity
load average: 3.92 3.47 2.94

CPU: total 12 (initial active 12) (6 cores per cpu, 2 threads per core) family 6 model 158 stepping 10 microcode 0xf8, cx8, cmov, fxsr, ht, mmx, 3dnowpref, sse, sse2, sse3, ssse3, sse4.1, sse4.2, popcnt, lzcnt, tsc, tscinvbit, avx, avx2, aes, erms, clmul, bmi1, bmi2, adx, fma, vzeroupper, clflush, clflushopt

Memory: 4k page, physical 16777216k(123016k free), swap 2097152k(1410304k free)

vm_info: Java HotSpot(TM) 64-Bit Server VM (17.0.8+9-LTS-211) for bsd-amd64 JRE (17.0.8+9-LTS-211), built on Jun 14 2023 09:35:19 by "mach5one" with clang Apple LLVM 12.0.0 (clang-1200.0.32.29)

END.
