#
# A fatal error has been detected by the Java Runtime Environment:
#
#  SIGSEGV (0xb) at pc=0x0000000000000000, pid=19677, tid=42755
#
# JRE version: OpenJDK Runtime Environment Temurin-17.0.8.1+1 (17.0.8.1+1) (build 17.0.8.1+1)
# Java VM: OpenJDK 64-Bit Server VM Temurin-17.0.8.1+1 (17.0.8.1+1, mixed mode, tiered, compressed oops, compressed class ptrs, g1 gc, bsd-amd64)
# Problematic frame:
# C  0x0000000000000000
#
# No core dump will be written. Core dumps have been disabled. To enable core dumping, try "ulimit -c unlimited" before starting Java again
#
# If you would like to submit a bug report, please visit:
#   https://github.com/adoptium/adoptium-support/issues
#

---------------  S U M M A R Y ------------

Command Line: -Dmaven.home=EMBEDDED -Dclassworlds.conf=/Users/ardaakkan/Documents/workspace-spring-tool-suite-4-4.20.0.RELEASE/.metadata/.plugins/org.eclipse.m2e.launching/launches/m2conf16742260118501139148.tmp -Dmaven.multiModuleProjectDirectory=/Users/ardaakkan/Downloads/spring-microservices-v2-main/04.docker/naming-server -Dm2e.build.project.data.socket.port=55248 -Dfile.encoding=UTF-8 -Dstdout.encoding=UTF-8 -Dstderr.encoding=UTF-8 -XX:+ShowCodeDetailsInExceptionMessages org.codehaus.plexus.classworlds.launcher.Launcher -B -Dstyle.color=always clean install

Host: "MacBookPro16,1" x86_64 2600 MHz, 12 cores, 16G, Darwin 23.6.0, macOS 10.16 (23G93)
Time: Thu Sep 19 11:18:33 2024 +03 elapsed time: 3.366464 seconds (0d 0h 0m 3s)

---------------  T H R E A D  ---------------

Current thread (0x00007f7e5c81dec0):  ConcurrentGCThread "G1 Conc#1" [stack: 0x0000700004f39000,0x0000700005039000] [id=42755]

Stack: [0x0000700004f39000,0x0000700005039000],  sp=0x0000700005038e28,  free space=1023k

siginfo: si_signo: 11 (SIGSEGV), si_code: 1 (SEGV_MAPERR), si_addr: 0x0000000000000000

Register to memory mapping:

RAX=0x0000000126000018 is pointing into metadata
RBX=0x0 is NULL
RCX=0x0 is NULL
RDX=0x00000001080b7480: _ZN23CompressedKlassPointers13_narrow_klassE+0 in /Applications/SpringToolSuite4.app/Contents/Eclipse/plugins/org.eclipse.justj.openjdk.hotspot.jre.full.macosx.x86_64_17.0.8.v20230831-1047/jre/lib/server/libjvm.dylib at 0x000000010737f000
RSP=0x0000700005038e28 points into unknown readable memory: 0x00000001077afbf0 | f0 fb 7a 07 01 00 00 00
RBP=0x0000700005038e90 points into unknown readable memory: 0x0000700005038ec0 | c0 8e 03 05 00 70 00 00
RSI=
[error occurred during error reporting (printing register info), id 0xb, SIGSEGV (0xb) at pc=0x0000000000000000]

Registers:
RAX=0x0000000126000018, RBX=0x0000000000000000, RCX=0x0000000000000000, RDX=0x00000001080b7480
RSP=0x0000700005038e28, RBP=0x0000700005038e90, RSI=0x0000000701a5da78, RDI=0x00000008000cbd10
R8 =0x00006000035a5068, R9 =0x00000007018d0d20, R10=0x00007ff800831fe6, R11=0x0000000000000246
R12=0x0000000701a5da78, R13=0x0000000000000240, R14=0x0000000701b8e000, R15=0x00000008000cbd10
RIP=0x0000000000000000, EFLAGS=0x0000000000010246, ERR=0x0000000000000014
  TRAPNO=0x000000000000000e

Top of Stack: (sp=0x0000700005038e28)
0x0000700005038e28:   00000001077afbf0 0000700005038e50
0x0000700005038e38:   000000010808f8b0 0000000000000000
0x0000700005038e48:   0000000100000003 00007f7e5c009600
0x0000700005038e58:   00007f7e5c022e00 00007f7e00000001
0x0000700005038e68:   00007f7e5c022e00 00007f7e5c022ec8
0x0000700005038e78:   00007ff843dc0c08 0000000000000001
0x0000700005038e88:   00007000035e7c98 0000700005038ec0
0x0000700005038e98:   00000001077b503c 00007000035e7c98
0x0000700005038ea8:   0000000000000001 0000700005038ed8
0x0000700005038eb8:   00007f7e5c81dec0 0000700005038f00
0x0000700005038ec8:   0000000107ee4e1a 3147203a6176614a
0x0000700005038ed8:   00312363ffffffff 00007f7e5c81dec0
0x0000700005038ee8:   000000000000a703 0000000000100000
0x0000700005038ef8:   0000700004f39000 0000700005038f20
0x0000700005038f08:   0000000107ee4d96 00000001080b02c0
0x0000700005038f18:   00007f7e5c81dec0 0000700005038f70
0x0000700005038f28:   0000000107e29e5f 0000600001135400
0x0000700005038f38:   0000600000432200 00007f7e5c81dec0
0x0000700005038f48:   0000600000432200 0000700005038f70
0x0000700005038f58:   0000600002098e40 00007f7e5c81dec0
0x0000700005038f68:   0000600000432200 0000700005038fb0
0x0000700005038f78:   0000000107c32e8b 000000000000a703
0x0000700005038f88:   0000700005039000 0000000000000000
0x0000700005038f98:   0000000000000000 0000000000000000
0x0000700005038fa8:   0000000000000000 0000700005038fd0
0x0000700005038fb8:   00007ff80087218b 0000000000000000
0x0000700005038fc8:   0000000000000000 0000700005038ff0
0x0000700005038fd8:   00007ff80086dae3 0000000000000000
0x0000700005038fe8:   0000000000000000 0000000000000000
0x0000700005038ff8:   0000000000000000 2ecda50a86144d63
0x0000700005039008:   0000000000000000 000070000513c000
0x0000700005039018:   0000700004f36010 0000000000000000 

Instructions: (pc=0x0000000000000000)
0xffffffffffffff00:   


Stack slot to memory mapping:
stack at sp + 0 slots: 0x00000001077afbf0: _ZN16G1ConcurrentMark16scan_root_regionEPK9MemRegionj+0xc0 in /Applications/SpringToolSuite4.app/Contents/Eclipse/plugins/org.eclipse.justj.openjdk.hotspot.jre.full.macosx.x86_64_17.0.8.v20230831-1047/jre/lib/server/libjvm.dylib at 0x000000010737f000
stack at sp + 1 slots: 0x0000700005038e50 points into unknown readable memory: 0x00007f7e5c009600 | 00 96 00 5c 7e 7f 00 00
stack at sp + 2 slots: 0x000000010808f8b0: _ZTV23G1RootRegionScanClosure+0x10 in /Applications/SpringToolSuite4.app/Contents/Eclipse/plugins/org.eclipse.justj.openjdk.hotspot.jre.full.macosx.x86_64_17.0.8.v20230831-1047/jre/lib/server/libjvm.dylib at 0x000000010737f000
stack at sp + 3 slots: 0x0 is NULL
stack at sp + 4 slots: 0x0000000100000003 is an unknown value
stack at sp + 5 slots: 0x00007f7e5c009600 points into unknown readable memory: 0x000000010808eff0 | f0 ef 08 08 01 00 00 00
stack at sp + 6 slots: 0x00007f7e5c022e00 points into unknown readable memory: 0x00007f7e5bf08540 | 40 85 f0 5b 7e 7f 00 00
stack at sp + 7 slots: 0x00007f7e00000001 is an unknown value


---------------  P R O C E S S  ---------------

Threads class SMR info:
_java_thread_list=0x00006000004a1980, length=11, elements={
0x00007f7e5d81ca00, 0x00007f7e60011e00, 0x00007f7e5f808200, 0x00007f7e5f808800,
0x00007f7e5f808e00, 0x00007f7e5f815a00, 0x00007f7e5f816000, 0x00007f7e5f816600,
0x00007f7e60010200, 0x00007f7e5d00c400, 0x00007f7e60012a00
}

Java Threads: ( => current thread )
  0x00007f7e5d81ca00 JavaThread "main" [_thread_in_Java, id=10243, stack(0x00007000032e2000,0x00007000033e2000)]
  0x00007f7e60011e00 JavaThread "Reference Handler" daemon [_thread_blocked, id=19459, stack(0x00007000039f7000,0x0000700003af7000)]
  0x00007f7e5f808200 JavaThread "Finalizer" daemon [_thread_blocked, id=18691, stack(0x0000700003afa000,0x0000700003bfa000)]
  0x00007f7e5f808800 JavaThread "Signal Dispatcher" daemon [_thread_blocked, id=30723, stack(0x0000700003d03000,0x0000700003e03000)]
  0x00007f7e5f808e00 JavaThread "Service Thread" daemon [_thread_blocked, id=22787, stack(0x0000700003e06000,0x0000700003f06000)]
  0x00007f7e5f815a00 JavaThread "Monitor Deflation Thread" daemon [_thread_blocked, id=23043, stack(0x0000700003f09000,0x0000700004009000)]
  0x00007f7e5f816000 JavaThread "C2 CompilerThread0" daemon [_thread_in_native, id=29699, stack(0x000070000400c000,0x000070000410c000)]
  0x00007f7e5f816600 JavaThread "C1 CompilerThread0" daemon [_thread_in_native, id=23555, stack(0x000070000410f000,0x000070000420f000)]
  0x00007f7e60010200 JavaThread "Sweeper thread" daemon [_thread_blocked, id=29187, stack(0x0000700004212000,0x0000700004312000)]
  0x00007f7e5d00c400 JavaThread "Notification Thread" daemon [_thread_blocked, id=23811, stack(0x0000700004315000,0x0000700004415000)]
  0x00007f7e60012a00 JavaThread "Common-Cleaner" daemon [_thread_blocked, id=28419, stack(0x000070000451b000,0x000070000461b000)]

Other Threads:
  0x00007f7e5f204080 VMThread "VM Thread" [stack: 0x00007000038f4000,0x00007000039f4000] [id=20227]
  0x00007f7e5c80c820 WatcherThread [stack: 0x0000700004418000,0x0000700004518000] [id=28675]
  0x00007f7e5bf07e90 GCTaskThread "GC Thread#0" [stack: 0x00007000033e5000,0x00007000034e5000] [id=12803]
  0x00007f7e5c911d50 GCTaskThread "GC Thread#1" [stack: 0x000070000461e000,0x000070000471e000] [id=24835]
  0x00007f7e5c9121d0 GCTaskThread "GC Thread#2" [stack: 0x0000700004721000,0x0000700004821000] [id=27907]
  0x00007f7e5c912a40 GCTaskThread "GC Thread#3" [stack: 0x0000700004824000,0x0000700004924000] [id=25091]
  0x00007f7e5c9132b0 GCTaskThread "GC Thread#4" [stack: 0x0000700004927000,0x0000700004a27000] [id=25603]
  0x00007f7e5c913b20 GCTaskThread "GC Thread#5" [stack: 0x0000700004a2a000,0x0000700004b2a000] [id=27395]
  0x00007f7e5c914730 GCTaskThread "GC Thread#6" [stack: 0x0000700004b2d000,0x0000700004c2d000] [id=26371]
  0x00007f7e5c914bb0 GCTaskThread "GC Thread#7" [stack: 0x0000700004c30000,0x0000700004d30000] [id=26883]
  0x00007f7e5c915030 GCTaskThread "GC Thread#8" [stack: 0x0000700004d33000,0x0000700004e33000] [id=32771]
  0x00007f7e5bf1fc70 GCTaskThread "GC Thread#9" [stack: 0x0000700004e36000,0x0000700004f36000] [id=43011]
  0x00007f7e5bf08540 ConcurrentGCThread "G1 Main Marker" [stack: 0x00007000034e8000,0x00007000035e8000] [id=14339]
  0x00007f7e5bf08dc0 ConcurrentGCThread "G1 Conc#0" [stack: 0x00007000035eb000,0x00007000036eb000] [id=13571]
=>0x00007f7e5c81dec0 ConcurrentGCThread "G1 Conc#1" [stack: 0x0000700004f39000,0x0000700005039000] [id=42755]
  0x00007f7e5c81e340 ConcurrentGCThread "G1 Conc#2" [stack: 0x000070000503c000,0x000070000513c000] [id=33283]
  0x00007f7e5bf0be30 ConcurrentGCThread "G1 Refine#0" [stack: 0x00007000036ee000,0x00007000037ee000] [id=21507]
  0x00007f7e5bf0c6d0 ConcurrentGCThread "G1 Service" [stack: 0x00007000037f1000,0x00007000038f1000] [id=20995]

Threads with active compile tasks:
C2 CompilerThread0     3371 5518       4       java.util.Arrays::equals (43 bytes)
C1 CompilerThread0     3371 5622       2       jdk.internal.jimage.ImageReader$SharedImageReader::lambda$handleModulesSubTree$1 (43 bytes)

VM state: not at safepoint (normal execution)

VM Mutex/Monitor currently owned by a thread: None

Heap address: 0x0000000700000000, size: 4096 MB, Compressed Oops mode: Zero based, Oop shift amount: 3

CDS archive(s) not mapped
Compressed class space mapped at: 0x0000000800000000-0x0000000840000000, reserved size: 1073741824
Narrow klass base: 0x0000000800000000, Narrow klass shift: 0, Narrow klass range: 0x40000000

GC Precious Log:
 CPUs: 12 total, 12 available
 Memory: 16384M
 Large Page Support: Disabled
 NUMA Support: Disabled
 Compressed Oops: Enabled (Zero based)
 Heap Region Size: 2M
 Heap Min Capacity: 8M
 Heap Initial Capacity: 256M
 Heap Max Capacity: 4G
 Pre-touch: Disabled
 Parallel Workers: 10
 Concurrent Workers: 3
 Concurrent Refinement Workers: 10
 Periodic GC: Disabled

Heap:
 garbage-first heap   total 149504K, used 37649K [0x0000000700000000, 0x0000000800000000)
  region size 2048K, 6 young (12288K), 5 survivors (10240K)
 Metaspace       used 35858K, committed 36096K, reserved 1114112K
  class space    used 3918K, committed 4032K, reserved 1048576K

Heap Regions: E=young(eden), S=young(survivor), O=old, HS=humongous(starts), HC=humongous(continues), CS=collection set, F=free, OA=open archive, CA=closed archive, TAMS=top-at-mark-start (previous, next)
|   0|0x0000000700000000, 0x0000000700200000, 0x0000000700200000|100%| O|  |TAMS 0x0000000700200000, 0x0000000700200000| Untracked 
|   1|0x0000000700200000, 0x00000007003dce00, 0x0000000700400000| 93%| O|  |TAMS 0x00000007003dce00, 0x00000007003dce00| Untracked 
|   2|0x0000000700400000, 0x0000000700600000, 0x0000000700600000|100%| O|  |TAMS 0x0000000700400000, 0x0000000700600000| Untracked 
|   3|0x0000000700600000, 0x0000000700800000, 0x0000000700800000|100%| O|  |TAMS 0x0000000700600000, 0x0000000700800000| Untracked 
|   4|0x0000000700800000, 0x0000000700a00000, 0x0000000700a00000|100%| O|  |TAMS 0x0000000700800000, 0x0000000700a00000| Untracked 
|   5|0x0000000700a00000, 0x0000000700c00000, 0x0000000700c00000|100%| O|  |TAMS 0x0000000700a00000, 0x0000000700c00000| Untracked 
|   6|0x0000000700c00000, 0x0000000700e00000, 0x0000000700e00000|100%| O|  |TAMS 0x0000000700c00000, 0x0000000700e00000| Untracked 
|   7|0x0000000700e00000, 0x0000000701000000, 0x0000000701000000|100%| O|  |TAMS 0x0000000700e00000, 0x0000000701000000| Untracked 
|   8|0x0000000701000000, 0x0000000701200000, 0x0000000701200000|100%| O|  |TAMS 0x0000000701000000, 0x0000000701200000| Untracked 
|   9|0x0000000701200000, 0x0000000701400000, 0x0000000701400000|100%| O|  |TAMS 0x0000000701200000, 0x000000070130ba00| Untracked 
|  10|0x0000000701400000, 0x0000000701600000, 0x0000000701600000|100%| O|  |TAMS 0x0000000701400000, 0x0000000701400000| Untracked 
|  11|0x0000000701600000, 0x0000000701800000, 0x0000000701800000|100%| O|  |TAMS 0x0000000701600000, 0x0000000701600000| Untracked 
|  12|0x0000000701800000, 0x0000000701a00000, 0x0000000701a00000|100%| O|  |TAMS 0x0000000701800000, 0x0000000701800000| Untracked 
|  13|0x0000000701a00000, 0x0000000701b8e000, 0x0000000701c00000| 77%| O|  |TAMS 0x0000000701a00000, 0x0000000701a00000| Untracked 
|  14|0x0000000701c00000, 0x0000000701c00000, 0x0000000701e00000|  0%| F|  |TAMS 0x0000000701c00000, 0x0000000701c00000| Untracked 
|  15|0x0000000701e00000, 0x0000000701e00000, 0x0000000702000000|  0%| F|  |TAMS 0x0000000701e00000, 0x0000000701e00000| Untracked 
|  16|0x0000000702000000, 0x0000000702000000, 0x0000000702200000|  0%| F|  |TAMS 0x0000000702000000, 0x0000000702000000| Untracked 
|  17|0x0000000702200000, 0x0000000702200000, 0x0000000702400000|  0%| F|  |TAMS 0x0000000702200000, 0x0000000702200000| Untracked 
|  18|0x0000000702400000, 0x0000000702400000, 0x0000000702600000|  0%| F|  |TAMS 0x0000000702400000, 0x0000000702400000| Untracked 
|  19|0x0000000702600000, 0x0000000702600000, 0x0000000702800000|  0%| F|  |TAMS 0x0000000702600000, 0x0000000702600000| Untracked 
|  20|0x0000000702800000, 0x0000000702800000, 0x0000000702a00000|  0%| F|  |TAMS 0x0000000702800000, 0x0000000702800000| Untracked 
|  21|0x0000000702a00000, 0x0000000702a00000, 0x0000000702c00000|  0%| F|  |TAMS 0x0000000702a00000, 0x0000000702a00000| Untracked 
|  22|0x0000000702c00000, 0x0000000702c00000, 0x0000000702e00000|  0%| F|  |TAMS 0x0000000702c00000, 0x0000000702c00000| Untracked 
|  23|0x0000000702e00000, 0x0000000702e00000, 0x0000000703000000|  0%| F|  |TAMS 0x0000000702e00000, 0x0000000702e00000| Untracked 
|  24|0x0000000703000000, 0x0000000703000000, 0x0000000703200000|  0%| F|  |TAMS 0x0000000703000000, 0x0000000703000000| Untracked 
|  25|0x0000000703200000, 0x0000000703200000, 0x0000000703400000|  0%| F|  |TAMS 0x0000000703200000, 0x0000000703200000| Untracked 
|  26|0x0000000703400000, 0x0000000703400000, 0x0000000703600000|  0%| F|  |TAMS 0x0000000703400000, 0x0000000703400000| Untracked 
|  27|0x0000000703600000, 0x0000000703600000, 0x0000000703800000|  0%| F|  |TAMS 0x0000000703600000, 0x0000000703600000| Untracked 
|  28|0x0000000703800000, 0x0000000703800000, 0x0000000703a00000|  0%| F|  |TAMS 0x0000000703800000, 0x0000000703800000| Untracked 
|  29|0x0000000703a00000, 0x0000000703a00000, 0x0000000703c00000|  0%| F|  |TAMS 0x0000000703a00000, 0x0000000703a00000| Untracked 
|  30|0x0000000703c00000, 0x0000000703c00000, 0x0000000703e00000|  0%| F|  |TAMS 0x0000000703c00000, 0x0000000703c00000| Untracked 
|  31|0x0000000703e00000, 0x0000000703e00000, 0x0000000704000000|  0%| F|  |TAMS 0x0000000703e00000, 0x0000000703e00000| Untracked 
|  32|0x0000000704000000, 0x0000000704000000, 0x0000000704200000|  0%| F|  |TAMS 0x0000000704000000, 0x0000000704000000| Untracked 
|  33|0x0000000704200000, 0x0000000704200000, 0x0000000704400000|  0%| F|  |TAMS 0x0000000704200000, 0x0000000704200000| Untracked 
|  34|0x0000000704400000, 0x0000000704400000, 0x0000000704600000|  0%| F|  |TAMS 0x0000000704400000, 0x0000000704400000| Untracked 
|  35|0x0000000704600000, 0x0000000704600000, 0x0000000704800000|  0%| F|  |TAMS 0x0000000704600000, 0x0000000704600000| Untracked 
|  36|0x0000000704800000, 0x0000000704800000, 0x0000000704a00000|  0%| F|  |TAMS 0x0000000704800000, 0x0000000704800000| Untracked 
|  37|0x0000000704a00000, 0x0000000704a00000, 0x0000000704c00000|  0%| F|  |TAMS 0x0000000704a00000, 0x0000000704a00000| Untracked 
|  38|0x0000000704c00000, 0x0000000704c00000, 0x0000000704e00000|  0%| F|  |TAMS 0x0000000704c00000, 0x0000000704c00000| Untracked 
|  39|0x0000000704e00000, 0x0000000704e00000, 0x0000000705000000|  0%| F|  |TAMS 0x0000000704e00000, 0x0000000704e00000| Untracked 
|  40|0x0000000705000000, 0x0000000705000000, 0x0000000705200000|  0%| F|  |TAMS 0x0000000705000000, 0x0000000705000000| Untracked 
|  41|0x0000000705200000, 0x0000000705200000, 0x0000000705400000|  0%| F|  |TAMS 0x0000000705200000, 0x0000000705200000| Untracked 
|  42|0x0000000705400000, 0x0000000705400000, 0x0000000705600000|  0%| F|  |TAMS 0x0000000705400000, 0x0000000705400000| Untracked 
|  43|0x0000000705600000, 0x0000000705600000, 0x0000000705800000|  0%| F|  |TAMS 0x0000000705600000, 0x0000000705600000| Untracked 
|  44|0x0000000705800000, 0x0000000705800000, 0x0000000705a00000|  0%| F|  |TAMS 0x0000000705800000, 0x0000000705800000| Untracked 
|  45|0x0000000705a00000, 0x0000000705a00000, 0x0000000705c00000|  0%| F|  |TAMS 0x0000000705a00000, 0x0000000705a00000| Untracked 
|  46|0x0000000705c00000, 0x0000000705c00000, 0x0000000705e00000|  0%| F|  |TAMS 0x0000000705c00000, 0x0000000705c00000| Untracked 
|  47|0x0000000705e00000, 0x0000000705e00000, 0x0000000706000000|  0%| F|  |TAMS 0x0000000705e00000, 0x0000000705e00000| Untracked 
|  48|0x0000000706000000, 0x0000000706000000, 0x0000000706200000|  0%| F|  |TAMS 0x0000000706000000, 0x0000000706000000| Untracked 
|  49|0x0000000706200000, 0x0000000706200000, 0x0000000706400000|  0%| F|  |TAMS 0x0000000706200000, 0x0000000706200000| Untracked 
|  50|0x0000000706400000, 0x0000000706400000, 0x0000000706600000|  0%| F|  |TAMS 0x0000000706400000, 0x0000000706400000| Untracked 
|  51|0x0000000706600000, 0x0000000706600000, 0x0000000706800000|  0%| F|  |TAMS 0x0000000706600000, 0x0000000706600000| Untracked 
|  52|0x0000000706800000, 0x0000000706959828, 0x0000000706a00000| 67%| S|CS|TAMS 0x0000000706800000, 0x0000000706800000| Complete 
|  53|0x0000000706a00000, 0x0000000706c00000, 0x0000000706c00000|100%| S|CS|TAMS 0x0000000706a00000, 0x0000000706a00000| Complete 
|  54|0x0000000706c00000, 0x0000000706e00000, 0x0000000706e00000|100%| S|CS|TAMS 0x0000000706c00000, 0x0000000706c00000| Complete 
|  55|0x0000000706e00000, 0x0000000707000000, 0x0000000707000000|100%| S|CS|TAMS 0x0000000706e00000, 0x0000000706e00000| Complete 
|  56|0x0000000707000000, 0x0000000707200000, 0x0000000707200000|100%| S|CS|TAMS 0x0000000707000000, 0x0000000707000000| Complete 
|  57|0x0000000707200000, 0x0000000707200000, 0x0000000707400000|  0%| F|  |TAMS 0x0000000707200000, 0x0000000707200000| Untracked 
|  58|0x0000000707400000, 0x0000000707400000, 0x0000000707600000|  0%| F|  |TAMS 0x0000000707400000, 0x0000000707400000| Untracked 
|  59|0x0000000707600000, 0x0000000707600000, 0x0000000707800000|  0%| F|  |TAMS 0x0000000707600000, 0x0000000707600000| Untracked 
|  60|0x0000000707800000, 0x0000000707800000, 0x0000000707a00000|  0%| F|  |TAMS 0x0000000707800000, 0x0000000707800000| Untracked 
|  61|0x0000000707a00000, 0x0000000707a00000, 0x0000000707c00000|  0%| F|  |TAMS 0x0000000707a00000, 0x0000000707a00000| Untracked 
|  62|0x0000000707c00000, 0x0000000707c00000, 0x0000000707e00000|  0%| F|  |TAMS 0x0000000707c00000, 0x0000000707c00000| Untracked 
|  63|0x0000000707e00000, 0x0000000707e00000, 0x0000000708000000|  0%| F|  |TAMS 0x0000000707e00000, 0x0000000707e00000| Untracked 
|  64|0x0000000708000000, 0x0000000708000000, 0x0000000708200000|  0%| F|  |TAMS 0x0000000708000000, 0x0000000708000000| Untracked 
|  65|0x0000000708200000, 0x0000000708200000, 0x0000000708400000|  0%| F|  |TAMS 0x0000000708200000, 0x0000000708200000| Untracked 
|  66|0x0000000708400000, 0x0000000708400000, 0x0000000708600000|  0%| F|  |TAMS 0x0000000708400000, 0x0000000708400000| Untracked 
|  67|0x0000000708600000, 0x0000000708600000, 0x0000000708800000|  0%| F|  |TAMS 0x0000000708600000, 0x0000000708600000| Untracked 
|  68|0x0000000708800000, 0x0000000708800000, 0x0000000708a00000|  0%| F|  |TAMS 0x0000000708800000, 0x0000000708800000| Untracked 
|  69|0x0000000708a00000, 0x0000000708a00000, 0x0000000708c00000|  0%| F|  |TAMS 0x0000000708a00000, 0x0000000708a00000| Untracked 
| 121|0x000000070f200000, 0x000000070f200000, 0x000000070f400000|  0%| F|  |TAMS 0x000000070f200000, 0x000000070f200000| Untracked 
| 122|0x000000070f400000, 0x000000070f400000, 0x000000070f600000|  0%| F|  |TAMS 0x000000070f400000, 0x000000070f400000| Untracked 
| 127|0x000000070fe00000, 0x0000000710000000, 0x0000000710000000|100%| E|  |TAMS 0x000000070fe00000, 0x000000070fe00000| Complete 

Card table byte_map: [0x0000000106a41000,0x0000000107241000] _byte_map_base: 0x0000000103241000

Marking Bits (Prev, Next): (CMBitMap*) 0x00007f7e5c022e50, (CMBitMap*) 0x00007f7e5c022e10
 Prev Bits: [0x000000011f333000, 0x0000000123333000)
 Next Bits: [0x000000011b333000, 0x000000011f333000)

Polling page: 0x0000000105ccb000

Metaspace:

Usage:
  Non-class:     31.20 MB used.
      Class:      3.83 MB used.
       Both:     35.03 MB used.

Virtual space:
  Non-class space:       64.00 MB reserved,      31.31 MB ( 49%) committed,  1 nodes.
      Class space:        1.00 GB reserved,       3.94 MB ( <1%) committed,  1 nodes.
             Both:        1.06 GB reserved,      35.25 MB (  3%) committed. 

Chunk freelists:
   Non-Class:  208.00 KB
       Class:  11.94 MB
        Both:  12.14 MB

MaxMetaspaceSize: unlimited
CompressedClassSpaceSize: 1.00 GB
Initial GC threshold: 21.00 MB
Current GC threshold: 35.44 MB
CDS: off
MetaspaceReclaimPolicy: balanced
 - commit_granule_bytes: 65536.
 - commit_granule_words: 8192.
 - virtual_space_node_default_size: 8388608.
 - enlarge_chunks_in_place: 1.
 - new_chunks_are_fully_committed: 0.
 - uncommit_free_chunks: 1.
 - use_allocation_guard: 0.
 - handle_deallocations: 1.


Internal statistics:

num_allocs_failed_limit: 6.
num_arena_births: 160.
num_arena_deaths: 0.
num_vsnodes_births: 2.
num_vsnodes_deaths: 0.
num_space_committed: 564.
num_space_uncommitted: 0.
num_chunks_returned_to_freelist: 6.
num_chunks_taken_from_freelist: 1080.
num_chunk_merges: 3.
num_chunk_splits: 751.
num_chunks_enlarged: 592.
num_inconsistent_stats: 0.

CodeHeap 'non-profiled nmethods': size=120028Kb used=2027Kb max_used=2027Kb free=118000Kb
 bounds [0x00000001135fc000, 0x000000011386c000, 0x000000011ab33000]
CodeHeap 'profiled nmethods': size=120028Kb used=10809Kb max_used=10809Kb free=109218Kb
 bounds [0x000000010bb33000, 0x000000010c5c3000, 0x000000011306a000]
CodeHeap 'non-nmethods': size=5704Kb used=1204Kb max_used=1262Kb free=4499Kb
 bounds [0x000000011306a000, 0x00000001132da000, 0x00000001135fc000]
 total_blobs=6106 nmethods=5600 adapters=418
 compilation: enabled
              stopped_count=0, restarted_count=0
 full_count=0

Compilation events (20 events):
Event: 3.355 Thread 0x00007f7e5f816600 5600       2       java.util.ComparableTimSort::sort (219 bytes)
Event: 3.355 Thread 0x00007f7e5f816600 nmethod 5600 0x000000010c5b1310 code [0x000000010c5b1520, 0x000000010c5b19b0]
Event: 3.355 Thread 0x00007f7e5f816600 5594       2       com.sun.tools.javac.file.JavacFileManager$$Lambda$304/0x0000000800405f98::accept (8 bytes)
Event: 3.355 Thread 0x00007f7e5f816600 nmethod 5594 0x000000010c5b1d10 code [0x000000010c5b1ec0, 0x000000010c5b2040]
Event: 3.355 Thread 0x00007f7e5f816600 5597       2       java.util.ArrayList::sort (45 bytes)
Event: 3.355 Thread 0x00007f7e5f816600 nmethod 5597 0x000000010c5b2110 code [0x000000010c5b22c0, 0x000000010c5b24d0]
Event: 3.355 Thread 0x00007f7e5f816600 5595       2       com.sun.tools.javac.file.JavacFileManager::lambda$indexPathsAndContainersByRelativeDirectory$3 (5 bytes)
Event: 3.356 Thread 0x00007f7e5f816600 nmethod 5595 0x000000010c5b2610 code [0x000000010c5b27c0, 0x000000010c5b28c0]
Event: 3.356 Thread 0x00007f7e5f816600 5596       2       java.util.Collections::sort (8 bytes)
Event: 3.356 Thread 0x00007f7e5f816600 nmethod 5596 0x000000010c5b2990 code [0x000000010c5b2b40, 0x000000010c5b2c40]
Event: 3.356 Thread 0x00007f7e5f816600 5598       2       java.util.Arrays::sort (32 bytes)
Event: 3.356 Thread 0x00007f7e5f816600 nmethod 5598 0x000000010c5b2d10 code [0x000000010c5b2ec0, 0x000000010c5b3010]
Event: 3.356 Thread 0x00007f7e5f816600 5602       2       jdk.internal.org.objectweb.asm.FieldWriter::computeFieldInfoSize (86 bytes)
Event: 3.356 Thread 0x00007f7e5f816600 nmethod 5602 0x000000010c5b3110 code [0x000000010c5b32e0, 0x000000010c5b3510]
Event: 3.356 Thread 0x00007f7e5f816600 5604       2       jdk.internal.org.objectweb.asm.FieldWriter::putFieldInfo (269 bytes)
Event: 3.356 Thread 0x00007f7e5f816600 nmethod 5604 0x000000010c5b3690 code [0x000000010c5b38c0, 0x000000010c5b3d80]
Event: 3.356 Thread 0x00007f7e5f816600 5603       2       jdk.internal.org.objectweb.asm.FieldWriter::visitEnd (1 bytes)
Event: 3.356 Thread 0x00007f7e5f816600 nmethod 5603 0x000000010c5b4110 code [0x000000010c5b42a0, 0x000000010c5b4390]
Event: 3.363 Thread 0x00007f7e5f816000 nmethod 5554 0x00000001137f4f10 code [0x00000001137f50a0, 0x00000001137f5358]
Event: 3.363 Thread 0x00007f7e5f816000 5517       4       jdk.nio.zipfs.ZipFileSystem$IndexNode::keyOf (37 bytes)

GC Heap History (20 events):
Event: 1.044 GC heap before
{Heap before GC invocations=0 (full 0):
 garbage-first heap   total 262144K, used 22528K [0x0000000700000000, 0x0000000800000000)
  region size 2048K, 11 young (22528K), 0 survivors (0K)
 Metaspace       used 15617K, committed 15808K, reserved 1114112K
  class space    used 1571K, committed 1664K, reserved 1048576K
}
Event: 1.048 GC heap after
{Heap after GC invocations=1 (full 0):
 garbage-first heap   total 262144K, used 4176K [0x0000000700000000, 0x0000000800000000)
  region size 2048K, 2 young (4096K), 2 survivors (4096K)
 Metaspace       used 15617K, committed 15808K, reserved 1114112K
  class space    used 1571K, committed 1664K, reserved 1048576K
}
Event: 1.275 GC heap before
{Heap before GC invocations=1 (full 0):
 garbage-first heap   total 262144K, used 32848K [0x0000000700000000, 0x0000000800000000)
  region size 2048K, 16 young (32768K), 2 survivors (4096K)
 Metaspace       used 19447K, committed 19648K, reserved 1114112K
  class space    used 2057K, committed 2176K, reserved 1048576K
}
Event: 1.279 GC heap after
{Heap after GC invocations=2 (full 0):
 garbage-first heap   total 262144K, used 5725K [0x0000000700000000, 0x0000000800000000)
  region size 2048K, 1 young (2048K), 1 survivors (2048K)
 Metaspace       used 19447K, committed 19648K, reserved 1114112K
  class space    used 2057K, committed 2176K, reserved 1048576K
}
Event: 1.373 GC heap before
{Heap before GC invocations=2 (full 0):
 garbage-first heap   total 262144K, used 13917K [0x0000000700000000, 0x0000000800000000)
  region size 2048K, 6 young (12288K), 1 survivors (2048K)
 Metaspace       used 21360K, committed 21504K, reserved 1114112K
  class space    used 2299K, committed 2368K, reserved 1048576K
}
Event: 1.375 GC heap after
{Heap after GC invocations=3 (full 0):
 garbage-first heap   total 262144K, used 6256K [0x0000000700000000, 0x0000000800000000)
  region size 2048K, 2 young (4096K), 2 survivors (4096K)
 Metaspace       used 21360K, committed 21504K, reserved 1114112K
  class space    used 2299K, committed 2368K, reserved 1048576K
}
Event: 1.640 GC heap before
{Heap before GC invocations=4 (full 0):
 garbage-first heap   total 34816K, used 22640K [0x0000000700000000, 0x0000000800000000)
  region size 2048K, 11 young (22528K), 2 survivors (4096K)
 Metaspace       used 24832K, committed 25088K, reserved 1114112K
  class space    used 2733K, committed 2880K, reserved 1048576K
}
Event: 1.643 GC heap after
{Heap after GC invocations=5 (full 0):
 garbage-first heap   total 34816K, used 8047K [0x0000000700000000, 0x0000000800000000)
  region size 2048K, 2 young (4096K), 2 survivors (4096K)
 Metaspace       used 24832K, committed 25088K, reserved 1114112K
  class space    used 2733K, committed 2880K, reserved 1048576K
}
Event: 1.735 GC heap before
{Heap before GC invocations=5 (full 0):
 garbage-first heap   total 34816K, used 24431K [0x0000000700000000, 0x0000000800000000)
  region size 2048K, 10 young (20480K), 2 survivors (4096K)
 Metaspace       used 25178K, committed 25344K, reserved 1114112K
  class space    used 2750K, committed 2880K, reserved 1048576K
}
Event: 1.740 GC heap after
{Heap after GC invocations=6 (full 0):
 garbage-first heap   total 34816K, used 10044K [0x0000000700000000, 0x0000000800000000)
  region size 2048K, 2 young (4096K), 2 survivors (4096K)
 Metaspace       used 25178K, committed 25344K, reserved 1114112K
  class space    used 2750K, committed 2880K, reserved 1048576K
}
Event: 1.849 GC heap before
{Heap before GC invocations=6 (full 0):
 garbage-first heap   total 34816K, used 24380K [0x0000000700000000, 0x0000000800000000)
  region size 2048K, 9 young (18432K), 2 survivors (4096K)
 Metaspace       used 25750K, committed 25984K, reserved 1114112K
  class space    used 2812K, committed 2944K, reserved 1048576K
}
Event: 1.856 GC heap after
{Heap after GC invocations=7 (full 0):
 garbage-first heap   total 34816K, used 11562K [0x0000000700000000, 0x0000000800000000)
  region size 2048K, 2 young (4096K), 2 survivors (4096K)
 Metaspace       used 25750K, committed 25984K, reserved 1114112K
  class space    used 2812K, committed 2944K, reserved 1048576K
}
Event: 1.951 GC heap before
{Heap before GC invocations=7 (full 0):
 garbage-first heap   total 34816K, used 23850K [0x0000000700000000, 0x0000000800000000)
  region size 2048K, 8 young (16384K), 2 survivors (4096K)
 Metaspace       used 25894K, committed 26112K, reserved 1114112K
  class space    used 2825K, committed 2944K, reserved 1048576K
}
Event: 1.956 GC heap after
{Heap after GC invocations=8 (full 0):
 garbage-first heap   total 149504K, used 12976K [0x0000000700000000, 0x0000000800000000)
  region size 2048K, 1 young (2048K), 1 survivors (2048K)
 Metaspace       used 25894K, committed 26112K, reserved 1114112K
  class space    used 2825K, committed 2944K, reserved 1048576K
}
Event: 2.529 GC heap before
{Heap before GC invocations=8 (full 0):
 garbage-first heap   total 149504K, used 98992K [0x0000000700000000, 0x0000000800000000)
  region size 2048K, 43 young (88064K), 1 survivors (2048K)
 Metaspace       used 27284K, committed 27456K, reserved 1114112K
  class space    used 2920K, committed 3008K, reserved 1048576K
}
Event: 2.538 GC heap after
{Heap after GC invocations=9 (full 0):
 garbage-first heap   total 149504K, used 19547K [0x0000000700000000, 0x0000000800000000)
  region size 2048K, 4 young (8192K), 4 survivors (8192K)
 Metaspace       used 27284K, committed 27456K, reserved 1114112K
  class space    used 2920K, committed 3008K, reserved 1048576K
}
Event: 3.191 GC heap before
{Heap before GC invocations=9 (full 0):
 garbage-first heap   total 149504K, used 99419K [0x0000000700000000, 0x0000000800000000)
  region size 2048K, 43 young (88064K), 4 survivors (8192K)
 Metaspace       used 35293K, committed 35584K, reserved 1114112K
  class space    used 3856K, committed 4032K, reserved 1048576K
}
Event: 3.198 GC heap after
{Heap after GC invocations=10 (full 0):
 garbage-first heap   total 149504K, used 27554K [0x0000000700000000, 0x0000000800000000)
  region size 2048K, 4 young (8192K), 4 survivors (8192K)
 Metaspace       used 35293K, committed 35584K, reserved 1114112K
  class space    used 3856K, committed 4032K, reserved 1048576K
}
Event: 3.357 GC heap before
{Heap before GC invocations=10 (full 0):
 garbage-first heap   total 149504K, used 58274K [0x0000000700000000, 0x0000000800000000)
  region size 2048K, 20 young (40960K), 4 survivors (8192K)
 Metaspace       used 35760K, committed 35968K, reserved 1114112K
  class space    used 3899K, committed 4032K, reserved 1048576K
}
Event: 3.362 GC heap after
{Heap after GC invocations=11 (full 0):
 garbage-first heap   total 149504K, used 37649K [0x0000000700000000, 0x0000000800000000)
  region size 2048K, 5 young (10240K), 5 survivors (10240K)
 Metaspace       used 35760K, committed 35968K, reserved 1114112K
  class space    used 3899K, committed 4032K, reserved 1048576K
}

Dll operation events (8 events):
Event: 0.008 Loaded shared library /Applications/SpringToolSuite4.app/Contents/Eclipse/plugins/org.eclipse.justj.openjdk.hotspot.jre.full.macosx.x86_64_17.0.8.v20230831-1047/jre/lib/libjava.dylib
Event: 0.144 Loaded shared library /Applications/SpringToolSuite4.app/Contents/Eclipse/plugins/org.eclipse.justj.openjdk.hotspot.jre.full.macosx.x86_64_17.0.8.v20230831-1047/jre/lib/libnio.dylib
Event: 0.160 Loaded shared library /Applications/SpringToolSuite4.app/Contents/Eclipse/plugins/org.eclipse.justj.openjdk.hotspot.jre.full.macosx.x86_64_17.0.8.v20230831-1047/jre/lib/libzip.dylib
Event: 0.181 Loaded shared library /Applications/SpringToolSuite4.app/Contents/Eclipse/plugins/org.eclipse.justj.openjdk.hotspot.jre.full.macosx.x86_64_17.0.8.v20230831-1047/jre/lib/libnet.dylib
Event: 0.317 Loaded shared library /Applications/SpringToolSuite4.app/Contents/Eclipse/plugins/org.eclipse.justj.openjdk.hotspot.jre.full.macosx.x86_64_17.0.8.v20230831-1047/jre/lib/libjimage.dylib
Event: 0.710 Loaded shared library /private/var/folders/xq/b33t013d5qjdcp1_6zjmhygh0000gn/T/jansi-2.4.0-ea50b26e22673ce9-libjansi.jnilib
Event: 0.850 Loaded shared library /Applications/SpringToolSuite4.app/Contents/Eclipse/plugins/org.eclipse.justj.openjdk.hotspot.jre.full.macosx.x86_64_17.0.8.v20230831-1047/jre/lib/libverify.dylib
Event: 1.510 Loaded shared library /Applications/SpringToolSuite4.app/Contents/Eclipse/plugins/org.eclipse.justj.openjdk.hotspot.jre.full.macosx.x86_64_17.0.8.v20230831-1047/jre/lib/libextnet.dylib

Deoptimization events (20 events):
Event: 3.346 Thread 0x00007f7e5d81ca00 DEOPT PACKING pc=0x00000001137f2808 sp=0x00007000033df150
Event: 3.346 Thread 0x00007f7e5d81ca00 DEOPT UNPACKING pc=0x00000001130c0699 sp=0x00007000033df0f8 mode 2
Event: 3.347 Thread 0x00007f7e5d81ca00 Uncommon trap: trap_request=0xffffffd6 fr.pc=0x00000001137f2808 relative=0x00000000000003e8
Event: 3.347 Thread 0x00007f7e5d81ca00 Uncommon trap: reason=array_check action=maybe_recompile pc=0x00000001137f2808 method=java.util.LinkedHashMap.valuesToArray([Ljava/lang/Object;)[Ljava/lang/Object; @ 25 c2
Event: 3.347 Thread 0x00007f7e5d81ca00 DEOPT PACKING pc=0x00000001137f2808 sp=0x00007000033df150
Event: 3.347 Thread 0x00007f7e5d81ca00 DEOPT UNPACKING pc=0x00000001130c0699 sp=0x00007000033df0f8 mode 2
Event: 3.349 Thread 0x00007f7e5d81ca00 Uncommon trap: trap_request=0xffffffd6 fr.pc=0x00000001137f2808 relative=0x00000000000003e8
Event: 3.349 Thread 0x00007f7e5d81ca00 Uncommon trap: reason=array_check action=maybe_recompile pc=0x00000001137f2808 method=java.util.LinkedHashMap.valuesToArray([Ljava/lang/Object;)[Ljava/lang/Object; @ 25 c2
Event: 3.349 Thread 0x00007f7e5d81ca00 DEOPT PACKING pc=0x00000001137f2808 sp=0x00007000033df150
Event: 3.349 Thread 0x00007f7e5d81ca00 DEOPT UNPACKING pc=0x00000001130c0699 sp=0x00007000033df0f8 mode 2
Event: 3.350 Thread 0x00007f7e5d81ca00 Uncommon trap: trap_request=0xffffffd6 fr.pc=0x00000001137f2808 relative=0x00000000000003e8
Event: 3.350 Thread 0x00007f7e5d81ca00 Uncommon trap: reason=array_check action=maybe_recompile pc=0x00000001137f2808 method=java.util.LinkedHashMap.valuesToArray([Ljava/lang/Object;)[Ljava/lang/Object; @ 25 c2
Event: 3.350 Thread 0x00007f7e5d81ca00 DEOPT PACKING pc=0x00000001137f2808 sp=0x00007000033df150
Event: 3.350 Thread 0x00007f7e5d81ca00 DEOPT UNPACKING pc=0x00000001130c0699 sp=0x00007000033df0f8 mode 2
Event: 3.356 Thread 0x00007f7e5d81ca00 Uncommon trap: trap_request=0xffffff45 fr.pc=0x00000001137b64f8 relative=0x0000000000000258
Event: 3.356 Thread 0x00007f7e5d81ca00 Uncommon trap: reason=unstable_if action=reinterpret pc=0x00000001137b64f8 method=sun.nio.fs.UnixPath.normalizeAndCheck(Ljava/lang/String;)Ljava/lang/String; @ 61 c2
Event: 3.356 Thread 0x00007f7e5d81ca00 DEOPT PACKING pc=0x00000001137b64f8 sp=0x00007000033df680
Event: 3.356 Thread 0x00007f7e5d81ca00 DEOPT UNPACKING pc=0x00000001130c0699 sp=0x00007000033df620 mode 2
Event: 3.364 Thread 0x00007f7e5d81ca00 DEOPT PACKING pc=0x000000010be0122c sp=0x00007000033df650
Event: 3.364 Thread 0x00007f7e5d81ca00 DEOPT UNPACKING pc=0x00000001130c0e2f sp=0x00007000033deb60 mode 0

Classes unloaded (0 events):
No events

Classes redefined (0 events):
No events

Internal exceptions (20 events):
Event: 1.368 Thread 0x00007f7e5d81ca00 Exception <a 'java/lang/NoSuchMethodError'{0x000000070f609c10}: 'int java.lang.invoke.DirectMethodHandle$Holder.invokeSpecial(java.lang.Object, java.lang.Object, java.lang.Object, java.lang.Object)'> (0x000000070f609c10) 
thrown [src/hotspot/share/interpreter/linkResolver.cpp, line 759]
Event: 1.499 Thread 0x00007f7e5d81ca00 Exception <a 'java/lang/NoClassDefFoundError'{0x00000007014a0be8}: com/google/inject/servlet/ServletModuleTargetVisitor> (0x00000007014a0be8) 
thrown [src/hotspot/share/classfile/systemDictionary.cpp, line 245]
Event: 1.538 Thread 0x00007f7e5d81ca00 Exception <a 'java/lang/NoSuchMethodError'{0x00000007012428f0}: 'void java.lang.invoke.DirectMethodHandle$Holder.invokeVirtual(java.lang.Object, java.lang.Object)'> (0x00000007012428f0) 
thrown [src/hotspot/share/interpreter/linkResolver.cpp, line 759]
Event: 1.591 Thread 0x00007f7e5d81ca00 Implicit null exception at 0x000000011361e554 to 0x000000011361eb78
Event: 1.591 Thread 0x00007f7e5d81ca00 Implicit null exception at 0x000000011362f5d4 to 0x000000011362fbe8
Event: 2.296 Thread 0x00007f7e5d81ca00 Implicit null exception at 0x000000011368a96f to 0x000000011368ab78
Event: 2.296 Thread 0x00007f7e5d81ca00 Implicit null exception at 0x000000011374b734 to 0x000000011374ba88
Event: 2.330 Thread 0x00007f7e5d81ca00 Exception <a 'java/lang/NoSuchMethodError'{0x0000000705467308}: 'java.lang.Object java.lang.invoke.DirectMethodHandle$Holder.newInvokeSpecial(java.lang.Object, java.lang.Object, java.lang.Object, java.lang.Object, java.lang.Object, java.lang.Object, java.lang.Object)'> (0x0000000705467308) 
thrown [src/hotspot/share/interpreter/linkResolver.cpp, line 759]
Event: 2.330 Thread 0x00007f7e5d81ca00 Exception <a 'java/lang/NoSuchMethodError'{0x000000070546bc18}: 'java.lang.Object java.lang.invoke.Invokers$Holder.linkToTargetMethod(java.lang.Object, java.lang.Object, java.lang.Object, java.lang.Object, java.lang.Object, java.lang.Object, java.lang.Object)'> (0x000000070546bc18) 
thrown [src/hotspot/share/interpreter/linkResolver.cpp, line 759]
Event: 2.395 Thread 0x00007f7e5d81ca00 Exception <a 'java/lang/NoSuchMethodError'{0x0000000704dedfe0}: 'java.lang.Object java.lang.invoke.DirectMethodHandle$Holder.invokeVirtual(java.lang.Object, java.lang.Object, java.lang.Object)'> (0x0000000704dedfe0) 
thrown [src/hotspot/share/interpreter/linkResolver.cpp, line 759]
Event: 2.396 Thread 0x00007f7e5d81ca00 Exception <a 'java/lang/NoSuchMethodError'{0x0000000704df55d8}: 'void java.lang.invoke.DirectMethodHandle$Holder.invokeSpecial(java.lang.Object, java.lang.Object, java.lang.Object, java.lang.Object, java.lang.Object, java.lang.Object)'> (0x0000000704df55d8) 
thrown [src/hotspot/share/interpreter/linkResolver.cpp, line 759]
Event: 2.397 Thread 0x00007f7e5d81ca00 Exception <a 'java/lang/NoSuchMethodError'{0x0000000704a01138}: 'int java.lang.invoke.DirectMethodHandle$Holder.invokeVirtual(java.lang.Object, java.lang.Object)'> (0x0000000704a01138) 
thrown [src/hotspot/share/interpreter/linkResolver.cpp, line 759]
Event: 2.925 Thread 0x00007f7e5d81ca00 Exception <a 'java/lang/NoSuchMethodError'{0x0000000706825120}: 'int java.lang.invoke.DirectMethodHandle$Holder.invokeInterface(java.lang.Object, java.lang.Object)'> (0x0000000706825120) 
thrown [src/hotspot/share/interpreter/linkResolver.cpp, line 759]
Event: 2.970 Thread 0x00007f7e5d81ca00 Exception <a 'java/lang/NoSuchMethodError'{0x0000000705e6a5c8}: 'int java.lang.invoke.DirectMethodHandle$Holder.invokeVirtual(java.lang.Object, java.lang.Object, java.lang.Object)'> (0x0000000705e6a5c8) 
thrown [src/hotspot/share/interpreter/linkResolver.cpp, line 759]
Event: 2.970 Thread 0x00007f7e5d81ca00 Exception <a 'java/lang/NoSuchMethodError'{0x0000000705e70ae8}: 'void java.lang.invoke.DirectMethodHandle$Holder.invokeInterface(java.lang.Object, java.lang.Object, java.lang.Object)'> (0x0000000705e70ae8) 
thrown [src/hotspot/share/interpreter/linkResolver.cpp, line 759]
Event: 3.093 Thread 0x00007f7e5d81ca00 Exception <a 'java/lang/NoSuchMethodError'{0x00000007050caf28}: 'java.lang.Object java.lang.invoke.DirectMethodHandle$Holder.newInvokeSpecial(java.lang.Object, java.lang.Object, java.lang.Object, java.lang.Object, java.lang.Object, java.lang.Object)'> (0x00000007050caf28) 
thrown [src/hotspot/share/interpreter/linkResolver.cpp, line 759]
Event: 3.178 Thread 0x00007f7e5d81ca00 Exception <a 'java/lang/NoSuchMethodError'{0x000000070449fe28}: 'java.lang.Object java.lang.invoke.DirectMethodHandle$Holder.invokeVirtual(java.lang.Object, java.lang.Object, java.lang.Object, int, int)'> (0x000000070449fe28) 
thrown [src/hotspot/share/interpreter/linkResolver.cpp, line 759]
Event: 3.178 Thread 0x00007f7e5d81ca00 Exception <a 'java/lang/NoSuchMethodError'{0x00000007044a6c38}: 'java.lang.Object java.lang.invoke.DirectMethodHandle$Holder.invokeVirtual(java.lang.Object, java.lang.Object, int)'> (0x00000007044a6c38) 
thrown [src/hotspot/share/interpreter/linkResolver.cpp, line 759]
Event: 3.179 Thread 0x00007f7e5d81ca00 Exception <a 'java/lang/NoSuchMethodError'{0x00000007044b7450}: 'java.lang.Object java.lang.invoke.DirectMethodHandle$Holder.invokeSpecial(java.lang.Object, java.lang.Object, java.lang.Object, int, int)'> (0x00000007044b7450) 
thrown [src/hotspot/share/interpreter/linkResolver.cpp, line 759]
Event: 3.225 Thread 0x00007f7e5d81ca00 Exception <a 'java/lang/NoSuchMethodError'{0x000000070ffefb30}: 'void java.lang.invoke.DirectMethodHandle$Holder.invokeSpecial(java.lang.Object, java.lang.Object, java.lang.Object, java.lang.Object, java.lang.Object)'> (0x000000070ffefb30) 
thrown [src/hotspot/share/interpreter/linkResolver.cpp, line 759]

VM Operations (20 events):
Event: 2.924 Executing VM operation: HandshakeAllThreads
Event: 2.924 Executing VM operation: HandshakeAllThreads done
Event: 2.928 Executing VM operation: HandshakeAllThreads
Event: 2.928 Executing VM operation: HandshakeAllThreads done
Event: 3.108 Executing VM operation: HandshakeAllThreads
Event: 3.108 Executing VM operation: HandshakeAllThreads done
Event: 3.109 Executing VM operation: HandshakeAllThreads
Event: 3.109 Executing VM operation: HandshakeAllThreads done
Event: 3.166 Executing VM operation: HandshakeAllThreads
Event: 3.166 Executing VM operation: HandshakeAllThreads done
Event: 3.166 Executing VM operation: HandshakeAllThreads
Event: 3.166 Executing VM operation: HandshakeAllThreads done
Event: 3.191 Executing VM operation: G1CollectForAllocation
Event: 3.198 Executing VM operation: G1CollectForAllocation done
Event: 3.316 Executing VM operation: HandshakeAllThreads
Event: 3.316 Executing VM operation: HandshakeAllThreads done
Event: 3.356 Executing VM operation: CollectForMetadataAllocation
Event: 3.362 Executing VM operation: CollectForMetadataAllocation done
Event: 3.364 Executing VM operation: HandshakeAllThreads
Event: 3.364 Executing VM operation: HandshakeAllThreads done

Events (20 events):
Event: 3.267 loading class java/util/concurrent/locks/AbstractQueuedSynchronizer$Node
Event: 3.267 loading class java/util/concurrent/locks/AbstractQueuedSynchronizer$Node done
Event: 3.354 loading class java/util/ComparableTimSort
Event: 3.354 loading class java/util/ComparableTimSort done
Event: 3.356 loading class sun/nio/fs/UnixDirectoryStream
Event: 3.363 loading class sun/nio/fs/UnixDirectoryStream done
Event: 3.363 loading class java/util/concurrent/locks/ReentrantReadWriteLock$FairSync
Event: 3.363 loading class java/util/concurrent/locks/ReentrantReadWriteLock$FairSync done
Event: 3.363 loading class sun/nio/fs/UnixDirectoryStream$UnixDirectoryIterator
Event: 3.363 loading class sun/nio/fs/UnixDirectoryStream$UnixDirectoryIterator done
Event: 3.363 loading class java/nio/file/Files$2
Event: 3.363 loading class java/nio/file/Files$2 done
Event: 3.363 loading class java/util/ImmutableCollections$Access
Event: 3.363 loading class java/util/ImmutableCollections$Access done
Event: 3.363 loading class java/util/ImmutableCollections$Access$1
Event: 3.363 loading class jdk/internal/access/JavaUtilCollectionAccess
Event: 3.363 loading class jdk/internal/access/JavaUtilCollectionAccess done
Event: 3.363 loading class java/util/ImmutableCollections$Access$1 done
Event: 3.363 loading class java/util/stream/Nodes$SpinedNodeBuilder
Event: 3.363 loading class java/util/stream/Nodes$SpinedNodeBuilder done


Dynamic libraries:
0x0000000105c52000 	/Applications/SpringToolSuite4.app/Contents/Eclipse/plugins/org.eclipse.justj.openjdk.hotspot.jre.full.macosx.x86_64_17.0.8.v20230831-1047/jre/lib/libjli.dylib
0x00007ff80da37000 	/usr/lib/libz.1.dylib
0x00007ff80db19000 	/usr/lib/libSystem.B.dylib
0x00007ff80db13000 	/usr/lib/system/libcache.dylib
0x00007ff80dacf000 	/usr/lib/system/libcommonCrypto.dylib
0x00007ff80daf7000 	/usr/lib/system/libcompiler_rt.dylib
0x00007ff80daec000 	/usr/lib/system/libcopyfile.dylib
0x00007ff8005d7000 	/usr/lib/system/libcorecrypto.dylib
0x00007ff8006ce000 	/usr/lib/system/libdispatch.dylib
0x00007ff800878000 	/usr/lib/system/libdyld.dylib
0x00007ff80db09000 	/usr/lib/system/libkeymgr.dylib
0x00007ff80dab0000 	/usr/lib/system/libmacho.dylib
0x00007ff80cde5000 	/usr/lib/system/libquarantine.dylib
0x00007ff80db07000 	/usr/lib/system/libremovefile.dylib
0x00007ff805f15000 	/usr/lib/system/libsystem_asl.dylib
0x00007ff800571000 	/usr/lib/system/libsystem_blocks.dylib
0x00007ff800718000 	/usr/lib/system/libsystem_c.dylib
0x00007ff80daff000 	/usr/lib/system/libsystem_collections.dylib
0x00007ff80bde5000 	/usr/lib/system/libsystem_configuration.dylib
0x00007ff80ae10000 	/usr/lib/system/libsystem_containermanager.dylib
0x00007ff80d707000 	/usr/lib/system/libsystem_coreservices.dylib
0x00007ff803acd000 	/usr/lib/system/libsystem_darwin.dylib
0x00007ffc19ca0000 	/usr/lib/system/libsystem_darwindirectory.dylib
0x00007ff80db0a000 	/usr/lib/system/libsystem_dnssd.dylib
0x00007ffc19ca4000 	/usr/lib/system/libsystem_eligibility.dylib
0x00007ff800715000 	/usr/lib/system/libsystem_featureflags.dylib
0x00007ff8008a8000 	/usr/lib/system/libsystem_info.dylib
0x00007ff80da4b000 	/usr/lib/system/libsystem_m.dylib
0x00007ff80068e000 	/usr/lib/system/libsystem_malloc.dylib
0x00007ff805e89000 	/usr/lib/system/libsystem_networkextension.dylib
0x00007ff803f19000 	/usr/lib/system/libsystem_notify.dylib
0x00007ff80bde9000 	/usr/lib/system/libsystem_sandbox.dylib
0x00007ffc19ca7000 	/usr/lib/system/libsystem_sanitizers.dylib
0x00007ff80db04000 	/usr/lib/system/libsystem_secinit.dylib
0x00007ff800831000 	/usr/lib/system/libsystem_kernel.dylib
0x00007ff80089d000 	/usr/lib/system/libsystem_platform.dylib
0x00007ff80086c000 	/usr/lib/system/libsystem_pthread.dylib
0x00007ff807aba000 	/usr/lib/system/libsystem_symptoms.dylib
0x00007ff8005bd000 	/usr/lib/system/libsystem_trace.dylib
0x00007ff80dadb000 	/usr/lib/system/libunwind.dylib
0x00007ff800575000 	/usr/lib/system/libxpc.dylib
0x00007ff80081b000 	/usr/lib/libc++abi.dylib
0x00007ff80049e000 	/usr/lib/libobjc.A.dylib
0x00007ff80dae4000 	/usr/lib/liboah.dylib
0x00007ff8007a0000 	/usr/lib/libc++.1.dylib
0x00007ff81b946000 	/System/Library/Frameworks/Cocoa.framework/Versions/A/Cocoa
0x00007ff803f7e000 	/System/Library/Frameworks/AppKit.framework/Versions/C/AppKit
0x00007ff807210000 	/System/Library/Frameworks/CoreData.framework/Versions/A/CoreData
0x00007ff8018a2000 	/System/Library/Frameworks/Foundation.framework/Versions/C/Foundation
0x00007ff8053af000 	/System/Library/PrivateFrameworks/UIFoundation.framework/Versions/A/UIFoundation
0x00007ffb0ee7e000 	/System/Library/PrivateFrameworks/CollectionViewCore.framework/Versions/A/CollectionViewCore
0x00007ff815110000 	/System/Library/PrivateFrameworks/RemoteViewServices.framework/Versions/A/RemoteViewServices
0x00007ff80b5ec000 	/System/Library/PrivateFrameworks/XCTTargetBootstrap.framework/Versions/A/XCTTargetBootstrap
0x00007ff810509000 	/System/Library/PrivateFrameworks/InternationalSupport.framework/Versions/A/InternationalSupport
0x00007ff81055d000 	/System/Library/PrivateFrameworks/UserActivity.framework/Versions/A/UserActivity
0x00007ffc112a6000 	/System/Library/PrivateFrameworks/WindowManagement.framework/Versions/A/WindowManagement
0x00007ff801551000 	/System/Library/Frameworks/SystemConfiguration.framework/Versions/A/SystemConfiguration
0x00007ff80f875000 	/usr/lib/libspindump.dylib
0x00007ff80558c000 	/System/Library/Frameworks/UniformTypeIdentifiers.framework/Versions/A/UniformTypeIdentifiers
0x00007ff8095d7000 	/usr/lib/libapp_launch_measurement.dylib
0x00007ff808763000 	/System/Library/PrivateFrameworks/CoreAnalytics.framework/Versions/A/CoreAnalytics
0x00007ff8095da000 	/System/Library/PrivateFrameworks/CoreAutoLayout.framework/Versions/A/CoreAutoLayout
0x00007ff80ae58000 	/System/Library/Frameworks/Metal.framework/Versions/A/Metal
0x00007ff80bdf5000 	/usr/lib/liblangid.dylib
0x00007ff80b5f1000 	/System/Library/PrivateFrameworks/CoreSVG.framework/Versions/A/CoreSVG
0x00007ff805f4a000 	/System/Library/PrivateFrameworks/SkyLight.framework/Versions/A/SkyLight
0x00007ff8063ad000 	/System/Library/Frameworks/CoreGraphics.framework/Versions/A/CoreGraphics
0x00007ff8157e5000 	/System/Library/Frameworks/Accelerate.framework/Versions/A/Accelerate
0x00007ff80f6d5000 	/System/Library/PrivateFrameworks/IconServices.framework/Versions/A/IconServices
0x00007ff80ae39000 	/System/Library/Frameworks/IOSurface.framework/Versions/A/IOSurface
0x00007ff80878f000 	/usr/lib/libDiagnosticMessagesClient.dylib
0x00007ff819217000 	/System/Library/Frameworks/ApplicationServices.framework/Versions/A/ApplicationServices
0x00007ff80b5d9000 	/System/Library/PrivateFrameworks/DFRFoundation.framework/Versions/A/DFRFoundation
0x00007ff80382c000 	/usr/lib/libicucore.A.dylib
0x00007ff8114ab000 	/System/Library/Frameworks/AudioToolbox.framework/Versions/A/AudioToolbox
0x00007ff810518000 	/System/Library/PrivateFrameworks/DataDetectorsCore.framework/Versions/A/DataDetectorsCore
0x00007ff90a5da000 	/System/Library/PrivateFrameworks/TextInput.framework/Versions/A/TextInput
0x00007ff805ea3000 	/usr/lib/libMobileGestalt.dylib
0x00007ff80b33e000 	/System/Library/Frameworks/Carbon.framework/Versions/A/Frameworks/HIToolbox.framework/Versions/A/HIToolbox
0x00007ff808f33000 	/System/Library/Frameworks/QuartzCore.framework/Versions/A/QuartzCore
0x00007ff80347e000 	/System/Library/Frameworks/Security.framework/Versions/A/Security
0x00007ff815148000 	/System/Library/Frameworks/Carbon.framework/Versions/A/Frameworks/SpeechRecognition.framework/Versions/A/SpeechRecognition
0x00007ff80930a000 	/System/Library/PrivateFrameworks/CoreUI.framework/Versions/A/CoreUI
0x00007ff802d53000 	/System/Library/Frameworks/CoreAudio.framework/Versions/A/CoreAudio
0x00007ff80886f000 	/System/Library/Frameworks/DiskArbitration.framework/Versions/A/DiskArbitration
0x00007ff80fcad000 	/System/Library/PrivateFrameworks/MultitouchSupport.framework/Versions/A/MultitouchSupport
0x00007ff805ea2000 	/usr/lib/libenergytrace.dylib
0x00007ff81fd67000 	/System/Library/PrivateFrameworks/RenderBox.framework/Versions/A/RenderBox
0x00007ff803e55000 	/System/Library/Frameworks/IOKit.framework/Versions/A/IOKit
0x00007ff81551d000 	/System/Library/Frameworks/CoreServices.framework/Versions/A/CoreServices
0x00007ff80956f000 	/System/Library/PrivateFrameworks/PerformanceAnalysis.framework/Versions/A/PerformanceAnalysis
0x00007ffa1d0b7000 	/System/Library/Frameworks/OpenGL.framework/Versions/A/OpenGL
0x00007ff809623000 	/usr/lib/libxml2.2.dylib
0x00007ff80cd09000 	/System/Library/PrivateFrameworks/MobileKeyBag.framework/Versions/A/MobileKeyBag
0x00007ff815499000 	/System/Library/Frameworks/Accessibility.framework/Versions/A/Accessibility
0x00007ff806b6a000 	/System/Library/Frameworks/ColorSync.framework/Versions/A/ColorSync
0x00007ff8008d3000 	/System/Library/Frameworks/CoreFoundation.framework/Versions/A/CoreFoundation
0x00007ff80b962000 	/System/Library/Frameworks/CoreImage.framework/Versions/A/CoreImage
0x00007ff802b4c000 	/System/Library/Frameworks/CoreText.framework/Versions/A/CoreText
0x00007ffb05068000 	/System/Library/Frameworks/CoreTransferable.framework/Versions/A/CoreTransferable
0x00007ffb0546d000 	/System/Library/Frameworks/DeveloperToolsSupport.framework/Versions/A/DeveloperToolsSupport
0x00007ff80b62a000 	/System/Library/Frameworks/ImageIO.framework/Versions/A/ImageIO
0x00007ffb09801000 	/System/Library/Frameworks/Symbols.framework/Versions/A/Symbols
0x00007ff80db1e000 	/System/Library/PrivateFrameworks/SoftLinking.framework/Versions/A/SoftLinking
0x00007ff810f1b000 	/usr/lib/swift/libswiftCore.dylib
0x00007ff90719c000 	/usr/lib/swift/libswiftCoreFoundation.dylib
0x00007ff904df5000 	/usr/lib/swift/libswiftCoreGraphics.dylib
0x00007ff9071da000 	/usr/lib/swift/libswiftCoreImage.dylib
0x00007ff904dfc000 	/usr/lib/swift/libswiftDarwin.dylib
0x00007ff816e89000 	/usr/lib/swift/libswiftDispatch.dylib
0x00007ff9071db000 	/usr/lib/swift/libswiftIOKit.dylib
0x00007ff913257000 	/usr/lib/swift/libswiftMetal.dylib
0x00007ffa008f9000 	/usr/lib/swift/libswiftOSLog.dylib
0x00007ff819683000 	/usr/lib/swift/libswiftObjectiveC.dylib
0x00007ff917819000 	/usr/lib/swift/libswiftQuartzCore.dylib
0x00007ff91b927000 	/usr/lib/swift/libswiftUniformTypeIdentifiers.dylib
0x00007ff9071ac000 	/usr/lib/swift/libswiftXPC.dylib
0x00007ffc19972000 	/usr/lib/swift/libswift_Concurrency.dylib
0x00007ff819687000 	/usr/lib/swift/libswiftos.dylib
0x00007ff90a53c000 	/usr/lib/swift/libswiftsimd.dylib
0x00007ff80dcb8000 	/usr/lib/libcompression.dylib
0x00007ff810449000 	/System/Library/PrivateFrameworks/TextureIO.framework/Versions/A/TextureIO
0x00007ff80f378000 	/usr/lib/libate.dylib
0x00007ff80f120000 	/usr/lib/liblzma.5.dylib
0x00007ff80db1b000 	/usr/lib/libfakelink.dylib
0x00007ff805ada000 	/System/Library/Frameworks/CFNetwork.framework/Versions/A/CFNetwork
0x00007ff80db6d000 	/usr/lib/libarchive.2.dylib
0x00007ff813391000 	/System/Library/Frameworks/Combine.framework/Versions/A/Combine
0x00007ffb0ee93000 	/System/Library/PrivateFrameworks/CollectionsInternal.framework/Versions/A/CollectionsInternal
0x00007ffc0440e000 	/System/Library/PrivateFrameworks/ReflectionInternal.framework/Versions/A/ReflectionInternal
0x00007ffc0498e000 	/System/Library/PrivateFrameworks/RuntimeInternal.framework/Versions/A/RuntimeInternal
0x00007ffc19aad000 	/usr/lib/swift/libswift_StringProcessing.dylib
0x00007ff803dd3000 	/System/Library/PrivateFrameworks/CoreServicesInternal.framework/Versions/A/CoreServicesInternal
0x00007ff80ce0a000 	/usr/lib/libbsm.0.dylib
0x00007ff80dab6000 	/usr/lib/system/libkxld.dylib
0x00007ff8095a2000 	/System/Library/Frameworks/CoreServices.framework/Versions/A/Frameworks/FSEvents.framework/Versions/A/FSEvents
0x00007ff803ad8000 	/System/Library/Frameworks/CoreServices.framework/Versions/A/Frameworks/CarbonCore.framework/Versions/A/CarbonCore
0x00007ff8087d7000 	/System/Library/Frameworks/CoreServices.framework/Versions/A/Frameworks/Metadata.framework/Versions/A/Metadata
0x00007ff80d70d000 	/System/Library/Frameworks/CoreServices.framework/Versions/A/Frameworks/OSServices.framework/Versions/A/OSServices
0x00007ff80dbf6000 	/System/Library/Frameworks/CoreServices.framework/Versions/A/Frameworks/SearchKit.framework/Versions/A/SearchKit
0x00007ff807a40000 	/System/Library/Frameworks/CoreServices.framework/Versions/A/Frameworks/AE.framework/Versions/A/AE
0x00007ff800d6e000 	/System/Library/Frameworks/CoreServices.framework/Versions/A/Frameworks/LaunchServices.framework/Versions/A/LaunchServices
0x00007ff80f0d1000 	/System/Library/Frameworks/CoreServices.framework/Versions/A/Frameworks/DictionaryServices.framework/Versions/A/DictionaryServices
0x00007ff8095af000 	/System/Library/Frameworks/CoreServices.framework/Versions/A/Frameworks/SharedFileList.framework/Versions/A/SharedFileList
0x00007ff80dc81000 	/usr/lib/libapple_nghttp2.dylib
0x00007ff8076ac000 	/usr/lib/libsqlite3.dylib
0x00007ff807ac2000 	/System/Library/Frameworks/Network.framework/Versions/A/Network
0x00007ffc18322000 	/usr/lib/libCoreEntitlements.dylib
0x00007ffb1fa69000 	/System/Library/PrivateFrameworks/MessageSecurity.framework/Versions/A/MessageSecurity
0x00007ff807693000 	/System/Library/PrivateFrameworks/ProtocolBuffer.framework/Versions/A/ProtocolBuffer
0x00007ff80d62a000 	/System/Library/PrivateFrameworks/AppleFSCompression.framework/Versions/A/AppleFSCompression
0x00007ff80cdf2000 	/usr/lib/libcoretls.dylib
0x00007ff80f13f000 	/usr/lib/libcoretls_cfhelpers.dylib
0x00007ff80dcb2000 	/usr/lib/libpam.2.dylib
0x00007ff80f1b8000 	/usr/lib/libxar.1.dylib
0x00007ff80f6ae000 	/usr/lib/libheimdal-asn1.dylib
0x00007ff805ad9000 	/usr/lib/libnetwork.dylib
0x00007ff80db1f000 	/usr/lib/libpcap.A.dylib
0x00007ff807ab0000 	/usr/lib/libdns_services.dylib
0x00007ff80bdf0000 	/System/Library/PrivateFrameworks/AppleSystemInfo.framework/Versions/A/AppleSystemInfo
0x00007ff80cb0a000 	/System/Library/PrivateFrameworks/IOMobileFramebuffer.framework/Versions/A/IOMobileFramebuffer
0x00007ffc199ff000 	/usr/lib/swift/libswift_RegexParser.dylib
0x00007ff80d6f8000 	/usr/lib/libbz2.1.0.dylib
0x00007ff80cde8000 	/usr/lib/libCheckFix.dylib
0x00007ff805f2c000 	/System/Library/PrivateFrameworks/TCC.framework/Versions/A/TCC
0x00007ff80bdf7000 	/System/Library/PrivateFrameworks/CoreNLP.framework/Versions/A/CoreNLP
0x00007ff808791000 	/System/Library/PrivateFrameworks/MetadataUtilities.framework/Versions/A/MetadataUtilities
0x00007ff80ce1a000 	/usr/lib/libmecab.dylib
0x00007ff8015d8000 	/usr/lib/libCRFSuite.dylib
0x00007ff80ce73000 	/usr/lib/libgermantok.dylib
0x00007ff80dc5c000 	/usr/lib/libThaiTokenizer.dylib
0x00007ff808877000 	/System/Library/Frameworks/Accelerate.framework/Versions/A/Frameworks/vImage.framework/Versions/A/vImage
0x00007ff8154f3000 	/System/Library/Frameworks/Accelerate.framework/Versions/A/Frameworks/vecLib.framework/Versions/A/vecLib
0x00007ff80f1fa000 	/System/Library/Frameworks/Accelerate.framework/Versions/A/Frameworks/vecLib.framework/Versions/A/libvMisc.dylib
0x00007ff80c8f9000 	/System/Library/Frameworks/Accelerate.framework/Versions/A/Frameworks/vecLib.framework/Versions/A/libvDSP.dylib
0x00007ff80117b000 	/System/Library/Frameworks/Accelerate.framework/Versions/A/Frameworks/vecLib.framework/Versions/A/libBLAS.dylib
0x00007ff80dd9a000 	/System/Library/Frameworks/Accelerate.framework/Versions/A/Frameworks/vecLib.framework/Versions/A/libLAPACK.dylib
0x00007ff80ce76000 	/System/Library/Frameworks/Accelerate.framework/Versions/A/Frameworks/vecLib.framework/Versions/A/libLinearAlgebra.dylib
0x00007ff80dc9c000 	/System/Library/Frameworks/Accelerate.framework/Versions/A/Frameworks/vecLib.framework/Versions/A/libSparseBLAS.dylib
0x00007ff80dd94000 	/System/Library/Frameworks/Accelerate.framework/Versions/A/Frameworks/vecLib.framework/Versions/A/libQuadrature.dylib
0x00007ff80bf0d000 	/System/Library/Frameworks/Accelerate.framework/Versions/A/Frameworks/vecLib.framework/Versions/A/libBNNS.dylib
0x00007ff8014d9000 	/System/Library/Frameworks/Accelerate.framework/Versions/A/Frameworks/vecLib.framework/Versions/A/libSparse.dylib
0x00007ffb1e30e000 	/System/Library/PrivateFrameworks/MIL.framework/Versions/A/MIL
0x00007ff80db55000 	/usr/lib/libiconv.2.dylib
0x00007ff80daaf000 	/usr/lib/libcharset.1.dylib
0x00007ff809586000 	/System/Library/Frameworks/OpenDirectory.framework/Versions/A/Frameworks/CFOpenDirectory.framework/Versions/A/CFOpenDirectory
0x00007ff80957a000 	/System/Library/Frameworks/OpenDirectory.framework/Versions/A/OpenDirectory
0x00007ff80f141000 	/System/Library/PrivateFrameworks/APFS.framework/Versions/A/APFS
0x00007ff80cd2d000 	/System/Library/Frameworks/SecurityFoundation.framework/Versions/A/SecurityFoundation
0x00007ff80f1c6000 	/usr/lib/libutil.dylib
0x00007ffb1c70e000 	/System/Library/PrivateFrameworks/InstalledContentLibrary.framework/Versions/A/InstalledContentLibrary
0x00007ff803e15000 	/System/Library/PrivateFrameworks/CoreServicesStore.framework/Versions/A/CoreServicesStore
0x00007ffb0ca8a000 	/System/Library/PrivateFrameworks/AppleMobileFileIntegrity.framework/Versions/A/AppleMobileFileIntegrity
0x00007ff90716e000 	/usr/lib/libmis.dylib
0x00007ff917cf5000 	/System/Library/PrivateFrameworks/MobileSystemServices.framework/Versions/A/MobileSystemServices
0x00007ffa153c6000 	/System/Library/PrivateFrameworks/ConfigProfileHelper.framework/Versions/A/ConfigProfileHelper
0x00007ff80dc5e000 	/System/Library/PrivateFrameworks/AppleSauce.framework/Versions/A/AppleSauce
0x00007ff8024d9000 	/System/Library/PrivateFrameworks/LanguageModeling.framework/Versions/A/LanguageModeling
0x00007ff80f1ca000 	/usr/lib/libxslt.1.dylib
0x00007ff80db5c000 	/usr/lib/libcmph.dylib
0x00007ff80cad8000 	/System/Library/PrivateFrameworks/CoreEmoji.framework/Versions/A/CoreEmoji
0x00007ff80bf07000 	/System/Library/PrivateFrameworks/LinguisticData.framework/Versions/A/LinguisticData
0x00007ff8013f0000 	/System/Library/PrivateFrameworks/Lexicon.framework/Versions/A/Lexicon
0x00007ff80cdb6000 	/System/Library/PrivateFrameworks/BackgroundTaskManagement.framework/Versions/A/BackgroundTaskManagement
0x00007ffc18491000 	/usr/lib/libTLE.dylib
0x00007ff80fb71000 	/System/Library/PrivateFrameworks/AppleJPEG.framework/Versions/A/AppleJPEG
0x00007ff80f693000 	/usr/lib/libexpat.1.dylib
0x00007ff8102a0000 	/System/Library/Frameworks/ImageIO.framework/Versions/A/Resources/libPng.dylib
0x00007ff8102cd000 	/System/Library/Frameworks/ImageIO.framework/Versions/A/Resources/libTIFF.dylib
0x00007ff8103c3000 	/System/Library/Frameworks/ImageIO.framework/Versions/A/Resources/libGIF.dylib
0x00007ff80fbbd000 	/System/Library/Frameworks/ImageIO.framework/Versions/A/Resources/libJP2.dylib
0x00007ff810362000 	/System/Library/Frameworks/ImageIO.framework/Versions/A/Resources/libJPEG.dylib
0x00007ff810359000 	/System/Library/Frameworks/ImageIO.framework/Versions/A/Resources/libRadiance.dylib
0x00007ff80b1de000 	/System/Library/PrivateFrameworks/FontServices.framework/libFontParser.dylib
0x00007ff8079dd000 	/System/Library/PrivateFrameworks/RunningBoardServices.framework/Versions/A/RunningBoardServices
0x00007ff81c119000 	/System/Library/PrivateFrameworks/IOSurfaceAccelerator.framework/Versions/A/IOSurfaceAccelerator
0x00007ff80fcab000 	/System/Library/PrivateFrameworks/WatchdogClient.framework/Versions/A/WatchdogClient
0x00007ff8026a6000 	/System/Library/Frameworks/CoreDisplay.framework/Versions/A/CoreDisplay
0x00007ff80b0ad000 	/System/Library/Frameworks/CoreMedia.framework/Versions/A/CoreMedia
0x00007ff80ae4f000 	/System/Library/PrivateFrameworks/IOAccelerator.framework/Versions/A/IOAccelerator
0x00007ff809703000 	/System/Library/Frameworks/CoreVideo.framework/Versions/A/CoreVideo
0x00007ff80dcb0000 	/System/Library/Frameworks/MetalPerformanceShaders.framework/Versions/A/MetalPerformanceShaders
0x00007ff80fcea000 	/System/Library/Frameworks/VideoToolbox.framework/Versions/A/VideoToolbox
0x00007ff809790000 	/System/Library/PrivateFrameworks/UserManagement.framework/Versions/A/UserManagement
0x00007ff807906000 	/System/Library/PrivateFrameworks/BaseBoard.framework/Versions/A/BaseBoard
0x00007ff80bdef000 	/System/Library/PrivateFrameworks/AggregateDictionary.framework/Versions/A/AggregateDictionary
0x00007ffb0c888000 	/System/Library/PrivateFrameworks/AppleKeyStore.framework/Versions/A/AppleKeyStore
0x00007ff810352000 	/System/Library/PrivateFrameworks/GPUWrangler.framework/Versions/A/GPUWrangler
0x00007ff810336000 	/System/Library/PrivateFrameworks/IOPresentment.framework/Versions/A/IOPresentment
0x00007ff81035c000 	/System/Library/PrivateFrameworks/DSExternalDisplay.framework/Versions/A/DSExternalDisplay
0x00007ffb186d0000 	/System/Library/PrivateFrameworks/GPUCompiler.framework/Versions/32023/Libraries/libllvm-flatbuffers.dylib
0x00007ffa1d0ab000 	/System/Library/Frameworks/OpenGL.framework/Versions/A/Libraries/libCoreFSCache.dylib
0x00007ffb15856000 	/System/Library/PrivateFrameworks/GPUCompiler.framework/Versions/32023/Libraries/libGPUCompilerUtils.dylib
0x00007ff8103c9000 	/System/Library/PrivateFrameworks/CMCaptureCore.framework/Versions/A/CMCaptureCore
0x00007ffb05569000 	/System/Library/Frameworks/ExtensionFoundation.framework/Versions/A/ExtensionFoundation
0x00007ff8176da000 	/System/Library/PrivateFrameworks/CoreTime.framework/Versions/A/CoreTime
0x00007ff80f85e000 	/System/Library/PrivateFrameworks/AppServerSupport.framework/Versions/A/AppServerSupport
0x00007ff811e05000 	/System/Library/PrivateFrameworks/perfdata.framework/Versions/A/perfdata
0x00007ff8027d4000 	/System/Library/PrivateFrameworks/AudioToolboxCore.framework/Versions/A/AudioToolboxCore
0x00007ff80b087000 	/System/Library/PrivateFrameworks/caulk.framework/Versions/A/caulk
0x00007ff81169d000 	/usr/lib/libAudioStatistics.dylib
0x00007ff90650d000 	/System/Library/PrivateFrameworks/SystemPolicy.framework/Versions/A/SystemPolicy
0x00007ff81195f000 	/usr/lib/libSMC.dylib
0x00007ff81b7a2000 	/System/Library/Frameworks/CoreMIDI.framework/Versions/A/CoreMIDI
0x00007ff810267000 	/usr/lib/libAudioToolboxUtility.dylib
0x00007ff901b07000 	/System/Library/PrivateFrameworks/OSAServicesClient.framework/Versions/A/OSAServicesClient
0x00007ff811e13000 	/usr/lib/libperfcheck.dylib
0x00007ff817185000 	/System/Library/PrivateFrameworks/BoardServices.framework/Versions/A/BoardServices
0x00007ff80f573000 	/System/Library/PrivateFrameworks/PlugInKit.framework/Versions/A/PlugInKit
0x00007ff80cd20000 	/System/Library/PrivateFrameworks/AssertionServices.framework/Versions/A/AssertionServices
0x00007ffa03c31000 	/System/Library/PrivateFrameworks/Symbolication.framework/Versions/A/Symbolication
0x00007ffc033ae000 	/System/Library/PrivateFrameworks/PhotosensitivityProcessing.framework/Versions/A/PhotosensitivityProcessing
0x00007ffa1e6cd000 	/System/Library/Frameworks/OpenCL.framework/Versions/A/OpenCL
0x00007ff80f809000 	/System/Library/PrivateFrameworks/GraphVisualizer.framework/Versions/A/GraphVisualizer
0x00007ffa1d108000 	/System/Library/Frameworks/OpenGL.framework/Versions/A/Libraries/libGLU.dylib
0x00007ffa1d0ca000 	/System/Library/Frameworks/OpenGL.framework/Versions/A/Libraries/libGFXShared.dylib
0x00007ffa1d2c6000 	/System/Library/Frameworks/OpenGL.framework/Versions/A/Libraries/libGL.dylib
0x00007ffa1d0d2000 	/System/Library/Frameworks/OpenGL.framework/Versions/A/Libraries/libGLImage.dylib
0x00007ffa1d0c7000 	/System/Library/Frameworks/OpenGL.framework/Versions/A/Libraries/libCVMSPluginSupport.dylib
0x00007ffc1844d000 	/usr/lib/libRosetta.dylib
0x00007ffa1d0b2000 	/System/Library/Frameworks/OpenGL.framework/Versions/A/Libraries/libCoreVMClient.dylib
0x00007ffb13bb9000 	/System/Library/PrivateFrameworks/FontServices.framework/Versions/A/FontServices
0x00007ff80f818000 	/System/Library/PrivateFrameworks/OTSVG.framework/Versions/A/OTSVG
0x00007ff8092be000 	/System/Library/Frameworks/ApplicationServices.framework/Versions/A/Frameworks/ATS.framework/Versions/A/Resources/libFontRegistry.dylib
0x00007ff80f869000 	/System/Library/PrivateFrameworks/FontServices.framework/libhvf.dylib
0x00007ffb13bba000 	/System/Library/PrivateFrameworks/FontServices.framework/libXTFontStaticRegistryData.dylib
0x00007ff80bd2e000 	/System/Library/Frameworks/MetalPerformanceShaders.framework/Versions/A/Frameworks/MPSCore.framework/Versions/A/MPSCore
0x00007ff80d584000 	/System/Library/Frameworks/MetalPerformanceShaders.framework/Versions/A/Frameworks/MPSImage.framework/Versions/A/MPSImage
0x00007ff80ce8c000 	/System/Library/Frameworks/MetalPerformanceShaders.framework/Versions/A/Frameworks/MPSNeuralNetwork.framework/Versions/A/MPSNeuralNetwork
0x00007ff80d3fb000 	/System/Library/Frameworks/MetalPerformanceShaders.framework/Versions/A/Frameworks/MPSMatrix.framework/Versions/A/MPSMatrix
0x00007ff80d1ad000 	/System/Library/Frameworks/MetalPerformanceShaders.framework/Versions/A/Frameworks/MPSRayIntersector.framework/Versions/A/MPSRayIntersector
0x00007ff80d43a000 	/System/Library/Frameworks/MetalPerformanceShaders.framework/Versions/A/Frameworks/MPSNDArray.framework/Versions/A/MPSNDArray
0x00007ffb06d7e000 	/System/Library/Frameworks/MetalPerformanceShaders.framework/Versions/A/Frameworks/MPSFunctions.framework/Versions/A/MPSFunctions
0x00007ffb06d61000 	/System/Library/Frameworks/MetalPerformanceShaders.framework/Versions/A/Frameworks/MPSBenchmarkLoop.framework/Versions/A/MPSBenchmarkLoop
0x00007ff80102b000 	/System/Library/PrivateFrameworks/MetalTools.framework/Versions/A/MetalTools
0x00007ff90b8a9000 	/System/Library/PrivateFrameworks/IOAccelMemoryInfo.framework/Versions/A/IOAccelMemoryInfo
0x00007ff917bf5000 	/System/Library/PrivateFrameworks/kperf.framework/Versions/A/kperf
0x00007ff907190000 	/System/Library/PrivateFrameworks/GPURawCounter.framework/Versions/A/GPURawCounter
0x00007ff8175af000 	/System/Library/PrivateFrameworks/CoreSymbolication.framework/Versions/A/CoreSymbolication
0x00007ff907140000 	/System/Library/PrivateFrameworks/MallocStackLogging.framework/Versions/A/MallocStackLogging
0x00007ff80f418000 	/System/Library/PrivateFrameworks/CrashReporterSupport.framework/Versions/A/CrashReporterSupport
0x00007ff817570000 	/System/Library/PrivateFrameworks/DebugSymbols.framework/Versions/A/DebugSymbols
0x00007ff9165fa000 	/System/Library/PrivateFrameworks/OSAnalytics.framework/Versions/A/OSAnalytics
0x00007ffc0f754000 	/System/Library/PrivateFrameworks/VideoToolboxParavirtualizationSupport.framework/Versions/A/VideoToolboxParavirtualizationSupport
0x00007ff80f645000 	/System/Library/PrivateFrameworks/AppleVA.framework/Versions/A/AppleVA
0x00007ff8116dd000 	/System/Library/Frameworks/ApplicationServices.framework/Versions/A/Frameworks/ATS.framework/Versions/A/ATS
0x00007ff806d16000 	/System/Library/Frameworks/ApplicationServices.framework/Versions/A/Frameworks/HIServices.framework/Versions/A/HIServices
0x00007ff8103d7000 	/System/Library/Frameworks/ApplicationServices.framework/Versions/A/Frameworks/PrintCore.framework/Versions/A/PrintCore
0x00007ff811ab3000 	/System/Library/Frameworks/ApplicationServices.framework/Versions/A/Frameworks/QD.framework/Versions/A/QD
0x00007ff811aac000 	/System/Library/Frameworks/ApplicationServices.framework/Versions/A/Frameworks/ColorSyncLegacy.framework/Versions/A/ColorSyncLegacy
0x00007ff8116b3000 	/System/Library/Frameworks/ApplicationServices.framework/Versions/A/Frameworks/SpeechSynthesis.framework/Versions/A/SpeechSynthesis
0x00007ff810393000 	/System/Library/Frameworks/ApplicationServices.framework/Versions/A/Frameworks/ATSUI.framework/Versions/A/ATSUI
0x00007ff811a3e000 	/usr/lib/libcups.2.dylib
0x00007ff811e22000 	/System/Library/Frameworks/Kerberos.framework/Versions/A/Kerberos
0x00007ff811e31000 	/System/Library/Frameworks/GSS.framework/Versions/A/GSS
0x00007ff811756000 	/usr/lib/libresolv.9.dylib
0x00007ff80f87b000 	/System/Library/PrivateFrameworks/Heimdal.framework/Versions/A/Heimdal
0x00007ff8195f5000 	/System/Library/Frameworks/Kerberos.framework/Versions/A/Libraries/libHeimdalProxy.dylib
0x00007ff811e7f000 	/System/Library/PrivateFrameworks/CommonAuth.framework/Versions/A/CommonAuth
0x00007ffb0449d000 	/System/Library/Frameworks/AVFAudio.framework/Versions/A/AVFAudio
0x00007ff901b4e000 	/System/Library/PrivateFrameworks/AXCoreUtilities.framework/Versions/A/AXCoreUtilities
0x00007ffb1daac000 	/System/Library/PrivateFrameworks/IsolatedCoreAudioClient.framework/Versions/A/IsolatedCoreAudioClient
0x00007ff811624000 	/System/Library/PrivateFrameworks/AudioSession.framework/Versions/A/AudioSession
0x00007ff813156000 	/System/Library/Frameworks/IOBluetooth.framework/Versions/A/IOBluetooth
0x00007ff80f753000 	/System/Library/PrivateFrameworks/MediaExperience.framework/Versions/A/MediaExperience
0x00007ff811476000 	/System/Library/PrivateFrameworks/AudioSession.framework/libSessionUtility.dylib
0x00007ff811abe000 	/System/Library/PrivateFrameworks/AudioResourceArbitration.framework/Versions/A/AudioResourceArbitration
0x00007ff81621b000 	/System/Library/PrivateFrameworks/PowerLog.framework/Versions/A/PowerLog
0x00007ff816138000 	/System/Library/Frameworks/CoreBluetooth.framework/Versions/A/CoreBluetooth
0x00007ff8195f6000 	/System/Library/Frameworks/AudioUnit.framework/Versions/A/AudioUnit
0x00007ff80cb92000 	/System/Library/PrivateFrameworks/CoreUtils.framework/Versions/A/CoreUtils
0x00007ffb120e0000 	/System/Library/PrivateFrameworks/CoreUtilsExtras.framework/Versions/A/CoreUtilsExtras
0x00007ffb1c5a2000 	/System/Library/PrivateFrameworks/IO80211.framework/Versions/A/IO80211
0x00007ff8170c7000 	/System/Library/PrivateFrameworks/FrontBoardServices.framework/Versions/A/FrontBoardServices
0x00007ff818bda000 	/System/Library/PrivateFrameworks/BackBoardServices.framework/Versions/A/BackBoardServices
0x00007ff80f6b7000 	/System/Library/PrivateFrameworks/IconFoundation.framework/Versions/A/IconFoundation
0x00007ff815138000 	/System/Library/PrivateFrameworks/SpeechRecognitionCore.framework/Versions/A/SpeechRecognitionCore
0x00007ff901b67000 	/usr/lib/libAccessibility.dylib
0x00007ff81582e000 	/System/Library/Frameworks/MediaAccessibility.framework/Versions/A/MediaAccessibility
0x00007ffa075b8000 	/System/Library/Frameworks/OSLog.framework/Versions/A/OSLog
0x00007ff9070cb000 	/System/Library/PrivateFrameworks/LoggingSupport.framework/Versions/A/LoggingSupport
0x000000010737f000 	/Applications/SpringToolSuite4.app/Contents/Eclipse/plugins/org.eclipse.justj.openjdk.hotspot.jre.full.macosx.x86_64_17.0.8.v20230831-1047/jre/lib/server/libjvm.dylib
0x0000000105cd7000 	/Applications/SpringToolSuite4.app/Contents/Eclipse/plugins/org.eclipse.justj.openjdk.hotspot.jre.full.macosx.x86_64_17.0.8.v20230831-1047/jre/lib/libjimage.dylib
0x0000000105d0e000 	/Applications/SpringToolSuite4.app/Contents/Eclipse/plugins/org.eclipse.justj.openjdk.hotspot.jre.full.macosx.x86_64_17.0.8.v20230831-1047/jre/lib/libjava.dylib
0x0000000105cfd000 	/Applications/SpringToolSuite4.app/Contents/Eclipse/plugins/org.eclipse.justj.openjdk.hotspot.jre.full.macosx.x86_64_17.0.8.v20230831-1047/jre/lib/libzip.dylib
0x0000000105fa9000 	/Applications/SpringToolSuite4.app/Contents/Eclipse/plugins/org.eclipse.justj.openjdk.hotspot.jre.full.macosx.x86_64_17.0.8.v20230831-1047/jre/lib/libnio.dylib
0x0000000105fd8000 	/Applications/SpringToolSuite4.app/Contents/Eclipse/plugins/org.eclipse.justj.openjdk.hotspot.jre.full.macosx.x86_64_17.0.8.v20230831-1047/jre/lib/libnet.dylib
0x0000000105f9d000 	/private/var/folders/xq/b33t013d5qjdcp1_6zjmhygh0000gn/T/jansi-2.4.0-ea50b26e22673ce9-libjansi.jnilib
0x0000000105ff2000 	/Applications/SpringToolSuite4.app/Contents/Eclipse/plugins/org.eclipse.justj.openjdk.hotspot.jre.full.macosx.x86_64_17.0.8.v20230831-1047/jre/lib/libverify.dylib
0x0000000105fbe000 	/Applications/SpringToolSuite4.app/Contents/Eclipse/plugins/org.eclipse.justj.openjdk.hotspot.jre.full.macosx.x86_64_17.0.8.v20230831-1047/jre/lib/libextnet.dylib


VM Arguments:
jvm_args: -Dmaven.home=EMBEDDED -Dclassworlds.conf=/Users/ardaakkan/Documents/workspace-spring-tool-suite-4-4.20.0.RELEASE/.metadata/.plugins/org.eclipse.m2e.launching/launches/m2conf16742260118501139148.tmp -Dmaven.multiModuleProjectDirectory=/Users/ardaakkan/Downloads/spring-microservices-v2-main/04.docker/naming-server -Dm2e.build.project.data.socket.port=55248 -Dfile.encoding=UTF-8 -Dstdout.encoding=UTF-8 -Dstderr.encoding=UTF-8 -XX:+ShowCodeDetailsInExceptionMessages 
java_command: org.codehaus.plexus.classworlds.launcher.Launcher -B -Dstyle.color=always clean install
java_class_path (initial): /Applications/SpringToolSuite4.app/Contents/Eclipse/plugins/org.eclipse.m2e.maven.runtime_3.9.400.20230826-0755/jars/plexus-classworlds-2.7.0.jar
Launcher Type: SUN_STANDARD

[Global flags]
     intx CICompilerCount                          = 4                                         {product} {ergonomic}
     uint ConcGCThreads                            = 3                                         {product} {ergonomic}
     uint G1ConcRefinementThreads                  = 10                                        {product} {ergonomic}
   size_t G1HeapRegionSize                         = 2097152                                   {product} {ergonomic}
    uintx GCDrainStackTargetSize                   = 64                                        {product} {ergonomic}
   size_t InitialHeapSize                          = 268435456                                 {product} {ergonomic}
   size_t MarkStackSize                            = 4194304                                   {product} {ergonomic}
   size_t MaxHeapSize                              = 4294967296                                {product} {ergonomic}
   size_t MaxNewSize                               = 2575302656                                {product} {ergonomic}
   size_t MinHeapDeltaBytes                        = 2097152                                   {product} {ergonomic}
   size_t MinHeapSize                              = 8388608                                   {product} {ergonomic}
    uintx NonNMethodCodeHeapSize                   = 5839372                                {pd product} {ergonomic}
    uintx NonProfiledCodeHeapSize                  = 122909434                              {pd product} {ergonomic}
    uintx ProfiledCodeHeapSize                     = 122909434                              {pd product} {ergonomic}
    uintx ReservedCodeCacheSize                    = 251658240                              {pd product} {ergonomic}
     bool SegmentedCodeCache                       = true                                      {product} {ergonomic}
     bool ShowCodeDetailsInExceptionMessages       = true                                   {manageable} {command line}
   size_t SoftMaxHeapSize                          = 4294967296                             {manageable} {ergonomic}
     bool UseCompressedClassPointers               = true                           {product lp64_product} {ergonomic}
     bool UseCompressedOops                        = true                           {product lp64_product} {ergonomic}
     bool UseG1GC                                  = true                                      {product} {ergonomic}
     bool UseNUMA                                  = false                                     {product} {ergonomic}
     bool UseNUMAInterleaving                      = false                                     {product} {ergonomic}

Logging:
Log output configuration:
 #0: stdout all=warning uptime,level,tags
 #1: stderr all=off uptime,level,tags

Environment Variables:
PATH=/usr/bin:/bin:/usr/sbin:/sbin
SHELL=/bin/zsh
TMPDIR=/var/folders/xq/b33t013d5qjdcp1_6zjmhygh0000gn/T/

Active Locale:
LC_ALL=C
LC_COLLATE=C
LC_CTYPE=C
LC_MESSAGES=C
LC_MONETARY=C
LC_NUMERIC=C
LC_TIME=C

Signal Handlers:
   SIGSEGV: crash_handler in libjvm.dylib, mask=11100110000111110111111111111111, flags=SA_RESTART|SA_SIGINFO, unblocked
    SIGBUS: crash_handler in libjvm.dylib, mask=11100110000111110111111111111111, flags=SA_RESTART|SA_SIGINFO, unblocked
    SIGFPE: crash_handler in libjvm.dylib, mask=11100110000111110111111111111111, flags=SA_RESTART|SA_SIGINFO, unblocked
   SIGPIPE: javaSignalHandler in libjvm.dylib, mask=11100110000111110111111111111111, flags=SA_RESTART|SA_SIGINFO, blocked
   SIGXFSZ: javaSignalHandler in libjvm.dylib, mask=11100110000111110111111111111111, flags=SA_RESTART|SA_SIGINFO, blocked
    SIGILL: crash_handler in libjvm.dylib, mask=11100110000111110111111111111111, flags=SA_RESTART|SA_SIGINFO, unblocked
   SIGUSR2: SR_handler in libjvm.dylib, mask=00100000000000000000000000000000, flags=SA_RESTART|SA_SIGINFO, blocked
    SIGHUP: UserHandler in libjvm.dylib, mask=11100110000111110111111111111111, flags=SA_RESTART|SA_SIGINFO, blocked
    SIGINT: UserHandler in libjvm.dylib, mask=11100110000111110111111111111111, flags=SA_RESTART|SA_SIGINFO, blocked
   SIGTERM: UserHandler in libjvm.dylib, mask=11100110000111110111111111111111, flags=SA_RESTART|SA_SIGINFO, blocked
   SIGQUIT: UserHandler in libjvm.dylib, mask=11100110000111110111111111111111, flags=SA_RESTART|SA_SIGINFO, blocked
   SIGTRAP: crash_handler in libjvm.dylib, mask=11100110000111110111111111111111, flags=SA_RESTART|SA_SIGINFO, unblocked


---------------  S Y S T E M  ---------------

OS:
uname: Darwin 23.6.0 Darwin Kernel Version 23.6.0: Mon Jul 29 21:13:00 PDT 2024; root:xnu-10063.141.2~1/RELEASE_X86_64 x86_64
OS uptime: 1 days 21:06 hours
rlimit (soft/hard): STACK 8192k/65532k , CORE 0k/infinity , NPROC 2784/4176 , NOFILE 10240/infinity , AS infinity/infinity , CPU infinity/infinity , DATA infinity/infinity , FSIZE infinity/infinity , MEMLOCK infinity/infinity , RSS infinity/infinity
load average: 3.11 3.20 2.79

CPU: total 12 (initial active 12) (6 cores per cpu, 2 threads per core) family 6 model 158 stepping 10 microcode 0xf8, cx8, cmov, fxsr, ht, mmx, 3dnowpref, sse, sse2, sse3, ssse3, sse4.1, sse4.2, popcnt, lzcnt, tsc, tscinvbit, avx, avx2, aes, erms, clmul, bmi1, bmi2, adx, fma, vzeroupper, clflush, clflushopt
machdep.cpu.brand_string:Intel(R) Core(TM) i7-9750H CPU @ 2.60GHz
hw.cpufrequency:2600000000
hw.cpufrequency_min:2600000000
hw.cpufrequency_max:2600000000
hw.cachelinesize:64
hw.l1icachesize:32768
hw.l1dcachesize:32768
hw.l2cachesize:262144
hw.l3cachesize:12582912

Memory: 4k page, physical 16777216k(118220k free), swap 2097152k(1377536k free)

vm_info: OpenJDK 64-Bit Server VM (17.0.8.1+1) for bsd-amd64 JRE (17.0.8.1+1), built on Aug 23 2023 15:17:19 by "admin" with clang 4.2.1 Compatible Apple LLVM 10.0.1 (clang-1001.0.46.4)

END.
